Action.c(145):     GET /cgi-bin/nav.pl?in=home HTTP/1.1\r\n
Action.c(145):     Referer: http://localhost:1080/cgi-bin/welcome.pl?signOff=1\r\n
Action.c(145):     Sec-Fetch-Dest: frame\r\n
Action.c(145):     Sec-Fetch-Site: same-origin\r\n
Action.c(145):     Sec-Fetch-Mode: navigate\r\n
Action.c(145):     DNT: 1\r\n
Action.c(145):     Sec-GPC: 1\r\n
Action.c(145):     Upgrade-Insecure-Requests: 1\r\n
Action.c(145):     User-Agent: Mozilla/5.0 (Windows NT 10.0; Win64; x64; rv:122.0) Gecko/20100101 Firefox/122
Action.c(145):     .0\r\n
Action.c(145):     Accept-Encoding: gzip, deflate\r\n
Action.c(145):     Accept-Language: ru-RU,ru;q=0.8,en-US;q=0.5,en;q=0.3\r\n
Action.c(145):     Accept: */*\r\n
Action.c(145):     Connection: Keep-Alive\r\n
Action.c(145):     Host: localhost:1080\r\n
Action.c(145):     Cookie: MSO=SID&1707414533\r\n
Action.c(145):     \r\n
Action.c(145): t=266003ms: 256-byte response headers for "http://localhost:1080/cgi-bin/nav.pl?in=home" (RelFrameId=1.1, Internal ID=424)
Action.c(145):     HTTP/1.1 200 OK\r\n
Action.c(145):     Date: Thu, 08 Feb 2024 17:48:53 GMT\r\n
Action.c(145):     Server: Apache/2.2.21 (Win32)\r\n
Action.c(145):     Expires: Wed, 07 Feb 2024 17:48:53 GMT\r\n
Action.c(145):     Keep-Alive: timeout=5, max=100\r\n
Action.c(145):     Connection: Keep-Alive\r\n
Action.c(145):     Transfer-Encoding: chunked\r\n
Action.c(145):     Content-Type: text/html; charset=ISO-8859-1\r\n
Action.c(145):     \r\n
Action.c(145): t=266003ms: 5-byte chunked response overhead for "http://localhost:1080/cgi-bin/nav.pl?in=home" (RelFrameId=1.1, Internal ID=424)
Action.c(145):     5d2\r\n
Action.c(145): t=266003ms: 2-byte chunked response overhead for "http://localhost:1080/cgi-bin/nav.pl?in=home" (RelFrameId=1.1, Internal ID=424)
Action.c(145):     \r\n
Action.c(145): t=266004ms: 1490-byte chunked response body for "http://localhost:1080/cgi-bin/nav.pl?in=home" (RelFrameId=1.1, Internal ID=424)
Action.c(145):     <!DOCTYPE html\n
Action.c(145):     \tPUBLIC "-//W3C//DTD XHTML 1.0 Transitional//EN"\n
Action.c(145):     \t "http://www.w3.org/TR/xhtml1/DTD/xhtml1-transitional.dtd">\n
Action.c(145):     <html xmlns="http://www.w3.org/1999/xhtml" lang="en-US" xml:lang="en-US">\n
Action.c(145):     <head>\n
Action.c(145):     <title>Web Tours Navigation Bar</title>\n
Action.c(145):     <meta http-equiv="Content-Type" content="text/html; charset=iso-8859-1" />\n
Action.c(145):     </head>\n
Action.c(145):     <body bgcolor="#E0E7F1">\n
Action.c(145):     <style>\n
Action.c(145):     blockquote {font-family: tahoma; font-size : 10pt}\n
Action.c(145):     H1 {font-family: tahoma; font-size : 22pt; color: #993333}\n
Action.c(145):     H3 {font-family: tahoma; font-size : 10pt; color: black}\n
Action.c(145):     small {font-family: tahoma; font-size : 8pt}\n
Action.c(145):     </style>\n
Action.c(145):     <form method="post" action="/cgi-bin/login.pl" target="body">\n
Action.c(145):     <input type="hidden" name="userSession" value="138308.184123127HVVtccHpccAiDDDDtczifpDzDDc
Action.c(145):     f"/>\n
Action.c(145):     <table border="0"><tr><td>&nbsp;</td>\n
Action.c(145):     <td>&nbsp;</td></tr>\n
Action.c(145):     <tr><td>&nbsp;</td>\n
Action.c(145):     <td>&nbsp;</td></tr>\n
Action.c(145):     <tr><td>&nbsp;</td>\n
Action.c(145):     <td><small>&nbsp;Username</small></td></tr>\n
Action.c(145):     <tr><td>&nbsp;</td>\n
Action.c(145):     <td><input type="text" name="username" value="" size="14" maxlength="14"/></td></tr>\n
Action.c(145):     <tr><td>&nbsp;</td>\n
Action.c(145):     <td><small>&nbsp;Password</small></td>\n
Action.c(145):     <tr><td>&nbsp;</td>\n
Action.c(145):     <td><input type="password" name="password" value="" size="14" maxlength="14"/></td></tr>\n
Action.c(145):     <tr><td>&nbsp;</td>\n
Action.c(145):     <td>&nbsp;</td></tr>\n
Action.c(145):     <tr><td>&nbsp;</td>\n
Action.c(145):     <td><input type="image" name="login" value="Login" alt="Login" border="1" \n
Action.c(145):     src="/WebTours/images/mer_login.gif"/></td></tr>\n
Action.c(145):     <tr><td>&nbsp;</td><td>&nbsp;</td></tr>\n
Action.c(145):     </table><input type="hidden" name="JSFormSubmit" value="off"/>\n
Action.c(145):     </form>\n
Action.c(145):     \n
Action.c(145):     </body>\n
Action.c(145):     </html>\n
Action.c(145): Resource "http://localhost:1080/WebTours/images/mer_login.gif" is in the cache already and will not be downloaded again  	[MsgId: MMSG-26655]
Action.c(145): t=266008ms: 5-byte chunked response overhead for "http://localhost:1080/cgi-bin/nav.pl?in=home" (RelFrameId=1.1, Internal ID=424)
Action.c(145):     0\r\n
Action.c(145):     \r\n
Action.c(145): t=266008ms: Request done "http://localhost:1080/cgi-bin/nav.pl?in=home"  	[MsgId: MMSG-26000]
Action.c(145): Registered web_reg_find successful for "Text=Welcome to the Web Tours site" (count=1)  	[MsgId: MMSG-26364]
Action.c(145): web_url("SignOff Button") was successful, 2176 body bytes, 584 header bytes, 24 chunking overhead bytes  	[MsgId: MMSG-26385]
Action.c(154): Notify: Transaction "LogOut" ended with a "Pass" status (Duration: 0,1725 Wasted Time: 0,0000).	[MsgId: MMSG-16871]
Action.c(157): Notify: Transaction "UC_4_Tickets" ended with a "Pass" status (Duration: 15,6184 Think Time: 15,0165 Wasted Time: 0,0011).	[MsgId: MMSG-16870]
Ending action Action.	[MsgId: MMSG-15918]
Action was aborted.	[MsgId: MMSG-10694]
Ending Vuser...	[MsgId: MMSG-15966]
Starting action vuser_end.	[MsgId: MMSG-15919]
Ending action vuser_end.	[MsgId: MMSG-15918]
Vuser Terminated.	[MsgId: MMSG-15963]
t=266010ms: Closed connection [0] to localhost:1080 after completing 1 request(s)  	[MsgId: MMSG-26000]
t=266011ms: Closed connection [2] to localhost:1080 after completing 1 request(s)  	[MsgId: MMSG-26000]
HTML-Mode memory management statistics: Reusable=6, NonReusable=0, CsMemBlockSize=4096, checks disabled  	[MsgId: MMSG-26000]
Vuser 0 (thread 10400), ended OK."	[MsgId: MMSG-10695]
