Action.c(145):           <li><i></i>\n
Action.c(145):           </td></tr></table></center>\n
Action.c(145):       </TD>\n
Action.c(145):       <TD width="5%" >.<br/>.<br/>.<br/>.</TD>\n
Action.c(145):       <TD width="45%" valign=top><b>Invoice sent to:</b><br/>\n
Action.c(145):           <center>\n
Action.c(145):           <Table width="80%" cellspacing="0" > <tr> <td>\n
Action.c(145):                In Boots\n
Action.c(145):     <br/>\n
Action.c(145):               123 Fairy Tale Lane<br/>\n
Action.c(145):               Sydney<br/>\n
Action.c(145):               <br/>\n
Action.c(145):               Total Charge: $ 2690 <BR/> (CC: x-3456)\n
Action.c(145):           </td> </tr> </table>\n
Action.c(145):           </center>\n
Action.c(145):       </TD>\n
Action.c(145):     </TR>\n
Action.c(145):     <TR bgcolor="#EFF2F7">\n
Action.c(145):       <TD COLSPAN="3">\n
Action.c(145):       <b>Flight Details:</b><BR/>  <center>\n
Action.c(145):       02/11/2024\n
Action.c(145):      :  1pm : Flight 851 leaves Sydney  for Portland.<br>  </center>\n
Action.c(145):       </TD>\n
Action.c(145):     </TR>\n
Action.c(145):     \n
Action.c(145):     <TR bgcolor="#EFF2F7">\n
Action.c(145):       <TD COLSPAN="4">\n
Action.c(145):       <hr/>\n
Action.c(145):       </TD>\n
Action.c(145):     </TR>\n
Action.c(145):     \n
Action.c(145):     <!-- Flight #1 -->\n
Action.c(145):     <TR bgcolor="#EFF2F7">\n
Action.c(145):       <TD width="5%" rowspan="2" align="left" valign="top">\n
Action.c(145):     <b>\n
Action.c(145):     <label><input type="checkbox" name="42" value="on" /></label></font></b>\n
Action.c(145):     <input type="hidden" name="flightID" value="128006061-323280-I"  />\n
Action.c(145):       </TD>\n
Action.c(145):       <TD width="45%" valign="top">\n
Action.c(145):           <b>&nbsp;&nbsp;4 First class tickets for :</b><br/>\n
Action.c(145):           <center><table border="0" width="85%"><tr><td>\n
Action.c(145):           <li><i>Puss In Boots      <li><i>pass      <li><i>pass      <li><i>pass\n
Action.c(145):           <li><i></i>\n
Action.c(145):           </td></tr></table></center>\n
Action.c(145):       </TD>\n
Action.c(145):       <TD width="5%" >.<br/>.<br/>.<br/>.</TD>\n
Action.c(145):       <TD width="45%" valign=top><b>Invoice sent to:</b><br/>\n
Action.c(145):           <center>\n
Action.c(145):           <Table width="80%" cellspacing="0" > <tr> <td>\n
Action.c(145):                In Boots\n
Action.c(145):     <br/>\n
Action.c(145):               123 Fairy Tale Lane<br/>\n
Action.c(145):               Frankfurt<br/>\n
Action.c(145):               <br/>\n
Action.c(145):               Total Charge: $ 2644 <BR/> (CC: x-3456)\n
Action.c(145):           </td> </tr> </table>\n
Action.c(145):           </center>\n
Action.c(145):       </TD>\n
Action.c(145):     </TR>\n
Action.c(145):     <TR bgcolor="#EFF2F7">\n
Action.c(145):       <TD COLSPAN="3">\n
Action.c(145):       <b>Flight Details:</b><BR/>  <center>\n
Action.c(145):       02/11/2024\n
Action.c(145):      :  11pm : Flight 163 leaves Frankfurt  for San Francisco.<br>  </center>\n
Action.c(145):       </TD>\n
Action.c(145):     </TR>\n
Action.c(145):     \n
Action.c(145):     <TR bgcolor="#EFF2F7">\n
Action.c(145):       <TD COLSPAN="4">\n
Action.c(145):       <hr/>\n
Action.c(145):       </TD>\n
Action.c(145):     </TR>\n
Action.c(145):     \n
Action.c(145):     <!-- Flight #1 -->\n
Action.c(145):     <TR bgcolor="#EFF2F7">\n
Action.c(145):       <TD width="5%" rowspan="2" align="left" valign="top">\n
Action.c(145):     <b>\n
Action.c(145):     <label><input type="checkbox" name="43" value="on" /></label></font></b>\n
Action.c(145):     <input type="hidden" name="flightID" value="128026802-33128-I"  />\n
Action.c(145):       </TD>\n
Action.c(145):       <TD width="45%" valign="top">\n
Action.c(145):           <b>&nbsp;&nbsp;A Business class ticket for :</b><br/>\n
Action.c(145):           <center><table border="0" width="85%"><tr><td>\n
Action.c(145):           <li><i>Puss In Boots\n
Action.c(145):           <li><i></i>\n
Action.c(145):           </td></tr></table></center>\n
Action.c(145):       </TD>\n
Action.c(145):       <TD width="5%" >.<br/>.<br/>.<br/>.</TD>\n
Action.c(145):       <TD width="45%" valign=top><b>Invoice sent to:</b><br/>\n
Action.c(145):           <center>\n
Action.c(145):           <Table width="80%" cellspacing="0" > <tr> <td>\n
Action.c(145):                In Boots\n
Action.c(145):     <br/>\n
Action.c(145):               123 Fairy Tale Lane<br/>\n
Action.c(145):               Seattle<br/>\n
Action.c(145):               <br/>\n
Action.c(145):               Total Charge: $ 670 <BR/> (CC: x-3456)\n
Action.c(145):           </td> </tr> </table>\n
Action.c(145):           </center>\n
Action.c(145):       </TD>\n
Action.c(145):     </TR>\n
Action.c(145):     <TR bgcolor="#EFF2F7">\n
Action.c(145):       <TD COLSPAN="3">\n
Action.c(145):       <b>Flight Details:</b><BR/>  <center>\n
Action.c(145):       02/11/2024\n
Action.c(145):      :  11pm : Flight 723 leaves Seattle  for London.<br>  </center>\n
Action.c(145):       </TD>\n
Action.c(145):     </TR>\n
Action.c(145):     \n
Action.c(145):     <TR bgcolor="#EFF2F7">\n
Action.c(145):       <TD COLSPAN="4">\n
Action.c(145):       <hr/>\n
Action.c(145):       </TD>\n
Action.c(145):     </TR>\n
Action.c(145):     \n
Action.c(145):     <!-- Flight #1 -->\n
Action.c(145):     <TR bgcolor="#EFF2F7">\n
Action.c(145):       <TD width="5%" rowspan="2" align="left" valign="top">\n
Action.c(145):     <b>\n
Action.c(145):     <label><input type="checkbox" name="44" value="on" /></label></font></b>\n
Action.c(145):     <input type="hidden" name="flightID" value="128033784-33903-I"  />\n
Action.c(145):       </TD>\n
Action.c(145):       <TD width="45%" valign="top">\n
Action.c(145):           <b>&nbsp;&nbsp;4 Coach class tickets for :</b><br/>\n
Action.c(145):           <center><table border="0" width="85%"><tr><td>\n
Action.c(145):           <li><i>Puss In Boots      <li><i>pass      <li><i>pass      <li><i>pass\n
Action.c(145):           <li><i></i>\n
Action.c(145):           </td></tr></table></center>\n
Action.c(145):       </TD>\n
Action.c(145):       <TD width="5%" >.<br/>.<br/>.<br/>.</TD>\n
Action.c(145):       <TD width="45%" valign=top><b>Invoice sent to:</b><br/>\n
Action.c(145):           <center>\n
Action.c(145):           <Table width="80%" cellspacing="0" > <tr> <td>\n
Action.c(145):                In Boots\n
Action.c(145):     <br/>\n
Action.c(145):               123 Fairy Tale Lane<br/>\n
Action.c(145):               Zurich<br/>\n
Action.c(145):               <br/>\n
Action.c(145):               Total Charge: $ 748 <BR/> (CC: x-3456)\n
Action.c(145):           </td> </tr> </table>\n
Action.c(145):           </center>\n
Action.c(145):       </TD>\n
Action.c(145):     </TR>\n
Action.c(145):     <TR bgcolor="#EFF2F7">\n
Action.c(145):       <TD COLSPAN="3">\n
Action.c(145):       <b>Flight Details:</b><BR/>  <center>\n
Action.c(145):       02/11/2024\n
Action.c(145):      :  5pm : Flight 912 leaves Zurich  for Frankfurt.<br>  </center>\n
Action.c(145):       </TD>\n
Action.c(145):     </TR>\n
Action.c(145):     \n
Action.c(145):     <TR bgcolor="#EFF2F7">\n
Action.c(145):       <TD COLSPAN="4">\n
Action.c(145):       <hr/>\n
Action.c(145):       </TD>\n
Action.c(145):     </TR>\n
Action.c(145):     \n
Action.c(145):     <!-- Flight #1 -->\n
Action.c(145):     <TR bgcolor="#EFF2F7">\n
Action.c(145):       <TD width="5%" rowspan="2" align="left" valign="top">\n
Action.c(145):     <b>\n
Action.c(145):     <label><input type="checkbox" name="45" value="on" /></label></font></b>\n
Action.c(145):     <input type="hidden" name="flightID" value="1280170413-346423-I"  />\n
Action.c(145):       </TD>\n
Action.c(145):       <TD width="45%" valign="top">\n
Action.c(145):           <b>&nbsp;&nbsp;3 First class tickets for :</b><br/>\n
Action.c(145):           <center><table border="0" width="85%"><tr><td>\n
Action.c(145):           <li><i>Puss In Boots      <li><i>pass      <li><i>\n
Action.c(145):           <li><i></i>\n
Action.c(145):           </td></tr></table></center>\n
Action.c(145):       </TD>\n
Action.c(145):       <TD width="5%" >.<br/>.<br/>.<br/>.</TD>\n
Action.c(145):       <TD width="45%" valign=top><b>Invoice sent to:</b><br/>\n
Action.c(145):           <center>\n
Action.c(145):           <Table width="80%" cellspacing="0" > <tr> <td>\n
Action.c(145):                In Boots\n
Action.c(145):     <br/>\n
Action.c(145):               123 Fairy Tale Lane<br/>\n
Action.c(145):               Paris<br/>\n
Action.c(145):               <br/>\n
Action.c(145):               Total Charge: $ 3501 <BR/> (CC: x-3456)\n
Action.c(145):           </td> </tr> </table>\n
Action.c(145):           </center>\n
Action.c(145):       </TD>\n
Action.c(145):     </TR>\n
Action.c(145):     <TR bgcolor="#EFF2F7">\n
Action.c(145):       <TD COLSPAN="3">\n
Action.c(145):       <b>Flight Details:</b><BR/>  <center>\n
Action.c(145):       02/11/2024\n
Action.c(145):      :  8am : Flight 460 leaves Paris  for San Francisco.<br>  </center>\n
Action.c(145):       </TD>\n
Action.c(145):     </TR>\n
Action.c(145):     \n
Action.c(145):     <TR bgcolor="#EFF2F7">\n
Action.c(145):       <TD COLSPAN="4">\n
Action.c(145):       <hr/>\n
Action.c(145):       </TD>\n
Action.c(145):     </TR>\n
Action.c(145):     \n
Action.c(145):     <!-- Flight #1 -->\n
Action.c(145):     <TR bgcolor="#EFF2F7">\n
Action.c(145):       <TD width="5%" rowspan="2" align="left" valign="top">\n
Action.c(145):     <b>\n
Action.c(145):     <label><input type="checkbox" name="46" value="on" /></label></font></b>\n
Action.c(145):     <input type="hidden" name="flightID" value="128013713-35423-I"  />\n
Action.c(145):       </TD>\n
Action.c(145):       <TD width="45%" valign="top">\n
Action.c(145):           <b>&nbsp;&nbsp;2 Business class tickets for :</b><br/>\n
Action.c(145):           <center><table border="0" width="85%"><tr><td>\n
Action.c(145):           <li><i>Puss In Boots      <li><i>pass\n
Action.c(145):           <li><i></i>\n
Action.c(145):           </td></tr></table></center>\n
Action.c(145):       </TD>\n
Action.c(145):       <TD width="5%" >.<br/>.<br/>.<br/>.</TD>\n
Action.c(145):       <TD width="45%" valign=top><b>Invoice sent to:</b><br/>\n
Action.c(145):           <center>\n
Action.c(145):           <Table width="80%" cellspacing="0" > <tr> <td>\n
Action.c(145):                In Boots\n
Action.c(145):     <br/>\n
Action.c(145):               123 Fairy Tale Lane<br/>\n
Action.c(145):               Los Angeles<br/>\n
Action.c(145):               <br/>\n
Action.c(145):               Total Charge: $ 506 <BR/> (CC: x-3456)\n
Action.c(145):           </td> </tr> </table>\n
Action.c(145):           </center>\n
Action.c(145):       </TD>\n
Action.c(145):     </TR>\n
Action.c(145):     <TR bgcolor="#EFF2F7">\n
Action.c(145):       <TD COLSPAN="3">\n
Action.c(145):       <b>Flight Details:</b><BR/>  <center>\n
Action.c(145):       02/11/2024\n
Action.c(145):      :  8am : Flight 370 leaves Los Angeles  for Seattle.<br>  </center>\n
Action.c(145):       </TD>\n
Action.c(145):     </TR>\n
Action.c(145):     \n
Action.c(145):     <TR bgcolor="#EFF2F7">\n
Action.c(145):       <TD COLSPAN="4">\n
Action.c(145):       <hr/>\n
Action.c(145):       </TD>\n
Action.c(145):     </TR>\n
Action.c(145):     \n
Action.c(145):     <!-- Flight #1 -->\n
Action.c(145):     <TR bgcolor="#EFF2F7">\n
Action.c(145):       <TD width="5%" rowspan="2" align="left" valign="top">\n
Action.c(145):     <b>\n
Action.c(145):     <label><input type="checkbox" name="47" value="on" /></label><
Action.c(145): t=1359344ms: 8-byte chunked response overhead for "http://localhost:1080/cgi-bin/itinerary.pl" (RelFrameId=1.2, Internal ID=435)
Action.c(145):     \r\n
Action.c(145):     1000\r\n
Action.c(145): t=1359344ms: 7-byte chunked response overhead for "http://localhost:1080/cgi-bin/itinerary.pl" (RelFrameId=1.2, Internal ID=435)
Action.c(145):     \r\n
Action.c(145):     3ac\r\n
Action.c(145): t=1359344ms: 7-byte chunked response overhead for "http://localhost:1080/cgi-bin/itinerary.pl" (RelFrameId=1.2, Internal ID=435)
Action.c(145):     \r\n
Action.c(145):     0\r\n
Action.c(145):     \r\n
Action.c(145): t=1359344ms: 5134-byte chunked response body for "http://localhost:1080/cgi-bin/itinerary.pl" (RelFrameId=1.2, Internal ID=435)
Action.c(145):     /font></b>\n
Action.c(145):     <input type="hidden" name="flightID" value="128004867-361700-I"  />\n
Action.c(145):       </TD>\n
Action.c(145):       <TD width="45%" valign="top">\n
Action.c(145):           <b>&nbsp;&nbsp;5 Business class tickets for :</b><br/>\n
Action.c(145):           <center><table border="0" width="85%"><tr><td>\n
Action.c(145):           <li><i>Puss In Boots      <li><i>pass      <li><i>      <li><i>      <li><i>\n
Action.c(145):           <li><i></i>\n
Action.c(145):           </td></tr></table></center>\n
Action.c(145):       </TD>\n
Action.c(145):       <TD width="5%" >.<br/>.<br/>.<br/>.</TD>\n
Action.c(145):       <TD width="45%" valign=top><b>Invoice sent to:</b><br/>\n
Action.c(145):           <center>\n
Action.c(145):           <Table width="80%" cellspacing="0" > <tr> <td>\n
Action.c(145):                In Boots\n
Action.c(145):     <br/>\n
Action.c(145):               123 Fairy Tale Lane<br/>\n
Action.c(145):               Frankfurt<br/>\n
Action.c(145):               <br/>\n
Action.c(145):               Total Charge: $ 2100 <BR/> (CC: x-3456)\n
Action.c(145):           </td> </tr> </table>\n
Action.c(145):           </center>\n
Action.c(145):       </TD>\n
Action.c(145):     </TR>\n
Action.c(145):     <TR bgcolor="#EFF2F7">\n
Action.c(145):       <TD COLSPAN="3">\n
Action.c(145):       <b>Flight Details:</b><BR/>  <center>\n
Action.c(145):       02/11/2024\n
Action.c(145):      :  1pm : Flight 131 leaves Frankfurt  for Los Angeles.<br>  </center>\n
Action.c(145):       </TD>\n
Action.c(145):     </TR>\n
Action.c(145):     \n
Action.c(145):     <TR bgcolor="#EFF2F7">\n
Action.c(145):       <TD COLSPAN="4">\n
Action.c(145):       <hr/>\n
Action.c(145):       </TD>\n
Action.c(145):     </TR>\n
Action.c(145):     \n
Action.c(145):     <!-- Flight #1 -->\n
Action.c(145):     <TR bgcolor="#EFF2F7">\n
Action.c(145):       <TD width="5%" rowspan="2" align="left" valign="top">\n
Action.c(145):     <b>\n
Action.c(145):     <label><input type="checkbox" name="48" value="on" /></label></font></b>\n
Action.c(145):     <input type="hidden" name="flightID" value="128004527-36942-I"  />\n
Action.c(145):       </TD>\n
Action.c(145):       <TD width="45%" valign="top">\n
Action.c(145):           <b>&nbsp;&nbsp;A Coach class ticket for :</b><br/>\n
Action.c(145):           <center><table border="0" width="85%"><tr><td>\n
Action.c(145):           <li><i>Puss In Boots\n
Action.c(145):           <li><i></i>\n
Action.c(145):           </td></tr></table></center>\n
Action.c(145):       </TD>\n
Action.c(145):       <TD width="5%" >.<br/>.<br/>.<br/>.</TD>\n
Action.c(145):       <TD width="45%" valign=top><b>Invoice sent to:</b><br/>\n
Action.c(145):           <center>\n
Action.c(145):           <Table width="80%" cellspacing="0" > <tr> <td>\n
Action.c(145):                In Boots\n
Action.c(145):     <br/>\n
Action.c(145):               123 Fairy Tale Lane<br/>\n
Action.c(145):               Frankfurt<br/>\n
Action.c(145):               <br/>\n
Action.c(145):               Total Charge: $ 251 <BR/> (CC: x-3456)\n
Action.c(145):           </td> </tr> </table>\n
Action.c(145):           </center>\n
Action.c(145):       </TD>\n
Action.c(145):     </TR>\n
Action.c(145):     <TR bgcolor="#EFF2F7">\n
Action.c(145):       <TD COLSPAN="3">\n
Action.c(145):       <b>Flight Details:</b><BR/>  <center>\n
Action.c(145):       02/11/2024\n
Action.c(145):      :  5pm : Flight 122 leaves Frankfurt  for London.<br>  </center>\n
Action.c(145):       </TD>\n
Action.c(145):     </TR>\n
Action.c(145):     \n
Action.c(145):     <TR bgcolor="#EFF2F7">\n
Action.c(145):       <TD COLSPAN="4">\n
Action.c(145):       <hr/>\n
Action.c(145):       </TD>\n
Action.c(145):     </TR>\n
Action.c(145):     <TR>\n
Action.c(145):        <TD align="center" COLSPAN="4">\n
Action.c(145):        <b>A total of 48 scheduled flights.</font></b>\n
Action.c(145):        </TD>\n
Action.c(145):     </TR>\n
Action.c(145):     </TABLE>\n
Action.c(145):     \n
Action.c(145):     <TABLE WIDTH="87%" BORDER="0" CELLSPACING="0">\n
Action.c(145):     <TR>\n
Action.c(145):     <TD align="left" width="50%" >\n
Action.c(145):     <input type="image" name="removeFlights" src="/WebTours/images/cancelreservation.gif" bord
Action.c(145):     er="0" /></TD>\n
Action.c(145):     <TD align="right" width="50%" >\n
Action.c(145):     <input type="image" name="removeAllFlights" src="/WebTours/images/cancelallreservations.gi
Action.c(145):     f" border="0" /></TD>\n
Action.c(145):     </TABLE>\n
Action.c(145):     \n
Action.c(145):     <div><input type="hidden" name=".cgifields" value="33"  /><input type="hidden" name=".cgif
Action.c(145):     ields" value="32"  /><input type="hidden" name=".cgifields" value="21"  /><input type="hid
Action.c(145):     den" name=".cgifields" value="7"  /><input type="hidden" name=".cgifields" value="26"  /><
Action.c(145):     input type="hidden" name=".cgifields" value="17"  /><input type="hidden" name=".cgifields"
Action.c(145):      value="2"  /><input type="hidden" name=".cgifields" value="1"  /><input type="hidden" nam
Action.c(145):     e=".cgifields" value="18"  /><input type="hidden" name=".cgifields" value="30"  /><input t
Action.c(145):     ype="hidden" name=".cgifields" value="16"  /><input type="hidden" name=".cgifields" value=
Action.c(145):     "44"  /><input type="hidden" name=".cgifields" value="27"  /><input type="hidden" name=".c
Action.c(145):     gifields" value="25"  /><input type="hidden" name=".cgifields" value="28"  /><input type="
Action.c(145):     hidden" name=".cgifields" value="40"  /><input type="hidden" name=".cgifields" value="20" 
Action.c(145):      /><input type="hidden" name=".cgifields" value="14"  /><input type="hidden" name=".cgifie
Action.c(145):     lds" value="24"  /><input type="hidden" name=".cgifields" value="10"  /><input type="hidde
Action.c(145):     n" name=".cgifields" value="31"  /><input type="hidden" name=".cgifields" value="35"  /><i
Action.c(145):     nput type="hidden" name=".cgifields" value="11"  /><input type="hidden" name=".cgifields" 
Action.c(145):     value="48"  /><input type="hidden" name=".cgifields" value="42"  /><input type="hidden" na
Action.c(145):     me=".cgifields" value="22"  /><input type="hidden" name=".cgifields" value="46"  /><input 
Action.c(145):     type="hidden" name=".cgifields" value="13"  /><input type="hidden" name=".cgifields" value
Action.c(145):     ="23"  /><input type="hidden" name=".cgifields" value="29"  /><input type="hidden" name=".
Action.c(145):     cgifields" value="6"  /><input type="hidden" name=".cgifields" value="39"  /><input type="
Action.c(145):     hidden" name=".cgifields" value="36"  /><input type="hidden" name=".cgifields" value="3"  
Action.c(145):     /><input type="hidden" name=".cgifields" value="9"  /><input type="hidden" name=".cgifield
Action.c(145):     s" value="41"  /><input type="hidden" name=".cgifields" value="12"  /><input type="hidden"
Action.c(145):      name=".cgifields" value="47"  /><input type="hidden" name=".cgifields" value="15"  /><inp
Action.c(145):     ut type="hidden" name=".cgifields" value="38"  /><input type="hidden" name=".cgifields" va
Action.c(145):     lue="8"  /><input type="hidden" name=".cgifields" value="4"  /><input type="hidden" name="
Action.c(145):     .cgifields" value="34"  /><input type="hidden" name=".cgifields" value="45"  /><input type
Action.c(145):     ="hidden" name=".cgifields" value="37"  /><input type="hidden" name=".cgifields" value="43
Action.c(145):     "  /><input type="hidden" name=".cgifields" value="19"  /><input type="hidden" name=".cgif
Action.c(145):     ields" value="5"  /></div></form>\n
Action.c(145):     \n
Action.c(145):     </center>\n
Action.c(145):     \n
Action.c(145):     </body>\n
Action.c(145):     </html>
Action.c(145): Resource "http://localhost:1080/WebTours/images/cancelreservation.gif" is in the cache already and will not be downloaded again  	[MsgId: MMSG-26655]
Action.c(145): Resource "http://localhost:1080/WebTours/images/cancelallreservations.gif" is in the cache already and will not be downloaded again  	[MsgId: MMSG-26655]
Action.c(145): t=1359346ms: Request done "http://localhost:1080/cgi-bin/itinerary.pl"  	[MsgId: MMSG-26000]
Action.c(145): Notify: Saving Parameter "flightID = 128012717-7802-I".	[MsgId: MMSG-13798]
Action.c(145): web_url("Itinerary Button") was successful, 60233 body bytes, 727 header bytes, 147 chunking overhead bytes  	[MsgId: MMSG-26385]
Action.c(156): Error: Failed to end Transaction "GoToTicket" (by name). Please check that you made a call to start transaction operation.	[MsgId: MERR-16985]
Action.c(158): lr_think_time: 5,00 seconds.	[MsgId: MMSG-15948]
Action.c(160): Notify: Transaction "DeleteTicket" started.	[MsgId: MMSG-16999]
Action.c(164): web_add_header("Origin") started  	[MsgId: MMSG-26355]
Action.c(164): An unrecognized header ("Origin") is being added  	[MsgId: MMSG-26595]
Action.c(164): "Origin: http://localhost:1080" header registered for adding to requests from the immediately following Action function  	[MsgId: MMSG-26506]
Action.c(164): web_add_header("Origin") was successful  	[MsgId: MMSG-26392]
Action.c(169): web_submit_data("itinerary.pl") started  	[MsgId: MMSG-26355]
Action.c(169): Notify: Parameter Substitution: parameter "flightID" =  "292224166-7879-G"	[MsgId: MMSG-13992]
Action.c(169): t=1360209ms: Already connected [0] to localhost:1080  	[MsgId: MMSG-26000]
Action.c(169): t=1360209ms: 778-byte request headers for "http://localhost:1080/cgi-bin/itinerary.pl" (RelFrameId=1, Internal ID=705)
Action.c(169):     POST /cgi-bin/itinerary.pl HTTP/1.1\r\n
Action.c(169):     Content-Type: application/x-www-form-urlencoded\r\n
Action.c(169):     Referer: http://localhost:1080/cgi-bin/itinerary.pl\r\n
Action.c(169):     Origin: http://localhost:1080\r\n
Action.c(169):     Sec-Fetch-Dest: frame\r\n
Action.c(169):     Sec-Fetch-Site: same-origin\r\n
Action.c(169):     Sec-Fetch-Mode: navigate\r\n
Action.c(169):     DNT: 1\r\n
Action.c(169):     Sec-GPC: 1\r\n
Action.c(169):     Sec-Fetch-User: ?1\r\n
Action.c(169):     Upgrade-Insecure-Requests: 1\r\n
Action.c(169):     User-Agent: Mozilla/5.0 (Windows NT 10.0; Win64; x64; rv:122.0) Gecko/20100101 Firefox/122
Action.c(169):     .0\r\n
Action.c(169):     Accept-Encoding: gzip, deflate\r\n
Action.c(169):     Accept-Language: ru-RU,ru;q=0.8,en-US;q=0.5,en;q=0.3\r\n
Action.c(169):     Accept: */*\r\n
Action.c(169):     Connection: Keep-Alive\r\n
Action.c(169):     Host: localhost:1080\r\n
Action.c(169):     Cookie: MSO=SID&1707479410; MTUserInfo=firstName&Goldilocks&address2&San%20Ricardo%2F12345
Action.c(169):     &username&goldilocks&hash&19&lastName&Gols%0A&address1&789%20Three%20Bears%20Trail&creditC
Action.c(169):     ard&&expDate&%0A\r\n
Action.c(169):     Content-Length: 107\r\n
Action.c(169):     \r\n
Action.c(169): t=1360210ms: 107-byte request body for "http://localhost:1080/cgi-bin/itinerary.pl" (RelFrameId=1, Internal ID=705)
Action.c(169):     1=on&flightID=292224166-7879-G&removeFlights.x=49&removeFlights.y=11&.cgifields=1&.cgifiel
Action.c(169):     ds=3&.cgifields=2
Action.c(169): t=1360210ms: Server localhost has shut down the connection [0] prematurely (empty response, no HTTP headers received). Considering retry  	[MsgId: MMSG-26000]
Action.c(169): t=1360210ms: Closed connection [0] to localhost:1080 after completing 2 request(s)  	[MsgId: MMSG-26000]
Action.c(169): t=1360210ms: reporting user data point RETRY_KEEP_ALIVE  	[MsgId: MMSG-26000]
Action.c(169): t=1360210ms: Connecting [0] to host 127.0.0.1:1080  	[MsgId: MMSG-26000]
Action.c(169): t=1360211ms: Connected socket [0] from 127.0.0.1:21976 to 127.0.0.1:1080 in 1 ms  	[MsgId: MMSG-26000]
Action.c(169): t=1360211ms: 778-byte request headers for "http://localhost:1080/cgi-bin/itinerary.pl" (RelFrameId=1, Internal ID=705)
Action.c(169):     POST /cgi-bin/itinerary.pl HTTP/1.1\r\n
Action.c(169):     Content-Type: application/x-www-form-urlencoded\r\n
Action.c(169):     Referer: http://localhost:1080/cgi-bin/itinerary.pl\r\n
Action.c(169):     Origin: http://localhost:1080\r\n
Action.c(169):     Sec-Fetch-Dest: frame\r\n
Action.c(169):     Sec-Fetch-Site: same-origin\r\n
Action.c(169):     Sec-Fetch-Mode: navigate\r\n
Action.c(169):     DNT: 1\r\n
Action.c(169):     Sec-GPC: 1\r\n
Action.c(169):     Sec-Fetch-User: ?1\r\n
Action.c(169):     Upgrade-Insecure-Requests: 1\r\n
Action.c(169):     User-Agent: Mozilla/5.0 (Windows NT 10.0; Win64; x64; rv:122.0) Gecko/20100101 Firefox/122
Action.c(169):     .0\r\n
Action.c(169):     Accept-Encoding: gzip, deflate\r\n
Action.c(169):     Accept-Language: ru-RU,ru;q=0.8,en-US;q=0.5,en;q=0.3\r\n
Action.c(169):     Accept: */*\r\n
Action.c(169):     Connection: Keep-Alive\r\n
Action.c(169):     Host: localhost:1080\r\n
Action.c(169):     Cookie: MSO=SID&1707479410; MTUserInfo=firstName&Goldilocks&address2&San%20Ricardo%2F12345
Action.c(169):     &username&goldilocks&hash&19&lastName&Gols%0A&address1&789%20Three%20Bears%20Trail&creditC
Action.c(169):     ard&&expDate&%0A\r\n
Action.c(169):     Content-Length: 107\r\n
Action.c(169):     \r\n
Action.c(169): t=1360212ms: 107-byte request body for "http://localhost:1080/cgi-bin/itinerary.pl" (RelFrameId=1, Internal ID=705)
Action.c(169):     1=on&flightID=292224166-7879-G&removeFlights.x=49&removeFlights.y=11&.cgifields=1&.cgifiel
Action.c(169):     ds=3&.cgifields=2
Action.c(169): t=1360213ms: Inactive socket [1] was closed by localhost:1080, probably due to Keep-Alive timeout  	[MsgId: MMSG-26000]
Action.c(169): t=1360213ms: Closed connection [1] to localhost:1080 after completing 1 request(s)  	[MsgId: MMSG-26000]
Action.c(169): t=1360213ms: Inactive socket [2] was closed by localhost:1080, probably due to Keep-Alive timeout  	[MsgId: MMSG-26000]
Action.c(169): t=1360213ms: Closed connection [2] to localhost:1080 after completing 3 request(s)  	[MsgId: MMSG-26000]
Action.c(169): t=1360213ms: Inactive socket [3] was closed by localhost:1080, probably due to Keep-Alive timeout  	[MsgId: MMSG-26000]
Action.c(169): t=1360213ms: Closed connection [3] to localhost:1080 after completing 1 request(s)  	[MsgId: MMSG-26000]
Action.c(169): t=1360328ms: 256-byte response headers for "http://localhost:1080/cgi-bin/itinerary.pl" (RelFrameId=1, Internal ID=705)
Action.c(169):     HTTP/1.1 200 OK\r\n
Action.c(169):     Date: Fri, 09 Feb 2024 11:50:49 GMT\r\n
Action.c(169):     Server: Apache/2.2.21 (Win32)\r\n
Action.c(169):     Expires: Thu, 08 Feb 2024 11:50:49 GMT\r\n
Action.c(169):     Keep-Alive: timeout=5, max=100\r\n
Action.c(169):     Connection: Keep-Alive\r\n
Action.c(169):     Transfer-Encoding: chunked\r\n
Action.c(169):     Content-Type: text/html; charset=ISO-8859-1\r\n
Action.c(169):     \r\n
Action.c(169): t=1360329ms: 5-byte chunked response overhead for "http://localhost:1080/cgi-bin/itinerary.pl" (RelFrameId=1, Internal ID=705)
Action.c(169):     3a4\r\n
Action.c(169): t=1360329ms: 2-byte chunked response overhead for "http://localhost:1080/cgi-bin/itinerary.pl" (RelFrameId=1, Internal ID=705)
Action.c(169):     \r\n
Action.c(169): t=1360329ms: 932-byte chunked response body for "http://localhost:1080/cgi-bin/itinerary.pl" (RelFrameId=1, Internal ID=705)
Action.c(169):     <!DOCTYPE html\n
Action.c(169):     \tPUBLIC "-//W3C//DTD XHTML 1.0 Transitional//EN"\n
Action.c(169):     \t "http://www.w3.org/TR/xhtml1/DTD/xhtml1-transitional.dtd">\n
Action.c(169):     <html xmlns="http://www.w3.org/1999/xhtml" lang="en-US" xml:lang="en-US">\n
Action.c(169):     <head>\n
Action.c(169):     <title>Flights List</title>\n
Action.c(169):     <meta http-equiv="Content-Type" content="text/html; charset=iso-8859-1" />\n
Action.c(169):     </head>\n
Action.c(169):     <body bgcolor="#E0E7F1">\n
Action.c(169):     <style>blockquote {font-family: tahoma; font-size : 10pt}H1 {font-family: tahoma; font-siz
Action.c(169):     e : 22pt; color: #993333}small {font-family: tahoma; font-size : 8pt}H3 {font-family: taho
Action.c(169):     ma; font-size : 10pt; color: black}TD {font-family: tahoma; font-size : 8pt; color: black}
Action.c(169):     </style><BR/><BR/><h1>&nbsp;&nbsp;<b>Itinerary</b></h1>\n
Action.c(169):     <blockquote><P break>Unfortunately, we could not delete your entire itinerary because of a
Action.c(169):      database synchronization error.  If you could please re-load your itinerary and try again
Action.c(169):     , we would appreciate it.  Thank you for your patience.</blockquote>\n
Action.c(169):     </body>\n
Action.c(169):     </html>
Action.c(169): t=1360332ms: 5-byte chunked response overhead for "http://localhost:1080/cgi-bin/itinerary.pl" (RelFrameId=1, Internal ID=705)
Action.c(169):     0\r\n
Action.c(169):     \r\n
Action.c(169): t=1360333ms: Request done "http://localhost:1080/cgi-bin/itinerary.pl"  	[MsgId: MMSG-26000]
Action.c(169): web_submit_data("itinerary.pl") was successful, 932 body bytes, 256 header bytes, 12 chunking overhead bytes  	[MsgId: MMSG-26385]
Action.c(190): Notify: Transaction "DeleteTicket" ended with a "Pass" status (Duration: 0,1246).	[MsgId: MMSG-16873]
Action.c(195): Notify: Transaction "UC_5_Delete" ended with a "Pass" status (Duration: 48,8921 Think Time: 15,0396 Wasted Time: 0,0013).	[MsgId: MMSG-16870]
Ending action Action.	[MsgId: MMSG-15918]
Action was aborted.	[MsgId: MMSG-10694]
Ending Vuser...	[MsgId: MMSG-15966]
Starting action vuser_end.	[MsgId: MMSG-15919]
Ending action vuser_end.	[MsgId: MMSG-15918]
Vuser Terminated.	[MsgId: MMSG-15963]
t=1360333ms: Closed connection [0] to localhost:1080 after completing 1 request(s)  	[MsgId: MMSG-26000]
HTML-Mode memory management statistics: Reusable=12, NonReusable=0, CsMemBlockSize=4096, checks disabled  	[MsgId: MMSG-26000]
Vuser 0 (thread 13436), ended OK."	[MsgId: MMSG-10695]
Action.c(160): Error: Cannot start transaction "DeleteTicket". This Vuser already started a transaction with the same name, and has not yet processed the corresponding lr_end_transaction statement.	[MsgId: MERR-16993]
Action.c(164): web_add_header("Origin") started  	[MsgId: MMSG-26355]
Action.c(164): An unrecognized header ("Origin") is being added  	[MsgId: MMSG-26595]
Action.c(164): "Origin: http://localhost:1080" header registered for adding to requests from the immediately following Action function  	[MsgId: MMSG-26506]
Action.c(164): web_add_header("Origin") was successful  	[MsgId: MMSG-26392]
Action.c(169): web_submit_data("itinerary.pl") started  	[MsgId: MMSG-26355]
Action.c(169): Notify: Parameter Substitution: parameter "flightID" =  "128012717-7802-I"	[MsgId: MMSG-13992]
Action.c(169): t=1363099ms: Closed connection [0] to localhost:1080 after completing 2 request(s)  	[MsgId: MMSG-26000]
Action.c(169): t=1363099ms: Connecting [0] to host 127.0.0.1:1080  	[MsgId: MMSG-26000]
Action.c(169): t=1363100ms: Connected socket [0] from 127.0.0.1:21991 to 127.0.0.1:1080 in 1 ms  	[MsgId: MMSG-26000]
Action.c(169): t=1363100ms: 780-byte request headers for "http://localhost:1080/cgi-bin/itinerary.pl" (RelFrameId=1, Internal ID=278)
Action.c(169):     POST /cgi-bin/itinerary.pl HTTP/1.1\r\n
Action.c(169):     Content-Type: application/x-www-form-urlencoded\r\n
Action.c(169):     Referer: http://localhost:1080/cgi-bin/itinerary.pl\r\n
Action.c(169):     Origin: http://localhost:1080\r\n
Action.c(169):     Sec-Fetch-Dest: frame\r\n
Action.c(169):     Sec-Fetch-Site: same-origin\r\n
Action.c(169):     Sec-Fetch-Mode: navigate\r\n
Action.c(169):     DNT: 1\r\n
Action.c(169):     Sec-GPC: 1\r\n
Action.c(169):     Sec-Fetch-User: ?1\r\n
Action.c(169):     Upgrade-Insecure-Requests: 1\r\n
Action.c(169):     User-Agent: Mozilla/5.0 (Windows NT 10.0; Win64; x64; rv:122.0) Gecko/20100101 Firefox/122
Action.c(169):     .0\r\n
Action.c(169):     Accept-Encoding: gzip, deflate\r\n
Action.c(169):     Accept-Language: ru-RU,ru;q=0.8,en-US;q=0.5,en;q=0.3\r\n
Action.c(169):     Accept: */*\r\n
Action.c(169):     Connection: Keep-Alive\r\n
Action.c(169):     Host: localhost:1080\r\n
Action.c(169):     Cookie: MSO=SID&1707479386; MTUserInfo=firstName&Puss&address2&San%20Ricardo%2F12345&usern
Action.c(169):     ame&pussinboots001&hash&49&lastName&In%20Boots%0A&address1&123%20Fairy%20Tale%20Lane&credi
Action.c(169):     tCard&&expDate&%0A\r\n
Action.c(169):     Content-Length: 107\r\n
Action.c(169):     \r\n
Action.c(169): t=1363100ms: 107-byte request body for "http://localhost:1080/cgi-bin/itinerary.pl" (RelFrameId=1, Internal ID=278)
Action.c(169):     1=on&flightID=128012717-7802-I&removeFlights.x=49&removeFlights.y=11&.cgifields=1&.cgifiel
Action.c(169):     ds=3&.cgifields=2
Action.c(169): t=1363101ms: Inactive socket [1] was closed by localhost:1080, probably due to Keep-Alive timeout  	[MsgId: MMSG-26000]
Action.c(169): t=1363101ms: Closed connection [1] to localhost:1080 after completing 1 request(s)  	[MsgId: MMSG-26000]
Action.c(169): t=1363130ms: Inactive socket [2] was closed by localhost:1080, probably due to Keep-Alive timeout  	[MsgId: MMSG-26000]
Action.c(169): t=1363130ms: Closed connection [2] to localhost:1080 after completing 1 request(s)  	[MsgId: MMSG-26000]
Action.c(169): t=1363158ms: 256-byte response headers for "http://localhost:1080/cgi-bin/itinerary.pl" (RelFrameId=1, Internal ID=278)
Action.c(169):     HTTP/1.1 200 OK\r\n
Action.c(169):     Date: Fri, 09 Feb 2024 11:50:52 GMT\r\n
Action.c(169):     Server: Apache/2.2.21 (Win32)\r\n
Action.c(169):     Expires: Thu, 08 Feb 2024 11:50:52 GMT\r\n
Action.c(169):     Keep-Alive: timeout=5, max=100\r\n
Action.c(169):     Connection: Keep-Alive\r\n
Action.c(169):     Transfer-Encoding: chunked\r\n
Action.c(169):     Content-Type: text/html; charset=ISO-8859-1\r\n
Action.c(169):     \r\n
Action.c(169): t=1363159ms: 5-byte chunked response overhead for "http://localhost:1080/cgi-bin/itinerary.pl" (RelFrameId=1, Internal ID=278)
Action.c(169):     3a4\r\n
Action.c(169): t=1363159ms: 2-byte chunked response overhead for "http://localhost:1080/cgi-bin/itinerary.pl" (RelFrameId=1, Internal ID=278)
Action.c(169):     \r\n
Action.c(169): t=1363159ms: 932-byte chunked response body for "http://localhost:1080/cgi-bin/itinerary.pl" (RelFrameId=1, Internal ID=278)
Action.c(169):     <!DOCTYPE html\n
Action.c(169):     \tPUBLIC "-//W3C//DTD XHTML 1.0 Transitional//EN"\n
Action.c(169):     \t "http://www.w3.org/TR/xhtml1/DTD/xhtml1-transitional.dtd">\n
Action.c(169):     <html xmlns="http://www.w3.org/1999/xhtml" lang="en-US" xml:lang="en-US">\n
Action.c(169):     <head>\n
Action.c(169):     <title>Flights List</title>\n
Action.c(169):     <meta http-equiv="Content-Type" content="text/html; charset=iso-8859-1" />\n
Action.c(169):     </head>\n
Action.c(169):     <body bgcolor="#E0E7F1">\n
Action.c(169):     <style>blockquote {font-family: tahoma; font-size : 10pt}H1 {font-family: tahoma; font-siz
Action.c(169):     e : 22pt; color: #993333}small {font-family: tahoma; font-size : 8pt}H3 {font-family: taho
Action.c(169):     ma; font-size : 10pt; color: black}TD {font-family: tahoma; font-size : 8pt; color: black}
Action.c(169):     </style><BR/><BR/><h1>&nbsp;&nbsp;<b>Itinerary</b></h1>\n
Action.c(169):     <blockquote><P break>Unfortunately, we could not delete your entire itinerary because of a
Action.c(169):      database synchronization error.  If you could please re-load your itinerary and try again
Action.c(169):     , we would appreciate it.  Thank you for your patience.</blockquote>\n
Action.c(169):     </body>\n
Action.c(169):     </html>
Action.c(169): t=1363162ms: 5-byte chunked response overhead for "http://localhost:1080/cgi-bin/itinerary.pl" (RelFrameId=1, Internal ID=278)
Action.c(169):     0\r\n
Action.c(169):     \r\n
Action.c(169): t=1363162ms: Request done "http://localhost:1080/cgi-bin/itinerary.pl"  	[MsgId: MMSG-26000]
Action.c(169): web_submit_data("itinerary.pl") was successful, 932 body bytes, 256 header bytes, 12 chunking overhead bytes  	[MsgId: MMSG-26385]
Action.c(190): Notify: Transaction "DeleteTicket" ended with a "Pass" status (Duration: 16,7277 Think Time: 10,0042 Wasted Time: 0,0010).	[MsgId: MMSG-16870]
Action.c(195): Notify: Transaction "UC_5_Delete" ended with a "Pass" status (Duration: 76,2485 Think Time: 25,0300 Wasted Time: 0,0022).	[MsgId: MMSG-16870]
Ending action Action.	[MsgId: MMSG-15918]
Action was aborted.	[MsgId: MMSG-10694]
Ending Vuser...	[MsgId: MMSG-15966]
Starting action vuser_end.	[MsgId: MMSG-15919]
Ending action vuser_end.	[MsgId: MMSG-15918]
Vuser Terminated.	[MsgId: MMSG-15963]
t=1363162ms: Closed connection [0] to localhost:1080 after completing 1 request(s)  	[MsgId: MMSG-26000]
HTML-Mode memory management statistics: Reusable=12, NonReusable=0, CsMemBlockSize=4096, checks disabled  	[MsgId: MMSG-26000]
Vuser 3 (thread 3456), ended OK."	[MsgId: MMSG-10695]
Action.c(160): Error: Cannot start transaction "DeleteTicket". This Vuser already started a transaction with the same name, and has not yet processed the corresponding lr_end_transaction statement.	[MsgId: MERR-16993]
Action.c(164): web_add_header("Origin") started  	[MsgId: MMSG-26355]
Action.c(164): An unrecognized header ("Origin") is being added  	[MsgId: MMSG-26595]
Action.c(164): "Origin: http://localhost:1080" header registered for adding to requests from the immediately following Action function  	[MsgId: MMSG-26506]
Action.c(164): web_add_header("Origin") was successful  	[MsgId: MMSG-26392]
Action.c(169): web_submit_data("itinerary.pl") started  	[MsgId: MMSG-26355]
Action.c(169): Notify: Parameter Substitution: parameter "flightID" =  "128012717-7802-I"	[MsgId: MMSG-13992]
Action.c(169): t=1364350ms: Closed connection [0] to localhost:1080 after completing 2 request(s)  	[MsgId: MMSG-26000]
Action.c(169): t=1364350ms: Connecting [0] to host 127.0.0.1:1080  	[MsgId: MMSG-26000]
Action.c(169): t=1364350ms: Connected socket [0] from 127.0.0.1:21995 to 127.0.0.1:1080 in 0 ms  	[MsgId: MMSG-26000]
Action.c(169): t=1364350ms: 780-byte request headers for "http://localhost:1080/cgi-bin/itinerary.pl" (RelFrameId=1, Internal ID=436)
Action.c(169):     POST /cgi-bin/itinerary.pl HTTP/1.1\r\n
Action.c(169):     Content-Type: application/x-www-form-urlencoded\r\n
Action.c(169):     Referer: http://localhost:1080/cgi-bin/itinerary.pl\r\n
Action.c(169):     Origin: http://localhost:1080\r\n
Action.c(169):     Sec-Fetch-Dest: frame\r\n
Action.c(169):     Sec-Fetch-Site: same-origin\r\n
Action.c(169):     Sec-Fetch-Mode: navigate\r\n
Action.c(169):     DNT: 1\r\n
Action.c(169):     Sec-GPC: 1\r\n
Action.c(169):     Sec-Fetch-User: ?1\r\n
Action.c(169):     Upgrade-Insecure-Requests: 1\r\n
Action.c(169):     User-Agent: Mozilla/5.0 (Windows NT 10.0; Win64; x64; rv:122.0) Gecko/20100101 Firefox/122
Action.c(169):     .0\r\n
Action.c(169):     Accept-Encoding: gzip, deflate\r\n
Action.c(169):     Accept-Language: ru-RU,ru;q=0.8,en-US;q=0.5,en;q=0.3\r\n
Action.c(169):     Accept: */*\r\n
Action.c(169):     Connection: Keep-Alive\r\n
Action.c(169):     Host: localhost:1080\r\n
Action.c(169):     Cookie: MSO=SID&1707479407; MTUserInfo=firstName&Puss&address2&San%20Ricardo%2F12345&usern
Action.c(169):     ame&pussinboots001&hash&49&lastName&In%20Boots%0A&address1&123%20Fairy%20Tale%20Lane&credi
Action.c(169):     tCard&&expDate&%0A\r\n
Action.c(169):     Content-Length: 107\r\n
Action.c(169):     \r\n
Action.c(169): t=1364351ms: 107-byte request body for "http://localhost:1080/cgi-bin/itinerary.pl" (RelFrameId=1, Internal ID=436)
Action.c(169):     1=on&flightID=128012717-7802-I&removeFlights.x=49&removeFlights.y=11&.cgifields=1&.cgifiel
Action.c(169):     ds=3&.cgifields=2
Action.c(169): t=1364364ms: Inactive socket [1] was closed by localhost:1080, probably due to Keep-Alive timeout  	[MsgId: MMSG-26000]
Action.c(169): t=1364364ms: Closed connection [1] to localhost:1080 after completing 1 request(s)  	[MsgId: MMSG-26000]
Action.c(169): t=1364380ms: Inactive socket [2] was closed by localhost:1080, probably due to Keep-Alive timeout  	[MsgId: MMSG-26000]
Action.c(169): t=1364380ms: Closed connection [2] to localhost:1080 after completing 1 request(s)  	[MsgId: MMSG-26000]
Action.c(169): t=1364402ms: 256-byte response headers for "http://localhost:1080/cgi-bin/itinerary.pl" (RelFrameId=1, Internal ID=436)
Action.c(169):     HTTP/1.1 200 OK\r\n
Action.c(169):     Date: Fri, 09 Feb 2024 11:50:53 GMT\r\n
Action.c(169):     Server: Apache/2.2.21 (Win32)\r\n
Action.c(169):     Expires: Thu, 08 Feb 2024 11:50:53 GMT\r\n
Action.c(169):     Keep-Alive: timeout=5, max=100\r\n
Action.c(169):     Connection: Keep-Alive\r\n
Action.c(169):     Transfer-Encoding: chunked\r\n
Action.c(169):     Content-Type: text/html; charset=ISO-8859-1\r\n
Action.c(169):     \r\n
Action.c(169): t=1364402ms: 5-byte chunked response overhead for "http://localhost:1080/cgi-bin/itinerary.pl" (RelFrameId=1, Internal ID=436)
Action.c(169):     3a4\r\n
Action.c(169): t=1364403ms: 2-byte chunked response overhead for "http://localhost:1080/cgi-bin/itinerary.pl" (RelFrameId=1, Internal ID=436)
Action.c(169):     \r\n
Action.c(169): t=1364403ms: 932-byte chunked response body for "http://localhost:1080/cgi-bin/itinerary.pl" (RelFrameId=1, Internal ID=436)
Action.c(169):     <!DOCTYPE html\n
Action.c(169):     \tPUBLIC "-//W3C//DTD XHTML 1.0 Transitional//EN"\n
Action.c(169):     \t "http://www.w3.org/TR/xhtml1/DTD/xhtml1-transitional.dtd">\n
Action.c(169):     <html xmlns="http://www.w3.org/1999/xhtml" lang="en-US" xml:lang="en-US">\n
Action.c(169):     <head>\n
Action.c(169):     <title>Flights List</title>\n
Action.c(169):     <meta http-equiv="Content-Type" content="text/html; charset=iso-8859-1" />\n
Action.c(169):     </head>\n
Action.c(169):     <body bgcolor="#E0E7F1">\n
Action.c(169):     <style>blockquote {font-family: tahoma; font-size : 10pt}H1 {font-family: tahoma; font-siz
Action.c(169):     e : 22pt; color: #993333}small {font-family: tahoma; font-size : 8pt}H3 {font-family: taho
Action.c(169):     ma; font-size : 10pt; color: black}TD {font-family: tahoma; font-size : 8pt; color: black}
Action.c(169):     </style><BR/><BR/><h1>&nbsp;&nbsp;<b>Itinerary</b></h1>\n
Action.c(169):     <blockquote><P break>Unfortunately, we could not delete your entire itinerary because of a
Action.c(169):      database synchronization error.  If you could please re-load your itinerary and try again
Action.c(169):     , we would appreciate it.  Thank you for your patience.</blockquote>\n
Action.c(169):     </body>\n
Action.c(169):     </html>
Action.c(169): t=1364405ms: 5-byte chunked response overhead for "http://localhost:1080/cgi-bin/itinerary.pl" (RelFrameId=1, Internal ID=436)
Action.c(169):     0\r\n
Action.c(169):     \r\n
Action.c(169): t=1364405ms: Request done "http://localhost:1080/cgi-bin/itinerary.pl"  	[MsgId: MMSG-26000]
Action.c(169): web_submit_data("itinerary.pl") was successful, 932 body bytes, 256 header bytes, 12 chunking overhead bytes  	[MsgId: MMSG-26385]
Action.c(190): Notify: Transaction "DeleteTicket" ended with a "Pass" status (Duration: 6,4419 Think Time: 5,0017 Wasted Time: 0,0006).	[MsgId: MMSG-16870]
Action.c(195): Notify: Transaction "UC_5_Delete" ended with a "Pass" status (Duration: 56,7428 Think Time: 20,0346 Wasted Time: 0,0020).	[MsgId: MMSG-16870]
Ending action Action.	[MsgId: MMSG-15918]
Action was aborted.	[MsgId: MMSG-10694]
Ending Vuser...	[MsgId: MMSG-15966]
Starting action vuser_end.	[MsgId: MMSG-15919]
Ending action vuser_end.	[MsgId: MMSG-15918]
Vuser Terminated.	[MsgId: MMSG-15963]
t=1364405ms: Closed connection [0] to localhost:1080 after completing 1 request(s)  	[MsgId: MMSG-26000]
HTML-Mode memory management statistics: Reusable=12, NonReusable=0, CsMemBlockSize=4096, checks disabled  	[MsgId: MMSG-26000]
Vuser 2 (thread 7780), ended OK."	[MsgId: MMSG-10695]
