Virtual User Script started at: 06.02.2024 15:44:23	[MsgId: MMSG-15967]
Starting action vuser_init.	[MsgId: MMSG-15919]
Web Turbo Replay of LoadRunner 2020.0.0 for Windows 10; build 793 (ноя 27 2019 19:51:20)  	[MsgId: MMSG-26983]
Run mode: HTML  	[MsgId: MMSG-26993]
Replay user agent: Mozilla/5.0 (Windows NT 10.0; Win64; x64; rv:122.0) Gecko/20100101 Firefox/122.0  	[MsgId: MMSG-26988]
Runtime Settings file: "C:\Users\wing2\AppData\Local\Temp\lr5tmpdirqzI.452\lrcfglTA.453\cfgXTL.476"  	[MsgId: MMSG-27141]
Vuser directory: "C:\Users\wing2\Desktop\scripts\UC_2_Search_Ticket"  	[MsgId: MMSG-27052]
Vuser output directory: "C:\Users\wing2\Desktop\scripts\UC_2_Search_Ticket"  	[MsgId: MMSG-27050]
Operating system's current working directory: "C:\Users\wing2\Desktop\scripts\UC_2_Search_Ticket"  	[MsgId: MMSG-27048]
UTC (GMT) start date/time   : 2024-02-06 12:44:23  	[MsgId: MMSG-26992]
LOCAL start date/time       : 2024-02-06 15:44:23  	[MsgId: MMSG-26991]
Local daylight-Savings-Time : No  	[MsgId: MMSG-26990]
Some of the Runtime Settings:  	[MsgId: MMSG-27142]
    Download non-HTML resources: Yes  	[MsgId: MMSG-27018]
    Verification checks: No  	[MsgId: MMSG-27017]
    Convert from/to UTF-8: No  	[MsgId: MMSG-27016]
    Simulate a new user each iteration: Yes  	[MsgId: MMSG-27009]
    Non-critical item errors as warnings: Yes  	[MsgId: MMSG-27008]
    HTTP errors as warnings: No  	[MsgId: MMSG-27007]
    WinInet replay instead of Sockets: No  	[MsgId: MMSG-27006]
    HTTP version: 1.1  	[MsgId: MMSG-27005]
    Keep-Alive HTTP connections: Yes  	[MsgId: MMSG-27004]
    Max self Meta refresh updates: 2  	[MsgId: MMSG-27003]
    No proxy is used (direct connection to the Internet)  	[MsgId: MMSG-27171]
    DNS caching: Yes  	[MsgId: MMSG-27035]
    Simulate browser cache: Yes  	[MsgId: MMSG-27034]
        Cache URLs requiring content (e.g., HTMLs): Yes  	[MsgId: MMSG-27033]
            Additional URLs requiring content: None  	[MsgId: MMSG-27032]
        Check for newer versions every visit to the page: No  	[MsgId: MMSG-27031]
    Page download timeout (sec): 120  	[MsgId: MMSG-27030]
    Resource Page Timeout is a Warning: No  	[MsgId: MMSG-27029]
    ContentCheck enabled: Yes  	[MsgId: MMSG-27028]
    ContentCheck script-level file: "C:\Users\wing2\AppData\Local\Temp\lr5tmpdirqzI.452\lrcfglTA.453\LrwiAedScript.xml"  	[MsgId: MMSG-27027]
    Enable Web Page Breakdown: Yes  	[MsgId: MMSG-27026]
    Enable connection data points: Yes  	[MsgId: MMSG-27023]
    Process socket after reschedule: Yes  	[MsgId: MMSG-27022]
    Snapshot on error: No  	[MsgId: MMSG-27021]
    Define each step as a transaction: No  	[MsgId: MMSG-27020]
    Read beyond Content-Length: No  	[MsgId: MMSG-26994]
    Parse HTML Content-Type: TEXT  	[MsgId: MMSG-26999]
    Graph hits per second and HTTP status codes: Yes  	[MsgId: MMSG-26998]
    Graph response bytes per second: Yes  	[MsgId: MMSG-26997]
    Graph pages per second: No  	[MsgId: MMSG-26996]
    Web recorder version ID: 10  	[MsgId: MMSG-26995]
Ending action vuser_init.	[MsgId: MMSG-15918]
Running Vuser...	[MsgId: MMSG-15964]
Virtual User Script started at: 06.02.2024 15:44:23	[MsgId: MMSG-15967]
Starting action vuser_init.	[MsgId: MMSG-15919]
Web Turbo Replay of LoadRunner 2020.0.0 for Windows 10; build 793 (ноя 27 2019 19:51:20)  	[MsgId: MMSG-26983]
Run mode: HTML  	[MsgId: MMSG-26993]
Replay user agent: Mozilla/5.0 (Windows NT 10.0; Win64; x64; rv:122.0) Gecko/20100101 Firefox/122.0  	[MsgId: MMSG-26988]
Runtime Settings file: "C:\Users\wing2\AppData\Local\Temp\lr5tmpdirqzI.452\lrcfglTA.453\cfgXTL.476"  	[MsgId: MMSG-27141]
Vuser directory: "C:\Users\wing2\Desktop\scripts\UC_2_Search_Ticket"  	[MsgId: MMSG-27052]
Vuser output directory: "C:\Users\wing2\Desktop\scripts\UC_2_Search_Ticket"  	[MsgId: MMSG-27050]
Operating system's current working directory: "C:\Users\wing2\Desktop\scripts\UC_2_Search_Ticket"  	[MsgId: MMSG-27048]
UTC (GMT) start date/time   : 2024-02-06 12:44:23  	[MsgId: MMSG-26992]
LOCAL start date/time       : 2024-02-06 15:44:23  	[MsgId: MMSG-26991]
Local daylight-Savings-Time : No  	[MsgId: MMSG-26990]
Some of the Runtime Settings:  	[MsgId: MMSG-27142]
    Download non-HTML resources: Yes  	[MsgId: MMSG-27018]
    Verification checks: No  	[MsgId: MMSG-27017]
    Convert from/to UTF-8: No  	[MsgId: MMSG-27016]
    Simulate a new user each iteration: Yes  	[MsgId: MMSG-27009]
    Non-critical item errors as warnings: Yes  	[MsgId: MMSG-27008]
    HTTP errors as warnings: No  	[MsgId: MMSG-27007]
    WinInet replay instead of Sockets: No  	[MsgId: MMSG-27006]
    HTTP version: 1.1  	[MsgId: MMSG-27005]
    Keep-Alive HTTP connections: Yes  	[MsgId: MMSG-27004]
    Max self Meta refresh updates: 2  	[MsgId: MMSG-27003]
    No proxy is used (direct connection to the Internet)  	[MsgId: MMSG-27171]
    DNS caching: Yes  	[MsgId: MMSG-27035]
    Simulate browser cache: Yes  	[MsgId: MMSG-27034]
        Cache URLs requiring content (e.g., HTMLs): Yes  	[MsgId: MMSG-27033]
            Additional URLs requiring content: None  	[MsgId: MMSG-27032]
        Check for newer versions every visit to the page: No  	[MsgId: MMSG-27031]
    Page download timeout (sec): 120  	[MsgId: MMSG-27030]
    Resource Page Timeout is a Warning: No  	[MsgId: MMSG-27029]
    ContentCheck enabled: Yes  	[MsgId: MMSG-27028]
    ContentCheck script-level file: "C:\Users\wing2\AppData\Local\Temp\lr5tmpdirqzI.452\lrcfglTA.453\LrwiAedScript.xml"  	[MsgId: MMSG-27027]
    Enable Web Page Breakdown: No  	[MsgId: MMSG-27026]
    Enable connection data points: Yes  	[MsgId: MMSG-27023]
    Process socket after reschedule: Yes  	[MsgId: MMSG-27022]
    Snapshot on error: No  	[MsgId: MMSG-27021]
    Define each step as a transaction: No  	[MsgId: MMSG-27020]
    Read beyond Content-Length: No  	[MsgId: MMSG-26994]
    Parse HTML Content-Type: TEXT  	[MsgId: MMSG-26999]
    Graph hits per second and HTTP status codes: Yes  	[MsgId: MMSG-26998]
    Graph response bytes per second: Yes  	[MsgId: MMSG-26997]
    Graph pages per second: No  	[MsgId: MMSG-26996]
    Web recorder version ID: 10  	[MsgId: MMSG-26995]
Ending action vuser_init.	[MsgId: MMSG-15918]
Running Vuser...	[MsgId: MMSG-15964]
Starting iteration 1.	[MsgId: MMSG-15968]
Maximum number of concurrent connections per server: 6  	[MsgId: MMSG-26989]
Starting action Action.	[MsgId: MMSG-15919]
Action.c(4): Notify: Transaction "UC_2_SearchTicket" started.	[MsgId: MMSG-16999]
Action.c(6): web_set_sockets_option started  	[MsgId: MMSG-26355]
Action.c(6): web_set_sockets_option was successful  	[MsgId: MMSG-26392]
Action.c(8): web_add_auto_header("Sec-Fetch-Dest") started  	[MsgId: MMSG-26355]
Action.c(8): An unrecognized header ("Sec-Fetch-Dest") is being added  	[MsgId: MMSG-26595]
Action.c(8): "Sec-Fetch-Dest: document" header registered for adding to requests from all following Action functions  	[MsgId: MMSG-26505]
Action.c(8): web_add_auto_header("Sec-Fetch-Dest") was successful  	[MsgId: MMSG-26392]
Action.c(11): web_add_auto_header("Sec-Fetch-Site") started  	[MsgId: MMSG-26355]
Action.c(11): An unrecognized header ("Sec-Fetch-Site") is being added  	[MsgId: MMSG-26595]
Action.c(11): "Sec-Fetch-Site: none" header registered for adding to requests from all following Action functions  	[MsgId: MMSG-26505]
Action.c(11): web_add_auto_header("Sec-Fetch-Site") was successful  	[MsgId: MMSG-26392]
Action.c(14): web_add_auto_header("Sec-Fetch-Mode") started  	[MsgId: MMSG-26355]
Action.c(14): An unrecognized header ("Sec-Fetch-Mode") is being added  	[MsgId: MMSG-26595]
Action.c(14): "Sec-Fetch-Mode: navigate" header registered for adding to requests from all following Action functions  	[MsgId: MMSG-26505]
Action.c(14): web_add_auto_header("Sec-Fetch-Mode") was successful  	[MsgId: MMSG-26392]
Action.c(17): web_add_auto_header("DNT") started  	[MsgId: MMSG-26355]
Action.c(17): An unrecognized header ("DNT") is being added  	[MsgId: MMSG-26595]
Action.c(17): "DNT: 1" header registered for adding to requests from all following Action functions  	[MsgId: MMSG-26505]
Action.c(17): web_add_auto_header("DNT") was successful  	[MsgId: MMSG-26392]
Action.c(20): web_add_auto_header("Sec-Fetch-User") started  	[MsgId: MMSG-26355]
Action.c(20): An unrecognized header ("Sec-Fetch-User") is being added  	[MsgId: MMSG-26595]
Action.c(20): "Sec-Fetch-User: ?1" header registered for adding to requests from all following Action functions  	[MsgId: MMSG-26505]
Action.c(20): web_add_auto_header("Sec-Fetch-User") was successful  	[MsgId: MMSG-26392]
Action.c(23): web_add_auto_header("Sec-GPC") started  	[MsgId: MMSG-26355]
Action.c(23): An unrecognized header ("Sec-GPC") is being added  	[MsgId: MMSG-26595]
Action.c(23): "Sec-GPC: 1" header registered for adding to requests from all following Action functions  	[MsgId: MMSG-26505]
Action.c(23): web_add_auto_header("Sec-GPC") was successful  	[MsgId: MMSG-26392]
Action.c(26): web_add_auto_header("Upgrade-Insecure-Requests") started  	[MsgId: MMSG-26355]
Action.c(26): An unrecognized header ("Upgrade-Insecure-Requests") is being added  	[MsgId: MMSG-26595]
Action.c(26): "Upgrade-Insecure-Requests: 1" header registered for adding to requests from all following Action functions  	[MsgId: MMSG-26505]
Action.c(26): web_add_auto_header("Upgrade-Insecure-Requests") was successful  	[MsgId: MMSG-26392]
Action.c(30): Notify: Transaction "IndexPage" started.	[MsgId: MMSG-16999]
Action.c(34): web_reg_save_param_attrib started  	[MsgId: MMSG-26355]
Action.c(34): Registering web_reg_save_param_attrib was successful  	[MsgId: MMSG-26390]
Action.c(45): web_reg_find started  	[MsgId: MMSG-26355]
Action.c(45): Registering web_reg_find was successful  	[MsgId: MMSG-26390]
Action.c(49): web_url("webtours") started  	[MsgId: MMSG-26355]
Action.c(49): t=468ms: Connecting [0] to host 127.0.0.1:1080  	[MsgId: MMSG-26000]
Starting iteration 1.	[MsgId: MMSG-15968]
Maximum number of concurrent connections per server: 6  	[MsgId: MMSG-26989]
Starting action Action.	[MsgId: MMSG-15919]
Action.c(4): Notify: Transaction "UC_2_SearchTicket" started.	[MsgId: MMSG-16999]
Action.c(6): web_set_sockets_option started  	[MsgId: MMSG-26355]
Action.c(6): web_set_sockets_option was successful  	[MsgId: MMSG-26392]
Action.c(8): web_add_auto_header("Sec-Fetch-Dest") started  	[MsgId: MMSG-26355]
Action.c(8): An unrecognized header ("Sec-Fetch-Dest") is being added  	[MsgId: MMSG-26595]
Action.c(8): "Sec-Fetch-Dest: document" header registered for adding to requests from all following Action functions  	[MsgId: MMSG-26505]
Action.c(8): web_add_auto_header("Sec-Fetch-Dest") was successful  	[MsgId: MMSG-26392]
Action.c(11): web_add_auto_header("Sec-Fetch-Site") started  	[MsgId: MMSG-26355]
Action.c(11): An unrecognized header ("Sec-Fetch-Site") is being added  	[MsgId: MMSG-26595]
Action.c(11): "Sec-Fetch-Site: none" header registered for adding to requests from all following Action functions  	[MsgId: MMSG-26505]
Action.c(11): web_add_auto_header("Sec-Fetch-Site") was successful  	[MsgId: MMSG-26392]
Action.c(14): web_add_auto_header("Sec-Fetch-Mode") started  	[MsgId: MMSG-26355]
Action.c(14): An unrecognized header ("Sec-Fetch-Mode") is being added  	[MsgId: MMSG-26595]
Action.c(14): "Sec-Fetch-Mode: navigate" header registered for adding to requests from all following Action functions  	[MsgId: MMSG-26505]
Action.c(14): web_add_auto_header("Sec-Fetch-Mode") was successful  	[MsgId: MMSG-26392]
Action.c(17): web_add_auto_header("DNT") started  	[MsgId: MMSG-26355]
Action.c(17): An unrecognized header ("DNT") is being added  	[MsgId: MMSG-26595]
Action.c(17): "DNT: 1" header registered for adding to requests from all following Action functions  	[MsgId: MMSG-26505]
Action.c(17): web_add_auto_header("DNT") was successful  	[MsgId: MMSG-26392]
Action.c(20): web_add_auto_header("Sec-Fetch-User") started  	[MsgId: MMSG-26355]
Action.c(20): An unrecognized header ("Sec-Fetch-User") is being added  	[MsgId: MMSG-26595]
Action.c(20): "Sec-Fetch-User: ?1" header registered for adding to requests from all following Action functions  	[MsgId: MMSG-26505]
Action.c(20): web_add_auto_header("Sec-Fetch-User") was successful  	[MsgId: MMSG-26392]
Action.c(23): web_add_auto_header("Sec-GPC") started  	[MsgId: MMSG-26355]
Action.c(23): An unrecognized header ("Sec-GPC") is being added  	[MsgId: MMSG-26595]
Action.c(23): "Sec-GPC: 1" header registered for adding to requests from all following Action functions  	[MsgId: MMSG-26505]
Action.c(23): web_add_auto_header("Sec-GPC") was successful  	[MsgId: MMSG-26392]
Action.c(26): web_add_auto_header("Upgrade-Insecure-Requests") started  	[MsgId: MMSG-26355]
Action.c(26): An unrecognized header ("Upgrade-Insecure-Requests") is being added  	[MsgId: MMSG-26595]
Action.c(26): "Upgrade-Insecure-Requests: 1" header registered for adding to requests from all following Action functions  	[MsgId: MMSG-26505]
Action.c(26): web_add_auto_header("Upgrade-Insecure-Requests") was successful  	[MsgId: MMSG-26392]
Action.c(30): Notify: Transaction "IndexPage" started.	[MsgId: MMSG-16999]
Action.c(34): web_reg_save_param_attrib started  	[MsgId: MMSG-26355]
Action.c(34): Registering web_reg_save_param_attrib was successful  	[MsgId: MMSG-26390]
Action.c(45): web_reg_find started  	[MsgId: MMSG-26355]
Action.c(45): Registering web_reg_find was successful  	[MsgId: MMSG-26390]
Action.c(49): web_url("webtours") started  	[MsgId: MMSG-26355]
Action.c(49): t=477ms: Connecting [0] to host 127.0.0.1:1080  	[MsgId: MMSG-26000]
Action.c(49): Error -27792: Failed to connect to server "localhost:1080": [10061] Connection refused  	[MsgId: MERR-27792]
Action.c(49): t=2494ms: Closed connection [0] to localhost:1080 after completing 0 request(s)  	[MsgId: MMSG-26000]
Action.c(49): Search registration for "userSession" parameter is filtered by "Content Type"  	[MsgId: MMSG-26000]
Action.c(49): Notify: Saving Parameter "userSession = ".	[MsgId: MMSG-13798]
Action.c(49): Error -35048: No match found for the requested parameter "userSession". Check whether the tag with specific attributes exists in the response data  	[MsgId: MERR-35048]
Action.c(49): Error -26366: "Text=Welcome to the Web Tours site" not found for web_reg_find  	[MsgId: MERR-26366]
Action.c(49): Error -26374: The above "not found" error(s) may be explained by header and body byte counts being 0 and 0, respectively.  	[MsgId: MERR-26374]
Action.c(49): web_url("webtours") highest severity level was "ERROR", 0 body bytes, 0 header bytes  	[MsgId: MMSG-26388]
Action.c(49): Notify: Transaction "IndexPage" ended with a "Fail" status (Duration: 2,0318 Wasted Time: 0,0005).	[MsgId: MMSG-16871]
Action.c(49): Notify: Transaction "IndexPage" has 3 error message(s).	[MsgId: MMSG-16818]
Action.c(49): Notify: The 1st error message associated with transaction "IndexPage" is "Error -27792: Failed to connect to server "localhost:1080": [10061] Connection refused"	[MsgId: MMSG-16819]
Action.c(49): Notify: The 2nd error message associated with transaction "IndexPage" is "Error -26366: "Text=Welcome to the Web Tours site" not found for web_reg_find"	[MsgId: MMSG-16819]
Action.c(49): Notify: The 3rd error message associated with transaction "IndexPage" is "Error -26374: The above "not found" error(s) may be explained by header and body byte counts being 0 and 0, respectively."	[MsgId: MMSG-16819]
Action.c(49): Notify: Transaction "UC_2_SearchTicket" ended with a "Fail" status (Duration: 2,0386 Wasted Time: 0,0005).	[MsgId: MMSG-16871]
Action.c(49): Notify: Transaction "UC_2_SearchTicket" has 3 error message(s).	[MsgId: MMSG-16818]
Action.c(49): Notify: The 1st error message associated with transaction "UC_2_SearchTicket" is "Error -27792: Failed to connect to server "localhost:1080": [10061] Connection refused"	[MsgId: MMSG-16819]
Action.c(49): Notify: The 2nd error message associated with transaction "UC_2_SearchTicket" is "Error -26366: "Text=Welcome to the Web Tours site" not found for web_reg_find"	[MsgId: MMSG-16819]
Action.c(49): Notify: The 3rd error message associated with transaction "UC_2_SearchTicket" is "Error -26374: The above "not found" error(s) may be explained by header and body byte counts being 0 and 0, respectively."	[MsgId: MMSG-16819]
Ending action Action.	[MsgId: MMSG-15918]
Ending iteration 1.	[MsgId: MMSG-15965]
Waiting 57,9600 seconds for iteration pacing.	[MsgId: MMSG-15996]
Action.c(49): Error -27792: Failed to connect to server "localhost:1080": [10061] Connection refused  	[MsgId: MERR-27792]
Action.c(49): t=2510ms: Closed connection [0] to localhost:1080 after completing 0 request(s)  	[MsgId: MMSG-26000]
Action.c(49): Search registration for "userSession" parameter is filtered by "Content Type"  	[MsgId: MMSG-26000]
Action.c(49): Notify: Saving Parameter "userSession = ".	[MsgId: MMSG-13798]
Action.c(49): Error -35048: No match found for the requested parameter "userSession". Check whether the tag with specific attributes exists in the response data  	[MsgId: MERR-35048]
Action.c(49): Error -26366: "Text=Welcome to the Web Tours site" not found for web_reg_find  	[MsgId: MERR-26366]
Action.c(49): Error -26374: The above "not found" error(s) may be explained by header and body byte counts being 0 and 0, respectively.  	[MsgId: MERR-26374]
Action.c(49): web_url("webtours") highest severity level was "ERROR", 0 body bytes, 0 header bytes  	[MsgId: MMSG-26388]
Action.c(49): Notify: Transaction "IndexPage" ended with a "Fail" status (Duration: 2,0344 Wasted Time: 0,0003).	[MsgId: MMSG-16871]
Action.c(49): Notify: Transaction "IndexPage" has 3 error message(s).	[MsgId: MMSG-16818]
Action.c(49): Notify: The 1st error message associated with transaction "IndexPage" is "Error -27792: Failed to connect to server "localhost:1080": [10061] Connection refused"	[MsgId: MMSG-16819]
Action.c(49): Notify: The 2nd error message associated with transaction "IndexPage" is "Error -26366: "Text=Welcome to the Web Tours site" not found for web_reg_find"	[MsgId: MMSG-16819]
Action.c(49): Notify: The 3rd error message associated with transaction "IndexPage" is "Error -26374: The above "not found" error(s) may be explained by header and body byte counts being 0 and 0, respectively."	[MsgId: MMSG-16819]
Action.c(49): Notify: Transaction "UC_2_SearchTicket" ended with a "Fail" status (Duration: 2,0376 Wasted Time: 0,0003).	[MsgId: MMSG-16871]
Action.c(49): Notify: Transaction "UC_2_SearchTicket" has 3 error message(s).	[MsgId: MMSG-16818]
Action.c(49): Notify: The 1st error message associated with transaction "UC_2_SearchTicket" is "Error -27792: Failed to connect to server "localhost:1080": [10061] Connection refused"	[MsgId: MMSG-16819]
Action.c(49): Notify: The 2nd error message associated with transaction "UC_2_SearchTicket" is "Error -26366: "Text=Welcome to the Web Tours site" not found for web_reg_find"	[MsgId: MMSG-16819]
Action.c(49): Notify: The 3rd error message associated with transaction "UC_2_SearchTicket" is "Error -26374: The above "not found" error(s) may be explained by header and body byte counts being 0 and 0, respectively."	[MsgId: MMSG-16819]
Ending action Action.	[MsgId: MMSG-15918]
Ending iteration 1.	[MsgId: MMSG-15965]
Waiting 57,9610 seconds for iteration pacing.	[MsgId: MMSG-15996]
Action was aborted.	[MsgId: MMSG-10694]
Ending Vuser...	[MsgId: MMSG-15966]
Starting action vuser_end.	[MsgId: MMSG-15919]
Ending action vuser_end.	[MsgId: MMSG-15918]
Vuser Terminated.	[MsgId: MMSG-15963]
Action was aborted.	[MsgId: MMSG-10694]
Ending Vuser...	[MsgId: MMSG-15966]
Starting action vuser_end.	[MsgId: MMSG-15919]
Ending action vuser_end.	[MsgId: MMSG-15918]
Vuser Terminated.	[MsgId: MMSG-15963]
HTML-Mode memory management statistics: Reusable=0, NonReusable=0, CsMemBlockSize=4096, checks disabled  	[MsgId: MMSG-26000]
Vuser 0 (thread 2768), ended OK."	[MsgId: MMSG-10695]
HTML-Mode memory management statistics: Reusable=0, NonReusable=0, CsMemBlockSize=4096, checks disabled  	[MsgId: MMSG-26000]
Vuser 1 (thread 8568), ended OK."	[MsgId: MMSG-10695]
