Virtual User Script started at: 06.02.2024 15:44:23	[MsgId: MMSG-15967]
Starting action vuser_init.	[MsgId: MMSG-15919]
Web Turbo Replay of LoadRunner 2020.0.0 for Windows 10; build 793 (ноя 27 2019 19:51:20)  	[MsgId: MMSG-26983]
Virtual User Script started at: 06.02.2024 15:44:23	[MsgId: MMSG-15967]
Run mode: HTML  	[MsgId: MMSG-26993]
Replay user agent: Mozilla/5.0 (Windows NT 10.0; Win64; x64; rv:122.0) Gecko/20100101 Firefox/122.0  	[MsgId: MMSG-26988]
Runtime Settings file: "C:\Users\wing2\AppData\Local\Temp\lr5tmpdirqzI.452\lrcfglTA.453\cfgOzA.472"  	[MsgId: MMSG-27141]
Vuser directory: "C:\Users\wing2\Desktop\scripts\UC_3_BuyTicket"  	[MsgId: MMSG-27052]
Starting action vuser_init.	[MsgId: MMSG-15919]
Web Turbo Replay of LoadRunner 2020.0.0 for Windows 10; build 793 (ноя 27 2019 19:51:20)  	[MsgId: MMSG-26983]
Run mode: HTML  	[MsgId: MMSG-26993]
Vuser output directory: "C:\Users\wing2\Desktop\scripts\UC_3_BuyTicket"  	[MsgId: MMSG-27050]
Replay user agent: Mozilla/5.0 (Windows NT 10.0; Win64; x64; rv:122.0) Gecko/20100101 Firefox/122.0  	[MsgId: MMSG-26988]
Operating system's current working directory: "C:\Users\wing2\Desktop\scripts\UC_3_BuyTicket"  	[MsgId: MMSG-27048]
Runtime Settings file: "C:\Users\wing2\AppData\Local\Temp\lr5tmpdirqzI.452\lrcfglTA.453\cfgOzA.472"  	[MsgId: MMSG-27141]
UTC (GMT) start date/time   : 2024-02-06 12:44:23  	[MsgId: MMSG-26992]
Vuser directory: "C:\Users\wing2\Desktop\scripts\UC_3_BuyTicket"  	[MsgId: MMSG-27052]
LOCAL start date/time       : 2024-02-06 15:44:23  	[MsgId: MMSG-26991]
Local daylight-Savings-Time : No  	[MsgId: MMSG-26990]
Some of the Runtime Settings:  	[MsgId: MMSG-27142]
    Download non-HTML resources: Yes  	[MsgId: MMSG-27018]
    Verification checks: No  	[MsgId: MMSG-27017]
    Convert from/to UTF-8: No  	[MsgId: MMSG-27016]
    Simulate a new user each iteration: Yes  	[MsgId: MMSG-27009]
Vuser output directory: "C:\Users\wing2\Desktop\scripts\UC_3_BuyTicket"  	[MsgId: MMSG-27050]
    Non-critical item errors as warnings: Yes  	[MsgId: MMSG-27008]
Operating system's current working directory: "C:\Users\wing2\Desktop\scripts\UC_3_BuyTicket"  	[MsgId: MMSG-27048]
    HTTP errors as warnings: No  	[MsgId: MMSG-27007]
UTC (GMT) start date/time   : 2024-02-06 12:44:23  	[MsgId: MMSG-26992]
    WinInet replay instead of Sockets: No  	[MsgId: MMSG-27006]
LOCAL start date/time       : 2024-02-06 15:44:23  	[MsgId: MMSG-26991]
    HTTP version: 1.1  	[MsgId: MMSG-27005]
Local daylight-Savings-Time : No  	[MsgId: MMSG-26990]
    Keep-Alive HTTP connections: Yes  	[MsgId: MMSG-27004]
    Max self Meta refresh updates: 2  	[MsgId: MMSG-27003]
Some of the Runtime Settings:  	[MsgId: MMSG-27142]
    No proxy is used (direct connection to the Internet)  	[MsgId: MMSG-27171]
    DNS caching: Yes  	[MsgId: MMSG-27035]
    Simulate browser cache: Yes  	[MsgId: MMSG-27034]
    Download non-HTML resources: Yes  	[MsgId: MMSG-27018]
        Cache URLs requiring content (e.g., HTMLs): Yes  	[MsgId: MMSG-27033]
    Verification checks: No  	[MsgId: MMSG-27017]
    Convert from/to UTF-8: No  	[MsgId: MMSG-27016]
            Additional URLs requiring content: None  	[MsgId: MMSG-27032]
    Simulate a new user each iteration: Yes  	[MsgId: MMSG-27009]
        Check for newer versions every visit to the page: No  	[MsgId: MMSG-27031]
    Non-critical item errors as warnings: Yes  	[MsgId: MMSG-27008]
    Page download timeout (sec): 120  	[MsgId: MMSG-27030]
    HTTP errors as warnings: No  	[MsgId: MMSG-27007]
    WinInet replay instead of Sockets: No  	[MsgId: MMSG-27006]
    HTTP version: 1.1  	[MsgId: MMSG-27005]
    Keep-Alive HTTP connections: Yes  	[MsgId: MMSG-27004]
    Resource Page Timeout is a Warning: No  	[MsgId: MMSG-27029]
    Max self Meta refresh updates: 2  	[MsgId: MMSG-27003]
    ContentCheck enabled: Yes  	[MsgId: MMSG-27028]
    No proxy is used (direct connection to the Internet)  	[MsgId: MMSG-27171]
    ContentCheck script-level file: "C:\Users\wing2\AppData\Local\Temp\lr5tmpdirqzI.452\lrcfglTA.453\LrwiAedScript.xml"  	[MsgId: MMSG-27027]
    DNS caching: Yes  	[MsgId: MMSG-27035]
    Enable Web Page Breakdown: No  	[MsgId: MMSG-27026]
    Simulate browser cache: Yes  	[MsgId: MMSG-27034]
    Enable connection data points: Yes  	[MsgId: MMSG-27023]
        Cache URLs requiring content (e.g., HTMLs): Yes  	[MsgId: MMSG-27033]
    Process socket after reschedule: Yes  	[MsgId: MMSG-27022]
            Additional URLs requiring content: None  	[MsgId: MMSG-27032]
    Snapshot on error: No  	[MsgId: MMSG-27021]
        Check for newer versions every visit to the page: No  	[MsgId: MMSG-27031]
    Define each step as a transaction: No  	[MsgId: MMSG-27020]
    Page download timeout (sec): 120  	[MsgId: MMSG-27030]
    Read beyond Content-Length: No  	[MsgId: MMSG-26994]
    Resource Page Timeout is a Warning: No  	[MsgId: MMSG-27029]
    Parse HTML Content-Type: TEXT  	[MsgId: MMSG-26999]
    ContentCheck enabled: Yes  	[MsgId: MMSG-27028]
    Graph hits per second and HTTP status codes: Yes  	[MsgId: MMSG-26998]
    ContentCheck script-level file: "C:\Users\wing2\AppData\Local\Temp\lr5tmpdirqzI.452\lrcfglTA.453\LrwiAedScript.xml"  	[MsgId: MMSG-27027]
    Enable Web Page Breakdown: Yes  	[MsgId: MMSG-27026]
    Graph response bytes per second: Yes  	[MsgId: MMSG-26997]
    Enable connection data points: Yes  	[MsgId: MMSG-27023]
    Graph pages per second: No  	[MsgId: MMSG-26996]
    Process socket after reschedule: Yes  	[MsgId: MMSG-27022]
    Snapshot on error: No  	[MsgId: MMSG-27021]
    Web recorder version ID: 10  	[MsgId: MMSG-26995]
    Define each step as a transaction: No  	[MsgId: MMSG-27020]
    Read beyond Content-Length: No  	[MsgId: MMSG-26994]
    Parse HTML Content-Type: TEXT  	[MsgId: MMSG-26999]
    Graph hits per second and HTTP status codes: Yes  	[MsgId: MMSG-26998]
    Graph response bytes per second: Yes  	[MsgId: MMSG-26997]
    Graph pages per second: No  	[MsgId: MMSG-26996]
    Web recorder version ID: 10  	[MsgId: MMSG-26995]
Ending action vuser_init.	[MsgId: MMSG-15918]
Ending action vuser_init.	[MsgId: MMSG-15918]
Running Vuser...	[MsgId: MMSG-15964]
Running Vuser...	[MsgId: MMSG-15964]
Starting iteration 1.	[MsgId: MMSG-15968]
Maximum number of concurrent connections per server: 6  	[MsgId: MMSG-26989]
Starting action Action.	[MsgId: MMSG-15919]
Action.c(11): Notify: Transaction "UC1_Buy_Ticket" started.	[MsgId: MMSG-16999]
Action.c(13): web_set_sockets_option started  	[MsgId: MMSG-26355]
Action.c(13): web_set_sockets_option was successful  	[MsgId: MMSG-26392]
Action.c(15): web_add_auto_header("Sec-Fetch-Dest") started  	[MsgId: MMSG-26355]
Action.c(15): An unrecognized header ("Sec-Fetch-Dest") is being added  	[MsgId: MMSG-26595]
Action.c(15): "Sec-Fetch-Dest: document" header registered for adding to requests from all following Action functions  	[MsgId: MMSG-26505]
Action.c(15): web_add_auto_header("Sec-Fetch-Dest") was successful  	[MsgId: MMSG-26392]
Action.c(18): web_add_auto_header("Sec-Fetch-Site") started  	[MsgId: MMSG-26355]
Action.c(18): An unrecognized header ("Sec-Fetch-Site") is being added  	[MsgId: MMSG-26595]
Action.c(18): "Sec-Fetch-Site: none" header registered for adding to requests from all following Action functions  	[MsgId: MMSG-26505]
Action.c(18): web_add_auto_header("Sec-Fetch-Site") was successful  	[MsgId: MMSG-26392]
Action.c(21): web_add_auto_header("Sec-Fetch-Mode") started  	[MsgId: MMSG-26355]
Action.c(21): An unrecognized header ("Sec-Fetch-Mode") is being added  	[MsgId: MMSG-26595]
Action.c(21): "Sec-Fetch-Mode: navigate" header registered for adding to requests from all following Action functions  	[MsgId: MMSG-26505]
Action.c(21): web_add_auto_header("Sec-Fetch-Mode") was successful  	[MsgId: MMSG-26392]
Action.c(24): web_add_auto_header("DNT") started  	[MsgId: MMSG-26355]
Action.c(24): An unrecognized header ("DNT") is being added  	[MsgId: MMSG-26595]
Action.c(24): "DNT: 1" header registered for adding to requests from all following Action functions  	[MsgId: MMSG-26505]
Action.c(24): web_add_auto_header("DNT") was successful  	[MsgId: MMSG-26392]
Action.c(27): web_add_auto_header("Sec-Fetch-User") started  	[MsgId: MMSG-26355]
Action.c(27): An unrecognized header ("Sec-Fetch-User") is being added  	[MsgId: MMSG-26595]
Action.c(27): "Sec-Fetch-User: ?1" header registered for adding to requests from all following Action functions  	[MsgId: MMSG-26505]
Action.c(27): web_add_auto_header("Sec-Fetch-User") was successful  	[MsgId: MMSG-26392]
Action.c(30): web_add_auto_header("Sec-GPC") started  	[MsgId: MMSG-26355]
Action.c(30): An unrecognized header ("Sec-GPC") is being added  	[MsgId: MMSG-26595]
Action.c(30): "Sec-GPC: 1" header registered for adding to requests from all following Action functions  	[MsgId: MMSG-26505]
Action.c(30): web_add_auto_header("Sec-GPC") was successful  	[MsgId: MMSG-26392]
Action.c(33): web_add_auto_header("Upgrade-Insecure-Requests") started  	[MsgId: MMSG-26355]
Action.c(33): An unrecognized header ("Upgrade-Insecure-Requests") is being added  	[MsgId: MMSG-26595]
Action.c(33): "Upgrade-Insecure-Requests: 1" header registered for adding to requests from all following Action functions  	[MsgId: MMSG-26505]
Action.c(33): web_add_auto_header("Upgrade-Insecure-Requests") was successful  	[MsgId: MMSG-26392]
Action.c(37): Notify: Transaction "IndexPage" started.	[MsgId: MMSG-16999]
Action.c(41): web_reg_save_param_attrib started  	[MsgId: MMSG-26355]
Action.c(41): Registering web_reg_save_param_attrib was successful  	[MsgId: MMSG-26390]
Action.c(52): web_reg_find started  	[MsgId: MMSG-26355]
Action.c(52): Registering web_reg_find was successful  	[MsgId: MMSG-26390]
Action.c(56): web_url("webtours") started  	[MsgId: MMSG-26355]
Action.c(56): t=470ms: Connecting [0] to host 127.0.0.1:1080  	[MsgId: MMSG-26000]
Starting iteration 1.	[MsgId: MMSG-15968]
Maximum number of concurrent connections per server: 6  	[MsgId: MMSG-26989]
Starting action Action.	[MsgId: MMSG-15919]
Action.c(11): Notify: Transaction "UC1_Buy_Ticket" started.	[MsgId: MMSG-16999]
Action.c(13): web_set_sockets_option started  	[MsgId: MMSG-26355]
Action.c(13): web_set_sockets_option was successful  	[MsgId: MMSG-26392]
Action.c(15): web_add_auto_header("Sec-Fetch-Dest") started  	[MsgId: MMSG-26355]
Action.c(15): An unrecognized header ("Sec-Fetch-Dest") is being added  	[MsgId: MMSG-26595]
Action.c(15): "Sec-Fetch-Dest: document" header registered for adding to requests from all following Action functions  	[MsgId: MMSG-26505]
Action.c(15): web_add_auto_header("Sec-Fetch-Dest") was successful  	[MsgId: MMSG-26392]
Action.c(18): web_add_auto_header("Sec-Fetch-Site") started  	[MsgId: MMSG-26355]
Action.c(18): An unrecognized header ("Sec-Fetch-Site") is being added  	[MsgId: MMSG-26595]
Action.c(18): "Sec-Fetch-Site: none" header registered for adding to requests from all following Action functions  	[MsgId: MMSG-26505]
Action.c(18): web_add_auto_header("Sec-Fetch-Site") was successful  	[MsgId: MMSG-26392]
Action.c(21): web_add_auto_header("Sec-Fetch-Mode") started  	[MsgId: MMSG-26355]
Action.c(21): An unrecognized header ("Sec-Fetch-Mode") is being added  	[MsgId: MMSG-26595]
Action.c(21): "Sec-Fetch-Mode: navigate" header registered for adding to requests from all following Action functions  	[MsgId: MMSG-26505]
Action.c(21): web_add_auto_header("Sec-Fetch-Mode") was successful  	[MsgId: MMSG-26392]
Action.c(24): web_add_auto_header("DNT") started  	[MsgId: MMSG-26355]
Action.c(24): An unrecognized header ("DNT") is being added  	[MsgId: MMSG-26595]
Action.c(24): "DNT: 1" header registered for adding to requests from all following Action functions  	[MsgId: MMSG-26505]
Action.c(24): web_add_auto_header("DNT") was successful  	[MsgId: MMSG-26392]
Action.c(27): web_add_auto_header("Sec-Fetch-User") started  	[MsgId: MMSG-26355]
Action.c(27): An unrecognized header ("Sec-Fetch-User") is being added  	[MsgId: MMSG-26595]
Action.c(27): "Sec-Fetch-User: ?1" header registered for adding to requests from all following Action functions  	[MsgId: MMSG-26505]
Action.c(27): web_add_auto_header("Sec-Fetch-User") was successful  	[MsgId: MMSG-26392]
Action.c(30): web_add_auto_header("Sec-GPC") started  	[MsgId: MMSG-26355]
Action.c(30): An unrecognized header ("Sec-GPC") is being added  	[MsgId: MMSG-26595]
Action.c(30): "Sec-GPC: 1" header registered for adding to requests from all following Action functions  	[MsgId: MMSG-26505]
Action.c(30): web_add_auto_header("Sec-GPC") was successful  	[MsgId: MMSG-26392]
Action.c(33): web_add_auto_header("Upgrade-Insecure-Requests") started  	[MsgId: MMSG-26355]
Action.c(33): An unrecognized header ("Upgrade-Insecure-Requests") is being added  	[MsgId: MMSG-26595]
Action.c(33): "Upgrade-Insecure-Requests: 1" header registered for adding to requests from all following Action functions  	[MsgId: MMSG-26505]
Action.c(33): web_add_auto_header("Upgrade-Insecure-Requests") was successful  	[MsgId: MMSG-26392]
Action.c(37): Notify: Transaction "IndexPage" started.	[MsgId: MMSG-16999]
Action.c(41): web_reg_save_param_attrib started  	[MsgId: MMSG-26355]
Action.c(41): Registering web_reg_save_param_attrib was successful  	[MsgId: MMSG-26390]
Action.c(52): web_reg_find started  	[MsgId: MMSG-26355]
Action.c(52): Registering web_reg_find was successful  	[MsgId: MMSG-26390]
Action.c(56): web_url("webtours") started  	[MsgId: MMSG-26355]
Action.c(56): t=476ms: Connecting [0] to host 127.0.0.1:1080  	[MsgId: MMSG-26000]
Virtual User Script started at: 06.02.2024 15:44:23	[MsgId: MMSG-15967]
Starting action vuser_init.	[MsgId: MMSG-15919]
Web Turbo Replay of LoadRunner 2020.0.0 for Windows 10; build 793 (ноя 27 2019 19:51:20)  	[MsgId: MMSG-26983]
Run mode: HTML  	[MsgId: MMSG-26993]
Replay user agent: Mozilla/5.0 (Windows NT 10.0; Win64; x64; rv:122.0) Gecko/20100101 Firefox/122.0  	[MsgId: MMSG-26988]
Runtime Settings file: "C:\Users\wing2\AppData\Local\Temp\lr5tmpdirqzI.452\lrcfglTA.453\cfgOzA.472"  	[MsgId: MMSG-27141]
Vuser directory: "C:\Users\wing2\Desktop\scripts\UC_3_BuyTicket"  	[MsgId: MMSG-27052]
Vuser output directory: "C:\Users\wing2\Desktop\scripts\UC_3_BuyTicket"  	[MsgId: MMSG-27050]
Operating system's current working directory: "C:\Users\wing2\Desktop\scripts\UC_3_BuyTicket"  	[MsgId: MMSG-27048]
UTC (GMT) start date/time   : 2024-02-06 12:44:23  	[MsgId: MMSG-26992]
LOCAL start date/time       : 2024-02-06 15:44:23  	[MsgId: MMSG-26991]
Local daylight-Savings-Time : No  	[MsgId: MMSG-26990]
Some of the Runtime Settings:  	[MsgId: MMSG-27142]
    Download non-HTML resources: Yes  	[MsgId: MMSG-27018]
    Verification checks: No  	[MsgId: MMSG-27017]
    Convert from/to UTF-8: No  	[MsgId: MMSG-27016]
    Simulate a new user each iteration: Yes  	[MsgId: MMSG-27009]
    Non-critical item errors as warnings: Yes  	[MsgId: MMSG-27008]
    HTTP errors as warnings: No  	[MsgId: MMSG-27007]
    WinInet replay instead of Sockets: No  	[MsgId: MMSG-27006]
    HTTP version: 1.1  	[MsgId: MMSG-27005]
    Keep-Alive HTTP connections: Yes  	[MsgId: MMSG-27004]
    Max self Meta refresh updates: 2  	[MsgId: MMSG-27003]
    No proxy is used (direct connection to the Internet)  	[MsgId: MMSG-27171]
    DNS caching: Yes  	[MsgId: MMSG-27035]
    Simulate browser cache: Yes  	[MsgId: MMSG-27034]
        Cache URLs requiring content (e.g., HTMLs): Yes  	[MsgId: MMSG-27033]
            Additional URLs requiring content: None  	[MsgId: MMSG-27032]
        Check for newer versions every visit to the page: No  	[MsgId: MMSG-27031]
    Page download timeout (sec): 120  	[MsgId: MMSG-27030]
    Resource Page Timeout is a Warning: No  	[MsgId: MMSG-27029]
    ContentCheck enabled: Yes  	[MsgId: MMSG-27028]
    ContentCheck script-level file: "C:\Users\wing2\AppData\Local\Temp\lr5tmpdirqzI.452\lrcfglTA.453\LrwiAedScript.xml"  	[MsgId: MMSG-27027]
    Enable Web Page Breakdown: No  	[MsgId: MMSG-27026]
    Enable connection data points: Yes  	[MsgId: MMSG-27023]
    Process socket after reschedule: Yes  	[MsgId: MMSG-27022]
    Snapshot on error: No  	[MsgId: MMSG-27021]
    Define each step as a transaction: No  	[MsgId: MMSG-27020]
    Read beyond Content-Length: No  	[MsgId: MMSG-26994]
    Parse HTML Content-Type: TEXT  	[MsgId: MMSG-26999]
    Graph hits per second and HTTP status codes: Yes  	[MsgId: MMSG-26998]
    Graph response bytes per second: Yes  	[MsgId: MMSG-26997]
    Graph pages per second: No  	[MsgId: MMSG-26996]
    Web recorder version ID: 10  	[MsgId: MMSG-26995]
Ending action vuser_init.	[MsgId: MMSG-15918]
Running Vuser...	[MsgId: MMSG-15964]
Starting iteration 1.	[MsgId: MMSG-15968]
Maximum number of concurrent connections per server: 6  	[MsgId: MMSG-26989]
Starting action Action.	[MsgId: MMSG-15919]
Action.c(11): Notify: Transaction "UC1_Buy_Ticket" started.	[MsgId: MMSG-16999]
Action.c(13): web_set_sockets_option started  	[MsgId: MMSG-26355]
Action.c(13): web_set_sockets_option was successful  	[MsgId: MMSG-26392]
Action.c(15): web_add_auto_header("Sec-Fetch-Dest") started  	[MsgId: MMSG-26355]
Action.c(15): An unrecognized header ("Sec-Fetch-Dest") is being added  	[MsgId: MMSG-26595]
Action.c(15): "Sec-Fetch-Dest: document" header registered for adding to requests from all following Action functions  	[MsgId: MMSG-26505]
Action.c(15): web_add_auto_header("Sec-Fetch-Dest") was successful  	[MsgId: MMSG-26392]
Action.c(18): web_add_auto_header("Sec-Fetch-Site") started  	[MsgId: MMSG-26355]
Action.c(18): An unrecognized header ("Sec-Fetch-Site") is being added  	[MsgId: MMSG-26595]
Action.c(18): "Sec-Fetch-Site: none" header registered for adding to requests from all following Action functions  	[MsgId: MMSG-26505]
Action.c(18): web_add_auto_header("Sec-Fetch-Site") was successful  	[MsgId: MMSG-26392]
Action.c(21): web_add_auto_header("Sec-Fetch-Mode") started  	[MsgId: MMSG-26355]
Action.c(21): An unrecognized header ("Sec-Fetch-Mode") is being added  	[MsgId: MMSG-26595]
Action.c(21): "Sec-Fetch-Mode: navigate" header registered for adding to requests from all following Action functions  	[MsgId: MMSG-26505]
Action.c(21): web_add_auto_header("Sec-Fetch-Mode") was successful  	[MsgId: MMSG-26392]
Action.c(24): web_add_auto_header("DNT") started  	[MsgId: MMSG-26355]
Action.c(24): An unrecognized header ("DNT") is being added  	[MsgId: MMSG-26595]
Action.c(24): "DNT: 1" header registered for adding to requests from all following Action functions  	[MsgId: MMSG-26505]
Action.c(24): web_add_auto_header("DNT") was successful  	[MsgId: MMSG-26392]
Action.c(27): web_add_auto_header("Sec-Fetch-User") started  	[MsgId: MMSG-26355]
Action.c(27): An unrecognized header ("Sec-Fetch-User") is being added  	[MsgId: MMSG-26595]
Action.c(27): "Sec-Fetch-User: ?1" header registered for adding to requests from all following Action functions  	[MsgId: MMSG-26505]
Action.c(27): web_add_auto_header("Sec-Fetch-User") was successful  	[MsgId: MMSG-26392]
Action.c(30): web_add_auto_header("Sec-GPC") started  	[MsgId: MMSG-26355]
Action.c(30): An unrecognized header ("Sec-GPC") is being added  	[MsgId: MMSG-26595]
Action.c(30): "Sec-GPC: 1" header registered for adding to requests from all following Action functions  	[MsgId: MMSG-26505]
Action.c(30): web_add_auto_header("Sec-GPC") was successful  	[MsgId: MMSG-26392]
Action.c(33): web_add_auto_header("Upgrade-Insecure-Requests") started  	[MsgId: MMSG-26355]
Action.c(33): An unrecognized header ("Upgrade-Insecure-Requests") is being added  	[MsgId: MMSG-26595]
Action.c(33): "Upgrade-Insecure-Requests: 1" header registered for adding to requests from all following Action functions  	[MsgId: MMSG-26505]
Action.c(33): web_add_auto_header("Upgrade-Insecure-Requests") was successful  	[MsgId: MMSG-26392]
Action.c(37): Notify: Transaction "IndexPage" started.	[MsgId: MMSG-16999]
Action.c(41): web_reg_save_param_attrib started  	[MsgId: MMSG-26355]
Action.c(41): Registering web_reg_save_param_attrib was successful  	[MsgId: MMSG-26390]
Action.c(52): web_reg_find started  	[MsgId: MMSG-26355]
Action.c(52): Registering web_reg_find was successful  	[MsgId: MMSG-26390]
Action.c(56): web_url("webtours") started  	[MsgId: MMSG-26355]
Action.c(56): t=496ms: Connecting [0] to host 127.0.0.1:1080  	[MsgId: MMSG-26000]
Action.c(56): Error -27792: Failed to connect to server "localhost:1080": [10061] Connection refused  	[MsgId: MERR-27792]
Action.c(56): Error -27792: Failed to connect to server "localhost:1080": [10061] Connection refused  	[MsgId: MERR-27792]
Action.c(56): t=2509ms: Closed connection [0] to localhost:1080 after completing 0 request(s)  	[MsgId: MMSG-26000]
Action.c(56): t=2509ms: Closed connection [0] to localhost:1080 after completing 0 request(s)  	[MsgId: MMSG-26000]
Action.c(56): Search registration for "userSession" parameter is filtered by "Content Type"  	[MsgId: MMSG-26000]
Action.c(56): Search registration for "userSession" parameter is filtered by "Content Type"  	[MsgId: MMSG-26000]
Action.c(56): Notify: Saving Parameter "userSession = ".	[MsgId: MMSG-13798]
Action.c(56): Notify: Saving Parameter "userSession = ".	[MsgId: MMSG-13798]
Action.c(56): Error -35048: No match found for the requested parameter "userSession". Check whether the tag with specific attributes exists in the response data  	[MsgId: MERR-35048]
Action.c(56): Error -35048: No match found for the requested parameter "userSession". Check whether the tag with specific attributes exists in the response data  	[MsgId: MERR-35048]
Action.c(56): Error -26366: "Text=Welcome to the Web Tours site" not found for web_reg_find  	[MsgId: MERR-26366]
Action.c(56): Error -26366: "Text=Welcome to the Web Tours site" not found for web_reg_find  	[MsgId: MERR-26366]
Action.c(56): Error -26374: The above "not found" error(s) may be explained by header and body byte counts being 0 and 0, respectively.  	[MsgId: MERR-26374]
Action.c(56): Error -26374: The above "not found" error(s) may be explained by header and body byte counts being 0 and 0, respectively.  	[MsgId: MERR-26374]
Action.c(56): web_url("webtours") highest severity level was "ERROR", 0 body bytes, 0 header bytes  	[MsgId: MMSG-26388]
Action.c(56): web_url("webtours") highest severity level was "ERROR", 0 body bytes, 0 header bytes  	[MsgId: MMSG-26388]
Action.c(56): Notify: Transaction "IndexPage" ended with a "Fail" status (Duration: 2,0353 Wasted Time: 0,0005).	[MsgId: MMSG-16871]
Action.c(56): Notify: Transaction "IndexPage" ended with a "Fail" status (Duration: 2,0459 Wasted Time: 0,0007).	[MsgId: MMSG-16871]
Action.c(56): Notify: Transaction "IndexPage" has 3 error message(s).	[MsgId: MMSG-16818]
Action.c(56): Notify: Transaction "IndexPage" has 3 error message(s).	[MsgId: MMSG-16818]
Action.c(56): Notify: The 1st error message associated with transaction "IndexPage" is "Error -27792: Failed to connect to server "localhost:1080": [10061] Connection refused"	[MsgId: MMSG-16819]
Action.c(56): Notify: The 1st error message associated with transaction "IndexPage" is "Error -27792: Failed to connect to server "localhost:1080": [10061] Connection refused"	[MsgId: MMSG-16819]
Action.c(56): Notify: The 2nd error message associated with transaction "IndexPage" is "Error -26366: "Text=Welcome to the Web Tours site" not found for web_reg_find"	[MsgId: MMSG-16819]
Action.c(56): Notify: The 2nd error message associated with transaction "IndexPage" is "Error -26366: "Text=Welcome to the Web Tours site" not found for web_reg_find"	[MsgId: MMSG-16819]
Action.c(56): Notify: The 3rd error message associated with transaction "IndexPage" is "Error -26374: The above "not found" error(s) may be explained by header and body byte counts being 0 and 0, respectively."	[MsgId: MMSG-16819]
Action.c(56): Notify: The 3rd error message associated with transaction "IndexPage" is "Error -26374: The above "not found" error(s) may be explained by header and body byte counts being 0 and 0, respectively."	[MsgId: MMSG-16819]
Action.c(56): Notify: Transaction "UC1_Buy_Ticket" ended with a "Fail" status (Duration: 2,0390 Wasted Time: 0,0005).	[MsgId: MMSG-16871]
Action.c(56): Notify: Transaction "UC1_Buy_Ticket" ended with a "Fail" status (Duration: 2,0479 Wasted Time: 0,0007).	[MsgId: MMSG-16871]
Action.c(56): Notify: Transaction "UC1_Buy_Ticket" has 3 error message(s).	[MsgId: MMSG-16818]
Action.c(56): Notify: Transaction "UC1_Buy_Ticket" has 3 error message(s).	[MsgId: MMSG-16818]
Action.c(56): Notify: The 1st error message associated with transaction "UC1_Buy_Ticket" is "Error -27792: Failed to connect to server "localhost:1080": [10061] Connection refused"	[MsgId: MMSG-16819]
Action.c(56): Notify: The 1st error message associated with transaction "UC1_Buy_Ticket" is "Error -27792: Failed to connect to server "localhost:1080": [10061] Connection refused"	[MsgId: MMSG-16819]
Action.c(56): Notify: The 2nd error message associated with transaction "UC1_Buy_Ticket" is "Error -26366: "Text=Welcome to the Web Tours site" not found for web_reg_find"	[MsgId: MMSG-16819]
Action.c(56): Notify: The 2nd error message associated with transaction "UC1_Buy_Ticket" is "Error -26366: "Text=Welcome to the Web Tours site" not found for web_reg_find"	[MsgId: MMSG-16819]
Action.c(56): Notify: The 3rd error message associated with transaction "UC1_Buy_Ticket" is "Error -26374: The above "not found" error(s) may be explained by header and body byte counts being 0 and 0, respectively."	[MsgId: MMSG-16819]
Action.c(56): Notify: The 3rd error message associated with transaction "UC1_Buy_Ticket" is "Error -26374: The above "not found" error(s) may be explained by header and body byte counts being 0 and 0, respectively."	[MsgId: MMSG-16819]
Ending action Action.	[MsgId: MMSG-15918]
Ending action Action.	[MsgId: MMSG-15918]
Ending iteration 1.	[MsgId: MMSG-15965]
Ending iteration 1.	[MsgId: MMSG-15965]
Waiting 7,9600 seconds for iteration pacing.	[MsgId: MMSG-15996]
Waiting 7,9440 seconds for iteration pacing.	[MsgId: MMSG-15996]
Action.c(56): Error -27792: Failed to connect to server "localhost:1080": [10061] Connection refused  	[MsgId: MERR-27792]
Action.c(56): t=2540ms: Closed connection [0] to localhost:1080 after completing 0 request(s)  	[MsgId: MMSG-26000]
Action.c(56): Search registration for "userSession" parameter is filtered by "Content Type"  	[MsgId: MMSG-26000]
Action.c(56): Notify: Saving Parameter "userSession = ".	[MsgId: MMSG-13798]
Action.c(56): Error -35048: No match found for the requested parameter "userSession". Check whether the tag with specific attributes exists in the response data  	[MsgId: MERR-35048]
Action.c(56): Error -26366: "Text=Welcome to the Web Tours site" not found for web_reg_find  	[MsgId: MERR-26366]
Action.c(56): Error -26374: The above "not found" error(s) may be explained by header and body byte counts being 0 and 0, respectively.  	[MsgId: MERR-26374]
Action.c(56): web_url("webtours") highest severity level was "ERROR", 0 body bytes, 0 header bytes  	[MsgId: MMSG-26388]
Action.c(56): Notify: Transaction "IndexPage" ended with a "Fail" status (Duration: 2,0464 Wasted Time: 0,0004).	[MsgId: MMSG-16871]
Action.c(56): Notify: Transaction "IndexPage" has 3 error message(s).	[MsgId: MMSG-16818]
Action.c(56): Notify: The 1st error message associated with transaction "IndexPage" is "Error -27792: Failed to connect to server "localhost:1080": [10061] Connection refused"	[MsgId: MMSG-16819]
Action.c(56): Notify: The 2nd error message associated with transaction "IndexPage" is "Error -26366: "Text=Welcome to the Web Tours site" not found for web_reg_find"	[MsgId: MMSG-16819]
Action.c(56): Notify: The 3rd error message associated with transaction "IndexPage" is "Error -26374: The above "not found" error(s) may be explained by header and body byte counts being 0 and 0, respectively."	[MsgId: MMSG-16819]
Action.c(56): Notify: Transaction "UC1_Buy_Ticket" ended with a "Fail" status (Duration: 2,0485 Wasted Time: 0,0004).	[MsgId: MMSG-16871]
Action.c(56): Notify: Transaction "UC1_Buy_Ticket" has 3 error message(s).	[MsgId: MMSG-16818]
Action.c(56): Notify: The 1st error message associated with transaction "UC1_Buy_Ticket" is "Error -27792: Failed to connect to server "localhost:1080": [10061] Connection refused"	[MsgId: MMSG-16819]
Action.c(56): Notify: The 2nd error message associated with transaction "UC1_Buy_Ticket" is "Error -26366: "Text=Welcome to the Web Tours site" not found for web_reg_find"	[MsgId: MMSG-16819]
Action.c(56): Notify: The 3rd error message associated with transaction "UC1_Buy_Ticket" is "Error -26374: The above "not found" error(s) may be explained by header and body byte counts being 0 and 0, respectively."	[MsgId: MMSG-16819]
Ending action Action.	[MsgId: MMSG-15918]
Ending iteration 1.	[MsgId: MMSG-15965]
Waiting 7,9510 seconds for iteration pacing.	[MsgId: MMSG-15996]
Starting iteration 2.	[MsgId: MMSG-15968]
Action.c(56): Resetting all proxy auto-configuration information  	[MsgId: MMSG-26000]
Notify: Next row for parameter coach = 1 [table  = coach].	[MsgId: MMSG-13876]
Notify: Getting new value for parameter 'coach': table = '..\dataPool\coach.dat' column = '0' row = '1'.	[MsgId: MMSG-13877]
Notify: Next row for parameter letter = 23 [table  = letter].	[MsgId: MMSG-13876]
Notify: Getting new value for parameter 'letter': table = '..\dataPool\alpha.dat' column = '0' row = '23'.	[MsgId: MMSG-13877]
Notify: Next row for parameter seatPref = 1 [table  = seatPref].	[MsgId: MMSG-13876]
Notify: Getting new value for parameter 'seatPref': table = '..\dataPool\seatPref.dat' column = '0' row = '1'.	[MsgId: MMSG-13877]
Notify: Next row for parameter login = 8 [table  = login].	[MsgId: MMSG-13876]
Notify: Getting new value for parameter 'login': table = '..\dataPool\users.dat' column = '0' row = '8'.	[MsgId: MMSG-13877]
Notify: Next row for parameter LastName = 8 [table  = LastName].	[MsgId: MMSG-13876]
Notify: Getting new value for parameter 'LastName': table = '..\dataPool\users.dat' column = '3' row = '8'.	[MsgId: MMSG-13877]
Notify: Next row for parameter password = 8 [table  = password].	[MsgId: MMSG-13876]
Notify: Getting new value for parameter 'password': table = '..\dataPool\users.dat' column = '1' row = '8'.	[MsgId: MMSG-13877]
Notify: Next row for parameter city = 8 [table  = city].	[MsgId: MMSG-13876]
Notify: Getting new value for parameter 'city': table = '..\dataPool\users.dat' column = '5' row = '8'.	[MsgId: MMSG-13877]
Notify: Next row for parameter exp = 8 [table  = exp].	[MsgId: MMSG-13876]
Notify: Getting new value for parameter 'exp': table = '..\dataPool\users.dat' column = '8' row = '8'.	[MsgId: MMSG-13877]
Notify: Next row for parameter FirstName = 8 [table  = FirstName].	[MsgId: MMSG-13876]
Notify: Getting new value for parameter 'FirstName': table = '..\dataPool\users.dat' column = '2' row = '8'.	[MsgId: MMSG-13877]
Notify: Next row for parameter country = 8 [table  = country].	[MsgId: MMSG-13876]
Notify: Getting new value for parameter 'country': table = '..\dataPool\users.dat' column = '6' row = '8'.	[MsgId: MMSG-13877]
Notify: Next row for parameter card = 8 [table  = card].	[MsgId: MMSG-13876]
Notify: Getting new value for parameter 'card': table = '..\dataPool\users.dat' column = '7' row = '8'.	[MsgId: MMSG-13877]
Notify: Next row for parameter street = 8 [table  = street].	[MsgId: MMSG-13876]
Notify: Getting new value for parameter 'street': table = '..\dataPool\users.dat' column = '4' row = '8'.	[MsgId: MMSG-13877]
Starting action Action.	[MsgId: MMSG-15919]
Action.c(11): Notify: Transaction "UC1_Buy_Ticket" started.	[MsgId: MMSG-16999]
Action.c(13): web_set_sockets_option started  	[MsgId: MMSG-26355]
Action.c(13): web_set_sockets_option was successful  	[MsgId: MMSG-26392]
Action.c(15): web_add_auto_header("Sec-Fetch-Dest") started  	[MsgId: MMSG-26355]
Action.c(15): An unrecognized header ("Sec-Fetch-Dest") is being added  	[MsgId: MMSG-26595]
Action.c(15): "Sec-Fetch-Dest: document" header registered for adding to requests from all following Action functions  	[MsgId: MMSG-26505]
Action.c(15): web_add_auto_header("Sec-Fetch-Dest") was successful  	[MsgId: MMSG-26392]
Action.c(18): web_add_auto_header("Sec-Fetch-Site") started  	[MsgId: MMSG-26355]
Action.c(18): An unrecognized header ("Sec-Fetch-Site") is being added  	[MsgId: MMSG-26595]
Action.c(18): "Sec-Fetch-Site: none" header registered for adding to requests from all following Action functions  	[MsgId: MMSG-26505]
Action.c(18): web_add_auto_header("Sec-Fetch-Site") was successful  	[MsgId: MMSG-26392]
Action.c(21): web_add_auto_header("Sec-Fetch-Mode") started  	[MsgId: MMSG-26355]
Action.c(21): An unrecognized header ("Sec-Fetch-Mode") is being added  	[MsgId: MMSG-26595]
Action.c(21): "Sec-Fetch-Mode: navigate" header registered for adding to requests from all following Action functions  	[MsgId: MMSG-26505]
Action.c(21): web_add_auto_header("Sec-Fetch-Mode") was successful  	[MsgId: MMSG-26392]
Action.c(24): web_add_auto_header("DNT") started  	[MsgId: MMSG-26355]
Action.c(24): An unrecognized header ("DNT") is being added  	[MsgId: MMSG-26595]
Action.c(24): "DNT: 1" header registered for adding to requests from all following Action functions  	[MsgId: MMSG-26505]
Action.c(24): web_add_auto_header("DNT") was successful  	[MsgId: MMSG-26392]
Action.c(27): web_add_auto_header("Sec-Fetch-User") started  	[MsgId: MMSG-26355]
Action.c(27): An unrecognized header ("Sec-Fetch-User") is being added  	[MsgId: MMSG-26595]
Action.c(27): "Sec-Fetch-User: ?1" header registered for adding to requests from all following Action functions  	[MsgId: MMSG-26505]
Action.c(27): web_add_auto_header("Sec-Fetch-User") was successful  	[MsgId: MMSG-26392]
Action.c(30): web_add_auto_header("Sec-GPC") started  	[MsgId: MMSG-26355]
Action.c(30): An unrecognized header ("Sec-GPC") is being added  	[MsgId: MMSG-26595]
Action.c(30): "Sec-GPC: 1" header registered for adding to requests from all following Action functions  	[MsgId: MMSG-26505]
Action.c(30): web_add_auto_header("Sec-GPC") was successful  	[MsgId: MMSG-26392]
Action.c(33): web_add_auto_header("Upgrade-Insecure-Requests") started  	[MsgId: MMSG-26355]
Action.c(33): An unrecognized header ("Upgrade-Insecure-Requests") is being added  	[MsgId: MMSG-26595]
Action.c(33): "Upgrade-Insecure-Requests: 1" header registered for adding to requests from all following Action functions  	[MsgId: MMSG-26505]
Action.c(33): web_add_auto_header("Upgrade-Insecure-Requests") was successful  	[MsgId: MMSG-26392]
Action.c(37): Notify: Transaction "IndexPage" started.	[MsgId: MMSG-16999]
Action.c(41): web_reg_save_param_attrib started  	[MsgId: MMSG-26355]
Action.c(41): Registering web_reg_save_param_attrib was successful  	[MsgId: MMSG-26390]
Action.c(52): web_reg_find started  	[MsgId: MMSG-26355]
Action.c(52): Registering web_reg_find was successful  	[MsgId: MMSG-26390]
Action.c(56): web_url("webtours") started  	[MsgId: MMSG-26355]
Action.c(56): t=10473ms: Connecting [0] to host 127.0.0.1:1080  	[MsgId: MMSG-26000]
Starting iteration 2.	[MsgId: MMSG-15968]
Action.c(56): Resetting all proxy auto-configuration information  	[MsgId: MMSG-26000]
Notify: Next row for parameter coach = 3 [table  = coach].	[MsgId: MMSG-13876]
Notify: Getting new value for parameter 'coach': table = '..\dataPool\coach.dat' column = '0' row = '3'.	[MsgId: MMSG-13877]
Notify: Next row for parameter letter = 24 [table  = letter].	[MsgId: MMSG-13876]
Notify: Getting new value for parameter 'letter': table = '..\dataPool\alpha.dat' column = '0' row = '24'.	[MsgId: MMSG-13877]
Notify: Next row for parameter seatPref = 3 [table  = seatPref].	[MsgId: MMSG-13876]
Notify: Getting new value for parameter 'seatPref': table = '..\dataPool\seatPref.dat' column = '0' row = '3'.	[MsgId: MMSG-13877]
Notify: Next row for parameter login = 8 [table  = login].	[MsgId: MMSG-13876]
Notify: Getting new value for parameter 'login': table = '..\dataPool\users.dat' column = '0' row = '8'.	[MsgId: MMSG-13877]
Notify: Next row for parameter LastName = 8 [table  = LastName].	[MsgId: MMSG-13876]
Notify: Getting new value for parameter 'LastName': table = '..\dataPool\users.dat' column = '3' row = '8'.	[MsgId: MMSG-13877]
Notify: Next row for parameter password = 8 [table  = password].	[MsgId: MMSG-13876]
Notify: Getting new value for parameter 'password': table = '..\dataPool\users.dat' column = '1' row = '8'.	[MsgId: MMSG-13877]
Notify: Next row for parameter city = 8 [table  = city].	[MsgId: MMSG-13876]
Notify: Getting new value for parameter 'city': table = '..\dataPool\users.dat' column = '5' row = '8'.	[MsgId: MMSG-13877]
Notify: Next row for parameter exp = 8 [table  = exp].	[MsgId: MMSG-13876]
Notify: Getting new value for parameter 'exp': table = '..\dataPool\users.dat' column = '8' row = '8'.	[MsgId: MMSG-13877]
Notify: Next row for parameter FirstName = 8 [table  = FirstName].	[MsgId: MMSG-13876]
Notify: Getting new value for parameter 'FirstName': table = '..\dataPool\users.dat' column = '2' row = '8'.	[MsgId: MMSG-13877]
Notify: Next row for parameter country = 8 [table  = country].	[MsgId: MMSG-13876]
Notify: Getting new value for parameter 'country': table = '..\dataPool\users.dat' column = '6' row = '8'.	[MsgId: MMSG-13877]
Notify: Next row for parameter card = 8 [table  = card].	[MsgId: MMSG-13876]
Notify: Getting new value for parameter 'card': table = '..\dataPool\users.dat' column = '7' row = '8'.	[MsgId: MMSG-13877]
Notify: Next row for parameter street = 8 [table  = street].	[MsgId: MMSG-13876]
Notify: Getting new value for parameter 'street': table = '..\dataPool\users.dat' column = '4' row = '8'.	[MsgId: MMSG-13877]
Starting action Action.	[MsgId: MMSG-15919]
Action.c(11): Notify: Transaction "UC1_Buy_Ticket" started.	[MsgId: MMSG-16999]
Action.c(13): web_set_sockets_option started  	[MsgId: MMSG-26355]
Action.c(13): web_set_sockets_option was successful  	[MsgId: MMSG-26392]
Action.c(15): web_add_auto_header("Sec-Fetch-Dest") started  	[MsgId: MMSG-26355]
Action.c(15): An unrecognized header ("Sec-Fetch-Dest") is being added  	[MsgId: MMSG-26595]
Action.c(15): "Sec-Fetch-Dest: document" header registered for adding to requests from all following Action functions  	[MsgId: MMSG-26505]
Action.c(15): web_add_auto_header("Sec-Fetch-Dest") was successful  	[MsgId: MMSG-26392]
Action.c(18): web_add_auto_header("Sec-Fetch-Site") started  	[MsgId: MMSG-26355]
Action.c(18): An unrecognized header ("Sec-Fetch-Site") is being added  	[MsgId: MMSG-26595]
Action.c(18): "Sec-Fetch-Site: none" header registered for adding to requests from all following Action functions  	[MsgId: MMSG-26505]
Action.c(18): web_add_auto_header("Sec-Fetch-Site") was successful  	[MsgId: MMSG-26392]
Action.c(21): web_add_auto_header("Sec-Fetch-Mode") started  	[MsgId: MMSG-26355]
Action.c(21): An unrecognized header ("Sec-Fetch-Mode") is being added  	[MsgId: MMSG-26595]
Action.c(21): "Sec-Fetch-Mode: navigate" header registered for adding to requests from all following Action functions  	[MsgId: MMSG-26505]
Action.c(21): web_add_auto_header("Sec-Fetch-Mode") was successful  	[MsgId: MMSG-26392]
Action.c(24): web_add_auto_header("DNT") started  	[MsgId: MMSG-26355]
Action.c(24): An unrecognized header ("DNT") is being added  	[MsgId: MMSG-26595]
Action.c(24): "DNT: 1" header registered for adding to requests from all following Action functions  	[MsgId: MMSG-26505]
Action.c(24): web_add_auto_header("DNT") was successful  	[MsgId: MMSG-26392]
Action.c(27): web_add_auto_header("Sec-Fetch-User") started  	[MsgId: MMSG-26355]
Action.c(27): An unrecognized header ("Sec-Fetch-User") is being added  	[MsgId: MMSG-26595]
Action.c(27): "Sec-Fetch-User: ?1" header registered for adding to requests from all following Action functions  	[MsgId: MMSG-26505]
Action.c(27): web_add_auto_header("Sec-Fetch-User") was successful  	[MsgId: MMSG-26392]
Action.c(30): web_add_auto_header("Sec-GPC") started  	[MsgId: MMSG-26355]
Action.c(30): An unrecognized header ("Sec-GPC") is being added  	[MsgId: MMSG-26595]
Action.c(30): "Sec-GPC: 1" header registered for adding to requests from all following Action functions  	[MsgId: MMSG-26505]
Action.c(30): web_add_auto_header("Sec-GPC") was successful  	[MsgId: MMSG-26392]
Action.c(33): web_add_auto_header("Upgrade-Insecure-Requests") started  	[MsgId: MMSG-26355]
Action.c(33): An unrecognized header ("Upgrade-Insecure-Requests") is being added  	[MsgId: MMSG-26595]
Action.c(33): "Upgrade-Insecure-Requests: 1" header registered for adding to requests from all following Action functions  	[MsgId: MMSG-26505]
Action.c(33): web_add_auto_header("Upgrade-Insecure-Requests") was successful  	[MsgId: MMSG-26392]
Action.c(37): Notify: Transaction "IndexPage" started.	[MsgId: MMSG-16999]
Action.c(41): web_reg_save_param_attrib started  	[MsgId: MMSG-26355]
Action.c(41): Registering web_reg_save_param_attrib was successful  	[MsgId: MMSG-26390]
Action.c(52): web_reg_find started  	[MsgId: MMSG-26355]
Action.c(52): Registering web_reg_find was successful  	[MsgId: MMSG-26390]
Action.c(56): web_url("webtours") started  	[MsgId: MMSG-26355]
Action.c(56): t=10486ms: Connecting [0] to host 127.0.0.1:1080  	[MsgId: MMSG-26000]
Starting iteration 2.	[MsgId: MMSG-15968]
Action.c(56): Resetting all proxy auto-configuration information  	[MsgId: MMSG-26000]
Notify: Next row for parameter coach = 2 [table  = coach].	[MsgId: MMSG-13876]
Notify: Getting new value for parameter 'coach': table = '..\dataPool\coach.dat' column = '0' row = '2'.	[MsgId: MMSG-13877]
Notify: Next row for parameter letter = 38 [table  = letter].	[MsgId: MMSG-13876]
Notify: Getting new value for parameter 'letter': table = '..\dataPool\alpha.dat' column = '0' row = '38'.	[MsgId: MMSG-13877]
Notify: Next row for parameter seatPref = 3 [table  = seatPref].	[MsgId: MMSG-13876]
Notify: Getting new value for parameter 'seatPref': table = '..\dataPool\seatPref.dat' column = '0' row = '3'.	[MsgId: MMSG-13877]
Notify: Next row for parameter login = 9 [table  = login].	[MsgId: MMSG-13876]
Notify: Getting new value for parameter 'login': table = '..\dataPool\users.dat' column = '0' row = '9'.	[MsgId: MMSG-13877]
Notify: Next row for parameter LastName = 9 [table  = LastName].	[MsgId: MMSG-13876]
Notify: Getting new value for parameter 'LastName': table = '..\dataPool\users.dat' column = '3' row = '9'.	[MsgId: MMSG-13877]
Notify: Next row for parameter password = 9 [table  = password].	[MsgId: MMSG-13876]
Notify: Getting new value for parameter 'password': table = '..\dataPool\users.dat' column = '1' row = '9'.	[MsgId: MMSG-13877]
Notify: Next row for parameter city = 9 [table  = city].	[MsgId: MMSG-13876]
Notify: Getting new value for parameter 'city': table = '..\dataPool\users.dat' column = '5' row = '9'.	[MsgId: MMSG-13877]
Notify: Next row for parameter exp = 9 [table  = exp].	[MsgId: MMSG-13876]
Notify: Getting new value for parameter 'exp': table = '..\dataPool\users.dat' column = '8' row = '9'.	[MsgId: MMSG-13877]
Notify: Next row for parameter FirstName = 9 [table  = FirstName].	[MsgId: MMSG-13876]
Notify: Getting new value for parameter 'FirstName': table = '..\dataPool\users.dat' column = '2' row = '9'.	[MsgId: MMSG-13877]
Notify: Next row for parameter country = 9 [table  = country].	[MsgId: MMSG-13876]
Notify: Getting new value for parameter 'country': table = '..\dataPool\users.dat' column = '6' row = '9'.	[MsgId: MMSG-13877]
Notify: Next row for parameter card = 9 [table  = card].	[MsgId: MMSG-13876]
Notify: Getting new value for parameter 'card': table = '..\dataPool\users.dat' column = '7' row = '9'.	[MsgId: MMSG-13877]
Notify: Next row for parameter street = 9 [table  = street].	[MsgId: MMSG-13876]
Notify: Getting new value for parameter 'street': table = '..\dataPool\users.dat' column = '4' row = '9'.	[MsgId: MMSG-13877]
Starting action Action.	[MsgId: MMSG-15919]
Action.c(11): Notify: Transaction "UC1_Buy_Ticket" started.	[MsgId: MMSG-16999]
Action.c(13): web_set_sockets_option started  	[MsgId: MMSG-26355]
Action.c(13): web_set_sockets_option was successful  	[MsgId: MMSG-26392]
Action.c(15): web_add_auto_header("Sec-Fetch-Dest") started  	[MsgId: MMSG-26355]
Action.c(15): An unrecognized header ("Sec-Fetch-Dest") is being added  	[MsgId: MMSG-26595]
Action.c(15): "Sec-Fetch-Dest: document" header registered for adding to requests from all following Action functions  	[MsgId: MMSG-26505]
Action.c(15): web_add_auto_header("Sec-Fetch-Dest") was successful  	[MsgId: MMSG-26392]
Action.c(18): web_add_auto_header("Sec-Fetch-Site") started  	[MsgId: MMSG-26355]
Action.c(18): An unrecognized header ("Sec-Fetch-Site") is being added  	[MsgId: MMSG-26595]
Action.c(18): "Sec-Fetch-Site: none" header registered for adding to requests from all following Action functions  	[MsgId: MMSG-26505]
Action.c(18): web_add_auto_header("Sec-Fetch-Site") was successful  	[MsgId: MMSG-26392]
Action.c(21): web_add_auto_header("Sec-Fetch-Mode") started  	[MsgId: MMSG-26355]
Action.c(21): An unrecognized header ("Sec-Fetch-Mode") is being added  	[MsgId: MMSG-26595]
Action.c(21): "Sec-Fetch-Mode: navigate" header registered for adding to requests from all following Action functions  	[MsgId: MMSG-26505]
Action.c(21): web_add_auto_header("Sec-Fetch-Mode") was successful  	[MsgId: MMSG-26392]
Action.c(24): web_add_auto_header("DNT") started  	[MsgId: MMSG-26355]
Action.c(24): An unrecognized header ("DNT") is being added  	[MsgId: MMSG-26595]
Action.c(24): "DNT: 1" header registered for adding to requests from all following Action functions  	[MsgId: MMSG-26505]
Action.c(24): web_add_auto_header("DNT") was successful  	[MsgId: MMSG-26392]
Action.c(27): web_add_auto_header("Sec-Fetch-User") started  	[MsgId: MMSG-26355]
Action.c(27): An unrecognized header ("Sec-Fetch-User") is being added  	[MsgId: MMSG-26595]
Action.c(27): "Sec-Fetch-User: ?1" header registered for adding to requests from all following Action functions  	[MsgId: MMSG-26505]
Action.c(27): web_add_auto_header("Sec-Fetch-User") was successful  	[MsgId: MMSG-26392]
Action.c(30): web_add_auto_header("Sec-GPC") started  	[MsgId: MMSG-26355]
Action.c(30): An unrecognized header ("Sec-GPC") is being added  	[MsgId: MMSG-26595]
Action.c(30): "Sec-GPC: 1" header registered for adding to requests from all following Action functions  	[MsgId: MMSG-26505]
Action.c(30): web_add_auto_header("Sec-GPC") was successful  	[MsgId: MMSG-26392]
Action.c(33): web_add_auto_header("Upgrade-Insecure-Requests") started  	[MsgId: MMSG-26355]
Action.c(33): An unrecognized header ("Upgrade-Insecure-Requests") is being added  	[MsgId: MMSG-26595]
Action.c(33): "Upgrade-Insecure-Requests: 1" header registered for adding to requests from all following Action functions  	[MsgId: MMSG-26505]
Action.c(33): web_add_auto_header("Upgrade-Insecure-Requests") was successful  	[MsgId: MMSG-26392]
Action.c(37): Notify: Transaction "IndexPage" started.	[MsgId: MMSG-16999]
Action.c(41): web_reg_save_param_attrib started  	[MsgId: MMSG-26355]
Action.c(41): Registering web_reg_save_param_attrib was successful  	[MsgId: MMSG-26390]
Action.c(52): web_reg_find started  	[MsgId: MMSG-26355]
Action.c(52): Registering web_reg_find was successful  	[MsgId: MMSG-26390]
Action.c(56): web_url("webtours") started  	[MsgId: MMSG-26355]
Action.c(56): t=10502ms: Connecting [0] to host 127.0.0.1:1080  	[MsgId: MMSG-26000]
Action.c(56): Error -27792: Failed to connect to server "localhost:1080": [10061] Connection refused  	[MsgId: MERR-27792]
Action.c(56): t=12502ms: Closed connection [0] to localhost:1080 after completing 0 request(s)  	[MsgId: MMSG-26000]
Action.c(56): Search registration for "userSession" parameter is filtered by "Content Type"  	[MsgId: MMSG-26000]
Action.c(56): Notify: Saving Parameter "userSession = ".	[MsgId: MMSG-13798]
Action.c(56): Error -35048: No match found for the requested parameter "userSession". Check whether the tag with specific attributes exists in the response data  	[MsgId: MERR-35048]
Action.c(56): Error -26366: "Text=Welcome to the Web Tours site" not found for web_reg_find  	[MsgId: MERR-26366]
Action.c(56): Error -26374: The above "not found" error(s) may be explained by header and body byte counts being 0 and 0, respectively.  	[MsgId: MERR-26374]
Action.c(56): web_url("webtours") highest severity level was "ERROR", 0 body bytes, 0 header bytes  	[MsgId: MMSG-26388]
Action.c(56): Notify: Transaction "IndexPage" ended with a "Fail" status (Duration: 2,0311 Wasted Time: 0,0003).	[MsgId: MMSG-16871]
Action.c(56): Notify: Transaction "IndexPage" has 3 error message(s).	[MsgId: MMSG-16818]
Action.c(56): Notify: The 1st error message associated with transaction "IndexPage" is "Error -27792: Failed to connect to server "localhost:1080": [10061] Connection refused"	[MsgId: MMSG-16819]
Action.c(56): Notify: The 2nd error message associated with transaction "IndexPage" is "Error -26366: "Text=Welcome to the Web Tours site" not found for web_reg_find"	[MsgId: MMSG-16819]
Action.c(56): Notify: The 3rd error message associated with transaction "IndexPage" is "Error -26374: The above "not found" error(s) may be explained by header and body byte counts being 0 and 0, respectively."	[MsgId: MMSG-16819]
Action.c(56): Notify: Transaction "UC1_Buy_Ticket" ended with a "Fail" status (Duration: 2,0333 Wasted Time: 0,0003).	[MsgId: MMSG-16871]
Action.c(56): Notify: Transaction "UC1_Buy_Ticket" has 3 error message(s).	[MsgId: MMSG-16818]
Action.c(56): Notify: The 1st error message associated with transaction "UC1_Buy_Ticket" is "Error -27792: Failed to connect to server "localhost:1080": [10061] Connection refused"	[MsgId: MMSG-16819]
Action.c(56): Notify: The 2nd error message associated with transaction "UC1_Buy_Ticket" is "Error -26366: "Text=Welcome to the Web Tours site" not found for web_reg_find"	[MsgId: MMSG-16819]
Action.c(56): Notify: The 3rd error message associated with transaction "UC1_Buy_Ticket" is "Error -26374: The above "not found" error(s) may be explained by header and body byte counts being 0 and 0, respectively."	[MsgId: MMSG-16819]
Ending action Action.	[MsgId: MMSG-15918]
Ending iteration 2.	[MsgId: MMSG-15965]
Waiting 7,9630 seconds for iteration pacing.	[MsgId: MMSG-15996]
Action.c(56): Error -27792: Failed to connect to server "localhost:1080": [10061] Connection refused  	[MsgId: MERR-27792]
Action.c(56): t=12518ms: Closed connection [0] to localhost:1080 after completing 0 request(s)  	[MsgId: MMSG-26000]
Action.c(56): Search registration for "userSession" parameter is filtered by "Content Type"  	[MsgId: MMSG-26000]
Action.c(56): Notify: Saving Parameter "userSession = ".	[MsgId: MMSG-13798]
Action.c(56): Error -35048: No match found for the requested parameter "userSession". Check whether the tag with specific attributes exists in the response data  	[MsgId: MERR-35048]
Action.c(56): Error -26366: "Text=Welcome to the Web Tours site" not found for web_reg_find  	[MsgId: MERR-26366]
Action.c(56): Error -26374: The above "not found" error(s) may be explained by header and body byte counts being 0 and 0, respectively.  	[MsgId: MERR-26374]
Action.c(56): web_url("webtours") highest severity level was "ERROR", 0 body bytes, 0 header bytes  	[MsgId: MMSG-26388]
Action.c(56): Notify: Transaction "IndexPage" ended with a "Fail" status (Duration: 2,0336 Wasted Time: 0,0002).	[MsgId: MMSG-16871]
Action.c(56): Notify: Transaction "IndexPage" has 3 error message(s).	[MsgId: MMSG-16818]
Action.c(56): Notify: The 1st error message associated with transaction "IndexPage" is "Error -27792: Failed to connect to server "localhost:1080": [10061] Connection refused"	[MsgId: MMSG-16819]
Action.c(56): Notify: The 2nd error message associated with transaction "IndexPage" is "Error -26366: "Text=Welcome to the Web Tours site" not found for web_reg_find"	[MsgId: MMSG-16819]
Action.c(56): Notify: The 3rd error message associated with transaction "IndexPage" is "Error -26374: The above "not found" error(s) may be explained by header and body byte counts being 0 and 0, respectively."	[MsgId: MMSG-16819]
Action.c(56): Notify: Transaction "UC1_Buy_Ticket" ended with a "Fail" status (Duration: 2,0347 Wasted Time: 0,0002).	[MsgId: MMSG-16871]
Action.c(56): Notify: Transaction "UC1_Buy_Ticket" has 3 error message(s).	[MsgId: MMSG-16818]
Action.c(56): Notify: The 1st error message associated with transaction "UC1_Buy_Ticket" is "Error -27792: Failed to connect to server "localhost:1080": [10061] Connection refused"	[MsgId: MMSG-16819]
Action.c(56): Notify: The 2nd error message associated with transaction "UC1_Buy_Ticket" is "Error -26366: "Text=Welcome to the Web Tours site" not found for web_reg_find"	[MsgId: MMSG-16819]
Action.c(56): Notify: The 3rd error message associated with transaction "UC1_Buy_Ticket" is "Error -26374: The above "not found" error(s) may be explained by header and body byte counts being 0 and 0, respectively."	[MsgId: MMSG-16819]
Ending action Action.	[MsgId: MMSG-15918]
Ending iteration 2.	[MsgId: MMSG-15965]
Waiting 7,9640 seconds for iteration pacing.	[MsgId: MMSG-15996]
Action.c(56): Error -27792: Failed to connect to server "localhost:1080": [10061] Connection refused  	[MsgId: MERR-27792]
Action.c(56): t=12534ms: Closed connection [0] to localhost:1080 after completing 0 request(s)  	[MsgId: MMSG-26000]
Action.c(56): Search registration for "userSession" parameter is filtered by "Content Type"  	[MsgId: MMSG-26000]
Action.c(56): Notify: Saving Parameter "userSession = ".	[MsgId: MMSG-13798]
Action.c(56): Error -35048: No match found for the requested parameter "userSession". Check whether the tag with specific attributes exists in the response data  	[MsgId: MERR-35048]
Action.c(56): Error -26366: "Text=Welcome to the Web Tours site" not found for web_reg_find  	[MsgId: MERR-26366]
Action.c(56): Error -26374: The above "not found" error(s) may be explained by header and body byte counts being 0 and 0, respectively.  	[MsgId: MERR-26374]
Action.c(56): web_url("webtours") highest severity level was "ERROR", 0 body bytes, 0 header bytes  	[MsgId: MMSG-26388]
Action.c(56): Notify: Transaction "IndexPage" ended with a "Fail" status (Duration: 2,0331 Wasted Time: 0,0003).	[MsgId: MMSG-16871]
Action.c(56): Notify: Transaction "IndexPage" has 3 error message(s).	[MsgId: MMSG-16818]
Action.c(56): Notify: The 1st error message associated with transaction "IndexPage" is "Error -27792: Failed to connect to server "localhost:1080": [10061] Connection refused"	[MsgId: MMSG-16819]
Action.c(56): Notify: The 2nd error message associated with transaction "IndexPage" is "Error -26366: "Text=Welcome to the Web Tours site" not found for web_reg_find"	[MsgId: MMSG-16819]
Action.c(56): Notify: The 3rd error message associated with transaction "IndexPage" is "Error -26374: The above "not found" error(s) may be explained by header and body byte counts being 0 and 0, respectively."	[MsgId: MMSG-16819]
Action.c(56): Notify: Transaction "UC1_Buy_Ticket" ended with a "Fail" status (Duration: 2,0340 Wasted Time: 0,0003).	[MsgId: MMSG-16871]
Action.c(56): Notify: Transaction "UC1_Buy_Ticket" has 3 error message(s).	[MsgId: MMSG-16818]
Action.c(56): Notify: The 1st error message associated with transaction "UC1_Buy_Ticket" is "Error -27792: Failed to connect to server "localhost:1080": [10061] Connection refused"	[MsgId: MMSG-16819]
Action.c(56): Notify: The 2nd error message associated with transaction "UC1_Buy_Ticket" is "Error -26366: "Text=Welcome to the Web Tours site" not found for web_reg_find"	[MsgId: MMSG-16819]
Action.c(56): Notify: The 3rd error message associated with transaction "UC1_Buy_Ticket" is "Error -26374: The above "not found" error(s) may be explained by header and body byte counts being 0 and 0, respectively."	[MsgId: MMSG-16819]
Ending action Action.	[MsgId: MMSG-15918]
Ending iteration 2.	[MsgId: MMSG-15965]
Waiting 7,9640 seconds for iteration pacing.	[MsgId: MMSG-15996]
Starting iteration 3.	[MsgId: MMSG-15968]
Action.c(56): Resetting all proxy auto-configuration information  	[MsgId: MMSG-26000]
Notify: Next row for parameter coach = 1 [table  = coach].	[MsgId: MMSG-13876]
Notify: Getting new value for parameter 'coach': table = '..\dataPool\coach.dat' column = '0' row = '1'.	[MsgId: MMSG-13877]
Notify: Next row for parameter letter = 49 [table  = letter].	[MsgId: MMSG-13876]
Notify: Getting new value for parameter 'letter': table = '..\dataPool\alpha.dat' column = '0' row = '49'.	[MsgId: MMSG-13877]
Notify: Next row for parameter seatPref = 3 [table  = seatPref].	[MsgId: MMSG-13876]
Notify: Getting new value for parameter 'seatPref': table = '..\dataPool\seatPref.dat' column = '0' row = '3'.	[MsgId: MMSG-13877]
Notify: Next row for parameter login = 7 [table  = login].	[MsgId: MMSG-13876]
Notify: Getting new value for parameter 'login': table = '..\dataPool\users.dat' column = '0' row = '7'.	[MsgId: MMSG-13877]
Notify: Next row for parameter LastName = 7 [table  = LastName].	[MsgId: MMSG-13876]
Notify: Getting new value for parameter 'LastName': table = '..\dataPool\users.dat' column = '3' row = '7'.	[MsgId: MMSG-13877]
Notify: Next row for parameter password = 7 [table  = password].	[MsgId: MMSG-13876]
Notify: Getting new value for parameter 'password': table = '..\dataPool\users.dat' column = '1' row = '7'.	[MsgId: MMSG-13877]
Notify: Next row for parameter city = 7 [table  = city].	[MsgId: MMSG-13876]
Notify: Getting new value for parameter 'city': table = '..\dataPool\users.dat' column = '5' row = '7'.	[MsgId: MMSG-13877]
Notify: Next row for parameter exp = 7 [table  = exp].	[MsgId: MMSG-13876]
Notify: Getting new value for parameter 'exp': table = '..\dataPool\users.dat' column = '8' row = '7'.	[MsgId: MMSG-13877]
Notify: Next row for parameter FirstName = 7 [table  = FirstName].	[MsgId: MMSG-13876]
Notify: Getting new value for parameter 'FirstName': table = '..\dataPool\users.dat' column = '2' row = '7'.	[MsgId: MMSG-13877]
Notify: Next row for parameter country = 7 [table  = country].	[MsgId: MMSG-13876]
Notify: Getting new value for parameter 'country': table = '..\dataPool\users.dat' column = '6' row = '7'.	[MsgId: MMSG-13877]
Notify: Next row for parameter card = 7 [table  = card].	[MsgId: MMSG-13876]
Notify: Getting new value for parameter 'card': table = '..\dataPool\users.dat' column = '7' row = '7'.	[MsgId: MMSG-13877]
Notify: Next row for parameter street = 7 [table  = street].	[MsgId: MMSG-13876]
Notify: Getting new value for parameter 'street': table = '..\dataPool\users.dat' column = '4' row = '7'.	[MsgId: MMSG-13877]
Starting action Action.	[MsgId: MMSG-15919]
Action.c(11): Notify: Transaction "UC1_Buy_Ticket" started.	[MsgId: MMSG-16999]
Action.c(13): web_set_sockets_option started  	[MsgId: MMSG-26355]
Action.c(13): web_set_sockets_option was successful  	[MsgId: MMSG-26392]
Action.c(15): web_add_auto_header("Sec-Fetch-Dest") started  	[MsgId: MMSG-26355]
Action.c(15): An unrecognized header ("Sec-Fetch-Dest") is being added  	[MsgId: MMSG-26595]
Action.c(15): "Sec-Fetch-Dest: document" header registered for adding to requests from all following Action functions  	[MsgId: MMSG-26505]
Action.c(15): web_add_auto_header("Sec-Fetch-Dest") was successful  	[MsgId: MMSG-26392]
Action.c(18): web_add_auto_header("Sec-Fetch-Site") started  	[MsgId: MMSG-26355]
Action.c(18): An unrecognized header ("Sec-Fetch-Site") is being added  	[MsgId: MMSG-26595]
Action.c(18): "Sec-Fetch-Site: none" header registered for adding to requests from all following Action functions  	[MsgId: MMSG-26505]
Action.c(18): web_add_auto_header("Sec-Fetch-Site") was successful  	[MsgId: MMSG-26392]
Action.c(21): web_add_auto_header("Sec-Fetch-Mode") started  	[MsgId: MMSG-26355]
Action.c(21): An unrecognized header ("Sec-Fetch-Mode") is being added  	[MsgId: MMSG-26595]
Action.c(21): "Sec-Fetch-Mode: navigate" header registered for adding to requests from all following Action functions  	[MsgId: MMSG-26505]
Action.c(21): web_add_auto_header("Sec-Fetch-Mode") was successful  	[MsgId: MMSG-26392]
Action.c(24): web_add_auto_header("DNT") started  	[MsgId: MMSG-26355]
Action.c(24): An unrecognized header ("DNT") is being added  	[MsgId: MMSG-26595]
Action.c(24): "DNT: 1" header registered for adding to requests from all following Action functions  	[MsgId: MMSG-26505]
Action.c(24): web_add_auto_header("DNT") was successful  	[MsgId: MMSG-26392]
Action.c(27): web_add_auto_header("Sec-Fetch-User") started  	[MsgId: MMSG-26355]
Action.c(27): An unrecognized header ("Sec-Fetch-User") is being added  	[MsgId: MMSG-26595]
Action.c(27): "Sec-Fetch-User: ?1" header registered for adding to requests from all following Action functions  	[MsgId: MMSG-26505]
Action.c(27): web_add_auto_header("Sec-Fetch-User") was successful  	[MsgId: MMSG-26392]
Action.c(30): web_add_auto_header("Sec-GPC") started  	[MsgId: MMSG-26355]
Action.c(30): An unrecognized header ("Sec-GPC") is being added  	[MsgId: MMSG-26595]
Action.c(30): "Sec-GPC: 1" header registered for adding to requests from all following Action functions  	[MsgId: MMSG-26505]
Action.c(30): web_add_auto_header("Sec-GPC") was successful  	[MsgId: MMSG-26392]
Action.c(33): web_add_auto_header("Upgrade-Insecure-Requests") started  	[MsgId: MMSG-26355]
Action.c(33): An unrecognized header ("Upgrade-Insecure-Requests") is being added  	[MsgId: MMSG-26595]
Action.c(33): "Upgrade-Insecure-Requests: 1" header registered for adding to requests from all following Action functions  	[MsgId: MMSG-26505]
Action.c(33): web_add_auto_header("Upgrade-Insecure-Requests") was successful  	[MsgId: MMSG-26392]
Action.c(37): Notify: Transaction "IndexPage" started.	[MsgId: MMSG-16999]
Action.c(41): web_reg_save_param_attrib started  	[MsgId: MMSG-26355]
Action.c(41): Registering web_reg_save_param_attrib was successful  	[MsgId: MMSG-26390]
Action.c(52): web_reg_find started  	[MsgId: MMSG-26355]
Action.c(52): Registering web_reg_find was successful  	[MsgId: MMSG-26390]
Action.c(56): web_url("webtours") started  	[MsgId: MMSG-26355]
Action.c(56): t=20482ms: Connecting [0] to host 127.0.0.1:1080  	[MsgId: MMSG-26000]
Starting iteration 3.	[MsgId: MMSG-15968]
Action.c(56): Resetting all proxy auto-configuration information  	[MsgId: MMSG-26000]
Notify: Next row for parameter coach = 2 [table  = coach].	[MsgId: MMSG-13876]
Notify: Getting new value for parameter 'coach': table = '..\dataPool\coach.dat' column = '0' row = '2'.	[MsgId: MMSG-13877]
Notify: Next row for parameter letter = 2 [table  = letter].	[MsgId: MMSG-13876]
Notify: Getting new value for parameter 'letter': table = '..\dataPool\alpha.dat' column = '0' row = '2'.	[MsgId: MMSG-13877]
Notify: Next row for parameter seatPref = 2 [table  = seatPref].	[MsgId: MMSG-13876]
Notify: Getting new value for parameter 'seatPref': table = '..\dataPool\seatPref.dat' column = '0' row = '2'.	[MsgId: MMSG-13877]
Notify: Next row for parameter login = 1 [table  = login].	[MsgId: MMSG-13876]
Notify: Getting new value for parameter 'login': table = '..\dataPool\users.dat' column = '0' row = '1'.	[MsgId: MMSG-13877]
Notify: Next row for parameter LastName = 1 [table  = LastName].	[MsgId: MMSG-13876]
Notify: Getting new value for parameter 'LastName': table = '..\dataPool\users.dat' column = '3' row = '1'.	[MsgId: MMSG-13877]
Notify: Next row for parameter password = 1 [table  = password].	[MsgId: MMSG-13876]
Notify: Getting new value for parameter 'password': table = '..\dataPool\users.dat' column = '1' row = '1'.	[MsgId: MMSG-13877]
Notify: Next row for parameter city = 1 [table  = city].	[MsgId: MMSG-13876]
Notify: Getting new value for parameter 'city': table = '..\dataPool\users.dat' column = '5' row = '1'.	[MsgId: MMSG-13877]
Notify: Next row for parameter exp = 1 [table  = exp].	[MsgId: MMSG-13876]
Notify: Getting new value for parameter 'exp': table = '..\dataPool\users.dat' column = '8' row = '1'.	[MsgId: MMSG-13877]
Notify: Next row for parameter FirstName = 1 [table  = FirstName].	[MsgId: MMSG-13876]
Notify: Getting new value for parameter 'FirstName': table = '..\dataPool\users.dat' column = '2' row = '1'.	[MsgId: MMSG-13877]
Notify: Next row for parameter country = 1 [table  = country].	[MsgId: MMSG-13876]
Notify: Getting new value for parameter 'country': table = '..\dataPool\users.dat' column = '6' row = '1'.	[MsgId: MMSG-13877]
Notify: Next row for parameter card = 1 [table  = card].	[MsgId: MMSG-13876]
Notify: Getting new value for parameter 'card': table = '..\dataPool\users.dat' column = '7' row = '1'.	[MsgId: MMSG-13877]
Notify: Next row for parameter street = 1 [table  = street].	[MsgId: MMSG-13876]
Notify: Getting new value for parameter 'street': table = '..\dataPool\users.dat' column = '4' row = '1'.	[MsgId: MMSG-13877]
Starting action Action.	[MsgId: MMSG-15919]
Action.c(11): Notify: Transaction "UC1_Buy_Ticket" started.	[MsgId: MMSG-16999]
Action.c(13): web_set_sockets_option started  	[MsgId: MMSG-26355]
Action.c(13): web_set_sockets_option was successful  	[MsgId: MMSG-26392]
Action.c(15): web_add_auto_header("Sec-Fetch-Dest") started  	[MsgId: MMSG-26355]
Action.c(15): An unrecognized header ("Sec-Fetch-Dest") is being added  	[MsgId: MMSG-26595]
Action.c(15): "Sec-Fetch-Dest: document" header registered for adding to requests from all following Action functions  	[MsgId: MMSG-26505]
Action.c(15): web_add_auto_header("Sec-Fetch-Dest") was successful  	[MsgId: MMSG-26392]
Action.c(18): web_add_auto_header("Sec-Fetch-Site") started  	[MsgId: MMSG-26355]
Action.c(18): An unrecognized header ("Sec-Fetch-Site") is being added  	[MsgId: MMSG-26595]
Action.c(18): "Sec-Fetch-Site: none" header registered for adding to requests from all following Action functions  	[MsgId: MMSG-26505]
Action.c(18): web_add_auto_header("Sec-Fetch-Site") was successful  	[MsgId: MMSG-26392]
Action.c(21): web_add_auto_header("Sec-Fetch-Mode") started  	[MsgId: MMSG-26355]
Action.c(21): An unrecognized header ("Sec-Fetch-Mode") is being added  	[MsgId: MMSG-26595]
Action.c(21): "Sec-Fetch-Mode: navigate" header registered for adding to requests from all following Action functions  	[MsgId: MMSG-26505]
Action.c(21): web_add_auto_header("Sec-Fetch-Mode") was successful  	[MsgId: MMSG-26392]
Action.c(24): web_add_auto_header("DNT") started  	[MsgId: MMSG-26355]
Action.c(24): An unrecognized header ("DNT") is being added  	[MsgId: MMSG-26595]
Action.c(24): "DNT: 1" header registered for adding to requests from all following Action functions  	[MsgId: MMSG-26505]
Action.c(24): web_add_auto_header("DNT") was successful  	[MsgId: MMSG-26392]
Action.c(27): web_add_auto_header("Sec-Fetch-User") started  	[MsgId: MMSG-26355]
Action.c(27): An unrecognized header ("Sec-Fetch-User") is being added  	[MsgId: MMSG-26595]
Action.c(27): "Sec-Fetch-User: ?1" header registered for adding to requests from all following Action functions  	[MsgId: MMSG-26505]
Action.c(27): web_add_auto_header("Sec-Fetch-User") was successful  	[MsgId: MMSG-26392]
Action.c(30): web_add_auto_header("Sec-GPC") started  	[MsgId: MMSG-26355]
Action.c(30): An unrecognized header ("Sec-GPC") is being added  	[MsgId: MMSG-26595]
Action.c(30): "Sec-GPC: 1" header registered for adding to requests from all following Action functions  	[MsgId: MMSG-26505]
Action.c(30): web_add_auto_header("Sec-GPC") was successful  	[MsgId: MMSG-26392]
Action.c(33): web_add_auto_header("Upgrade-Insecure-Requests") started  	[MsgId: MMSG-26355]
Action.c(33): An unrecognized header ("Upgrade-Insecure-Requests") is being added  	[MsgId: MMSG-26595]
Action.c(33): "Upgrade-Insecure-Requests: 1" header registered for adding to requests from all following Action functions  	[MsgId: MMSG-26505]
Action.c(33): web_add_auto_header("Upgrade-Insecure-Requests") was successful  	[MsgId: MMSG-26392]
Action.c(37): Notify: Transaction "IndexPage" started.	[MsgId: MMSG-16999]
Action.c(41): web_reg_save_param_attrib started  	[MsgId: MMSG-26355]
Action.c(41): Registering web_reg_save_param_attrib was successful  	[MsgId: MMSG-26390]
Action.c(52): web_reg_find started  	[MsgId: MMSG-26355]
Action.c(52): Registering web_reg_find was successful  	[MsgId: MMSG-26390]
Action.c(56): web_url("webtours") started  	[MsgId: MMSG-26355]
Action.c(56): t=20496ms: Connecting [0] to host 127.0.0.1:1080  	[MsgId: MMSG-26000]
Starting iteration 3.	[MsgId: MMSG-15968]
Action.c(56): Resetting all proxy auto-configuration information  	[MsgId: MMSG-26000]
Notify: Next row for parameter coach = 1 [table  = coach].	[MsgId: MMSG-13876]
Notify: Getting new value for parameter 'coach': table = '..\dataPool\coach.dat' column = '0' row = '1'.	[MsgId: MMSG-13877]
Notify: Next row for parameter letter = 31 [table  = letter].	[MsgId: MMSG-13876]
Notify: Getting new value for parameter 'letter': table = '..\dataPool\alpha.dat' column = '0' row = '31'.	[MsgId: MMSG-13877]
Notify: Next row for parameter seatPref = 2 [table  = seatPref].	[MsgId: MMSG-13876]
Notify: Getting new value for parameter 'seatPref': table = '..\dataPool\seatPref.dat' column = '0' row = '2'.	[MsgId: MMSG-13877]
Notify: Next row for parameter login = 4 [table  = login].	[MsgId: MMSG-13876]
Notify: Getting new value for parameter 'login': table = '..\dataPool\users.dat' column = '0' row = '4'.	[MsgId: MMSG-13877]
Notify: Next row for parameter LastName = 4 [table  = LastName].	[MsgId: MMSG-13876]
Notify: Getting new value for parameter 'LastName': table = '..\dataPool\users.dat' column = '3' row = '4'.	[MsgId: MMSG-13877]
Notify: Next row for parameter password = 4 [table  = password].	[MsgId: MMSG-13876]
Notify: Getting new value for parameter 'password': table = '..\dataPool\users.dat' column = '1' row = '4'.	[MsgId: MMSG-13877]
Notify: Next row for parameter city = 4 [table  = city].	[MsgId: MMSG-13876]
Notify: Getting new value for parameter 'city': table = '..\dataPool\users.dat' column = '5' row = '4'.	[MsgId: MMSG-13877]
Notify: Next row for parameter exp = 4 [table  = exp].	[MsgId: MMSG-13876]
Notify: Getting new value for parameter 'exp': table = '..\dataPool\users.dat' column = '8' row = '4'.	[MsgId: MMSG-13877]
Notify: Next row for parameter FirstName = 4 [table  = FirstName].	[MsgId: MMSG-13876]
Notify: Getting new value for parameter 'FirstName': table = '..\dataPool\users.dat' column = '2' row = '4'.	[MsgId: MMSG-13877]
Notify: Next row for parameter country = 4 [table  = country].	[MsgId: MMSG-13876]
Notify: Getting new value for parameter 'country': table = '..\dataPool\users.dat' column = '6' row = '4'.	[MsgId: MMSG-13877]
Notify: Next row for parameter card = 4 [table  = card].	[MsgId: MMSG-13876]
Notify: Getting new value for parameter 'card': table = '..\dataPool\users.dat' column = '7' row = '4'.	[MsgId: MMSG-13877]
Notify: Next row for parameter street = 4 [table  = street].	[MsgId: MMSG-13876]
Notify: Getting new value for parameter 'street': table = '..\dataPool\users.dat' column = '4' row = '4'.	[MsgId: MMSG-13877]
Starting action Action.	[MsgId: MMSG-15919]
Action.c(11): Notify: Transaction "UC1_Buy_Ticket" started.	[MsgId: MMSG-16999]
Action.c(13): web_set_sockets_option started  	[MsgId: MMSG-26355]
Action.c(13): web_set_sockets_option was successful  	[MsgId: MMSG-26392]
Action.c(15): web_add_auto_header("Sec-Fetch-Dest") started  	[MsgId: MMSG-26355]
Action.c(15): An unrecognized header ("Sec-Fetch-Dest") is being added  	[MsgId: MMSG-26595]
Action.c(15): "Sec-Fetch-Dest: document" header registered for adding to requests from all following Action functions  	[MsgId: MMSG-26505]
Action.c(15): web_add_auto_header("Sec-Fetch-Dest") was successful  	[MsgId: MMSG-26392]
Action.c(18): web_add_auto_header("Sec-Fetch-Site") started  	[MsgId: MMSG-26355]
Action.c(18): An unrecognized header ("Sec-Fetch-Site") is being added  	[MsgId: MMSG-26595]
Action.c(18): "Sec-Fetch-Site: none" header registered for adding to requests from all following Action functions  	[MsgId: MMSG-26505]
Action.c(18): web_add_auto_header("Sec-Fetch-Site") was successful  	[MsgId: MMSG-26392]
Action.c(21): web_add_auto_header("Sec-Fetch-Mode") started  	[MsgId: MMSG-26355]
Action.c(21): An unrecognized header ("Sec-Fetch-Mode") is being added  	[MsgId: MMSG-26595]
Action.c(21): "Sec-Fetch-Mode: navigate" header registered for adding to requests from all following Action functions  	[MsgId: MMSG-26505]
Action.c(21): web_add_auto_header("Sec-Fetch-Mode") was successful  	[MsgId: MMSG-26392]
Action.c(24): web_add_auto_header("DNT") started  	[MsgId: MMSG-26355]
Action.c(24): An unrecognized header ("DNT") is being added  	[MsgId: MMSG-26595]
Action.c(24): "DNT: 1" header registered for adding to requests from all following Action functions  	[MsgId: MMSG-26505]
Action.c(24): web_add_auto_header("DNT") was successful  	[MsgId: MMSG-26392]
Action.c(27): web_add_auto_header("Sec-Fetch-User") started  	[MsgId: MMSG-26355]
Action.c(27): An unrecognized header ("Sec-Fetch-User") is being added  	[MsgId: MMSG-26595]
Action.c(27): "Sec-Fetch-User: ?1" header registered for adding to requests from all following Action functions  	[MsgId: MMSG-26505]
Action.c(27): web_add_auto_header("Sec-Fetch-User") was successful  	[MsgId: MMSG-26392]
Action.c(30): web_add_auto_header("Sec-GPC") started  	[MsgId: MMSG-26355]
Action.c(30): An unrecognized header ("Sec-GPC") is being added  	[MsgId: MMSG-26595]
Action.c(30): "Sec-GPC: 1" header registered for adding to requests from all following Action functions  	[MsgId: MMSG-26505]
Action.c(30): web_add_auto_header("Sec-GPC") was successful  	[MsgId: MMSG-26392]
Action.c(33): web_add_auto_header("Upgrade-Insecure-Requests") started  	[MsgId: MMSG-26355]
Action.c(33): An unrecognized header ("Upgrade-Insecure-Requests") is being added  	[MsgId: MMSG-26595]
Action.c(33): "Upgrade-Insecure-Requests: 1" header registered for adding to requests from all following Action functions  	[MsgId: MMSG-26505]
Action.c(33): web_add_auto_header("Upgrade-Insecure-Requests") was successful  	[MsgId: MMSG-26392]
Action.c(37): Notify: Transaction "IndexPage" started.	[MsgId: MMSG-16999]
Action.c(41): web_reg_save_param_attrib started  	[MsgId: MMSG-26355]
Action.c(41): Registering web_reg_save_param_attrib was successful  	[MsgId: MMSG-26390]
Action.c(52): web_reg_find started  	[MsgId: MMSG-26355]
Action.c(52): Registering web_reg_find was successful  	[MsgId: MMSG-26390]
Action.c(56): web_url("webtours") started  	[MsgId: MMSG-26355]
Action.c(56): t=20512ms: Connecting [0] to host 127.0.0.1:1080  	[MsgId: MMSG-26000]
Action.c(56): Error -27792: Failed to connect to server "localhost:1080": [10061] Connection refused  	[MsgId: MERR-27792]
Action.c(56): t=22519ms: Closed connection [0] to localhost:1080 after completing 0 request(s)  	[MsgId: MMSG-26000]
Action.c(56): Search registration for "userSession" parameter is filtered by "Content Type"  	[MsgId: MMSG-26000]
Action.c(56): Notify: Saving Parameter "userSession = ".	[MsgId: MMSG-13798]
Action.c(56): Error -35048: No match found for the requested parameter "userSession". Check whether the tag with specific attributes exists in the response data  	[MsgId: MERR-35048]
Action.c(56): Error -26366: "Text=Welcome to the Web Tours site" not found for web_reg_find  	[MsgId: MERR-26366]
Action.c(56): Error -26374: The above "not found" error(s) may be explained by header and body byte counts being 0 and 0, respectively.  	[MsgId: MERR-26374]
Action.c(56): web_url("webtours") highest severity level was "ERROR", 0 body bytes, 0 header bytes  	[MsgId: MMSG-26388]
Action.c(56): Notify: Transaction "IndexPage" ended with a "Fail" status (Duration: 2,0383 Wasted Time: 0,0002).	[MsgId: MMSG-16871]
Action.c(56): Notify: Transaction "IndexPage" has 3 error message(s).	[MsgId: MMSG-16818]
Action.c(56): Notify: The 1st error message associated with transaction "IndexPage" is "Error -27792: Failed to connect to server "localhost:1080": [10061] Connection refused"	[MsgId: MMSG-16819]
Action.c(56): Notify: The 2nd error message associated with transaction "IndexPage" is "Error -26366: "Text=Welcome to the Web Tours site" not found for web_reg_find"	[MsgId: MMSG-16819]
Action.c(56): Notify: The 3rd error message associated with transaction "IndexPage" is "Error -26374: The above "not found" error(s) may be explained by header and body byte counts being 0 and 0, respectively."	[MsgId: MMSG-16819]
Action.c(56): Notify: Transaction "UC1_Buy_Ticket" ended with a "Fail" status (Duration: 2,0401 Wasted Time: 0,0002).	[MsgId: MMSG-16871]
Action.c(56): Notify: Transaction "UC1_Buy_Ticket" has 3 error message(s).	[MsgId: MMSG-16818]
Action.c(56): Notify: The 1st error message associated with transaction "UC1_Buy_Ticket" is "Error -27792: Failed to connect to server "localhost:1080": [10061] Connection refused"	[MsgId: MMSG-16819]
Action.c(56): Notify: The 2nd error message associated with transaction "UC1_Buy_Ticket" is "Error -26366: "Text=Welcome to the Web Tours site" not found for web_reg_find"	[MsgId: MMSG-16819]
Action.c(56): Notify: The 3rd error message associated with transaction "UC1_Buy_Ticket" is "Error -26374: The above "not found" error(s) may be explained by header and body byte counts being 0 and 0, respectively."	[MsgId: MMSG-16819]
Ending action Action.	[MsgId: MMSG-15918]
Ending iteration 3.	[MsgId: MMSG-15965]
Waiting 7,9580 seconds for iteration pacing.	[MsgId: MMSG-15996]
Action.c(56): Error -27792: Failed to connect to server "localhost:1080": [10061] Connection refused  	[MsgId: MERR-27792]
Action.c(56): t=22549ms: Closed connection [0] to localhost:1080 after completing 0 request(s)  	[MsgId: MMSG-26000]
Action.c(56): Search registration for "userSession" parameter is filtered by "Content Type"  	[MsgId: MMSG-26000]
Action.c(56): Notify: Saving Parameter "userSession = ".	[MsgId: MMSG-13798]
Action.c(56): Error -35048: No match found for the requested parameter "userSession". Check whether the tag with specific attributes exists in the response data  	[MsgId: MERR-35048]
Action.c(56): Error -26366: "Text=Welcome to the Web Tours site" not found for web_reg_find  	[MsgId: MERR-26366]
Action.c(56): Error -26374: The above "not found" error(s) may be explained by header and body byte counts being 0 and 0, respectively.  	[MsgId: MERR-26374]
Action.c(56): web_url("webtours") highest severity level was "ERROR", 0 body bytes, 0 header bytes  	[MsgId: MMSG-26388]
Action.c(56): Notify: Transaction "IndexPage" ended with a "Fail" status (Duration: 2,0549 Wasted Time: 0,0003).	[MsgId: MMSG-16871]
Action.c(56): Notify: Transaction "IndexPage" has 3 error message(s).	[MsgId: MMSG-16818]
Action.c(56): Notify: The 1st error message associated with transaction "IndexPage" is "Error -27792: Failed to connect to server "localhost:1080": [10061] Connection refused"	[MsgId: MMSG-16819]
Action.c(56): Notify: The 2nd error message associated with transaction "IndexPage" is "Error -26366: "Text=Welcome to the Web Tours site" not found for web_reg_find"	[MsgId: MMSG-16819]
Action.c(56): Notify: The 3rd error message associated with transaction "IndexPage" is "Error -26374: The above "not found" error(s) may be explained by header and body byte counts being 0 and 0, respectively."	[MsgId: MMSG-16819]
Action.c(56): Notify: Transaction "UC1_Buy_Ticket" ended with a "Fail" status (Duration: 2,0559 Wasted Time: 0,0003).	[MsgId: MMSG-16871]
Action.c(56): Notify: Transaction "UC1_Buy_Ticket" has 3 error message(s).	[MsgId: MMSG-16818]
Action.c(56): Notify: The 1st error message associated with transaction "UC1_Buy_Ticket" is "Error -27792: Failed to connect to server "localhost:1080": [10061] Connection refused"	[MsgId: MMSG-16819]
Action.c(56): Notify: The 2nd error message associated with transaction "UC1_Buy_Ticket" is "Error -26366: "Text=Welcome to the Web Tours site" not found for web_reg_find"	[MsgId: MMSG-16819]
Action.c(56): Notify: The 3rd error message associated with transaction "UC1_Buy_Ticket" is "Error -26374: The above "not found" error(s) may be explained by header and body byte counts being 0 and 0, respectively."	[MsgId: MMSG-16819]
Ending action Action.	[MsgId: MMSG-15918]
Ending iteration 3.	[MsgId: MMSG-15965]
Waiting 7,9420 seconds for iteration pacing.	[MsgId: MMSG-15996]
Action.c(56): Error -27792: Failed to connect to server "localhost:1080": [10061] Connection refused  	[MsgId: MERR-27792]
Action.c(56): t=22565ms: Closed connection [0] to localhost:1080 after completing 0 request(s)  	[MsgId: MMSG-26000]
Action.c(56): Search registration for "userSession" parameter is filtered by "Content Type"  	[MsgId: MMSG-26000]
Action.c(56): Notify: Saving Parameter "userSession = ".	[MsgId: MMSG-13798]
Action.c(56): Error -35048: No match found for the requested parameter "userSession". Check whether the tag with specific attributes exists in the response data  	[MsgId: MERR-35048]
Action.c(56): Error -26366: "Text=Welcome to the Web Tours site" not found for web_reg_find  	[MsgId: MERR-26366]
Action.c(56): Error -26374: The above "not found" error(s) may be explained by header and body byte counts being 0 and 0, respectively.  	[MsgId: MERR-26374]
Action.c(56): web_url("webtours") highest severity level was "ERROR", 0 body bytes, 0 header bytes  	[MsgId: MMSG-26388]
Action.c(56): Notify: Transaction "IndexPage" ended with a "Fail" status (Duration: 2,0551 Wasted Time: 0,0003).	[MsgId: MMSG-16871]
Action.c(56): Notify: Transaction "IndexPage" has 3 error message(s).	[MsgId: MMSG-16818]
Action.c(56): Notify: The 1st error message associated with transaction "IndexPage" is "Error -27792: Failed to connect to server "localhost:1080": [10061] Connection refused"	[MsgId: MMSG-16819]
Action.c(56): Notify: The 2nd error message associated with transaction "IndexPage" is "Error -26366: "Text=Welcome to the Web Tours site" not found for web_reg_find"	[MsgId: MMSG-16819]
Action.c(56): Notify: The 3rd error message associated with transaction "IndexPage" is "Error -26374: The above "not found" error(s) may be explained by header and body byte counts being 0 and 0, respectively."	[MsgId: MMSG-16819]
Action.c(56): Notify: Transaction "UC1_Buy_Ticket" ended with a "Fail" status (Duration: 2,0561 Wasted Time: 0,0003).	[MsgId: MMSG-16871]
Action.c(56): Notify: Transaction "UC1_Buy_Ticket" has 3 error message(s).	[MsgId: MMSG-16818]
Action.c(56): Notify: The 1st error message associated with transaction "UC1_Buy_Ticket" is "Error -27792: Failed to connect to server "localhost:1080": [10061] Connection refused"	[MsgId: MMSG-16819]
Action.c(56): Notify: The 2nd error message associated with transaction "UC1_Buy_Ticket" is "Error -26366: "Text=Welcome to the Web Tours site" not found for web_reg_find"	[MsgId: MMSG-16819]
Action.c(56): Notify: The 3rd error message associated with transaction "UC1_Buy_Ticket" is "Error -26374: The above "not found" error(s) may be explained by header and body byte counts being 0 and 0, respectively."	[MsgId: MMSG-16819]
Ending action Action.	[MsgId: MMSG-15918]
Ending iteration 3.	[MsgId: MMSG-15965]
Waiting 7,9410 seconds for iteration pacing.	[MsgId: MMSG-15996]
Action was aborted.	[MsgId: MMSG-10694]
Ending Vuser...	[MsgId: MMSG-15966]
Starting action vuser_end.	[MsgId: MMSG-15919]
Ending action vuser_end.	[MsgId: MMSG-15918]
Vuser Terminated.	[MsgId: MMSG-15963]
Action was aborted.	[MsgId: MMSG-10694]
Ending Vuser...	[MsgId: MMSG-15966]
Starting action vuser_end.	[MsgId: MMSG-15919]
Ending action vuser_end.	[MsgId: MMSG-15918]
Action was aborted.	[MsgId: MMSG-10694]
Vuser Terminated.	[MsgId: MMSG-15963]
Ending Vuser...	[MsgId: MMSG-15966]
Starting action vuser_end.	[MsgId: MMSG-15919]
Ending action vuser_end.	[MsgId: MMSG-15918]
Vuser Terminated.	[MsgId: MMSG-15963]
HTML-Mode memory management statistics: Reusable=0, NonReusable=0, CsMemBlockSize=4096, checks disabled  	[MsgId: MMSG-26000]
Vuser 2 (thread 8736), ended OK."	[MsgId: MMSG-10695]
HTML-Mode memory management statistics: Reusable=0, NonReusable=0, CsMemBlockSize=4096, checks disabled  	[MsgId: MMSG-26000]
Vuser 0 (thread 3120), ended OK."	[MsgId: MMSG-10695]
HTML-Mode memory management statistics: Reusable=0, NonReusable=0, CsMemBlockSize=4096, checks disabled  	[MsgId: MMSG-26000]
Vuser 1 (thread 664), ended OK."	[MsgId: MMSG-10695]
