Action.c(314):     Sec-Fetch-Dest: frame\r\n
Action.c(314):     Sec-Fetch-Site: same-origin\r\n
Action.c(314):     Sec-Fetch-Mode: navigate\r\n
Action.c(314):     DNT: 1\r\n
Action.c(314):     Sec-GPC: 1\r\n
Action.c(314):     User-Agent: Mozilla/5.0 (Windows NT 10.0; Win64; x64; rv:122.0) Gecko/20100101 Firefox/122
Action.c(314):     .0\r\n
Action.c(314):     Accept-Encoding: gzip, deflate\r\n
Action.c(314):     Accept-Language: ru-RU,ru;q=0.8,en-US;q=0.5,en;q=0.3\r\n
Action.c(314):     Accept: */*\r\n
Action.c(314):     Connection: Keep-Alive\r\n
Action.c(314):     Host: localhost:1080\r\n
Action.c(314):     Cookie: MSO=SID&1707479429; MTUserInfo=firstName&Jack&username&jackandjill&address2&San%20
Action.c(314):     Ricardo%2F12345&hash&108&address1&101%20Nursery%20Rhyme%20Road&lastName&Horner%0A\r\n
Action.c(314):     \r\n
Action.c(314): t=1386729ms: Already connected [1] to localhost:1080  	[MsgId: MMSG-26000]
Action.c(314): t=1386729ms: 622-byte request headers for "http://localhost:1080/WebTours/images/cancelallreservations.gif" (RelFrameId=, Internal ID=129)
Action.c(314):     GET /WebTours/images/cancelallreservations.gif HTTP/1.1\r\n
Action.c(314):     Referer: http://localhost:1080/cgi-bin/itinerary.pl\r\n
Action.c(314):     Sec-Fetch-Dest: frame\r\n
Action.c(314):     Sec-Fetch-Site: same-origin\r\n
Action.c(314):     Sec-Fetch-Mode: navigate\r\n
Action.c(314):     DNT: 1\r\n
Action.c(314):     Sec-GPC: 1\r\n
Action.c(314):     User-Agent: Mozilla/5.0 (Windows NT 10.0; Win64; x64; rv:122.0) Gecko/20100101 Firefox/122
Action.c(314):     .0\r\n
Action.c(314):     Accept-Encoding: gzip, deflate\r\n
Action.c(314):     Accept-Language: ru-RU,ru;q=0.8,en-US;q=0.5,en;q=0.3\r\n
Action.c(314):     Accept: */*\r\n
Action.c(314):     Connection: Keep-Alive\r\n
Action.c(314):     Host: localhost:1080\r\n
Action.c(314):     Cookie: MSO=SID&1707479429; MTUserInfo=firstName&Jack&username&jackandjill&address2&San%20
Action.c(314):     Ricardo%2F12345&hash&108&address1&101%20Nursery%20Rhyme%20Road&lastName&Horner%0A\r\n
Action.c(314):     \r\n
Action.c(314): t=1386729ms: 297-byte response headers for "http://localhost:1080/WebTours/images/cancelreservation.gif" (RelFrameId=, Internal ID=128)
Action.c(314):     HTTP/1.1 200 OK\r\n
Action.c(314):     Date: Fri, 09 Feb 2024 11:51:10 GMT\r\n
Action.c(314):     Server: Apache/2.2.21 (Win32)\r\n
Action.c(314):     Last-Modified: Thu, 12 Jan 2012 13:30:28 GMT\r\n
Action.c(314):     ETag: "2000000029558-33f-4b654c0620500"\r\n
Action.c(314):     Accept-Ranges: bytes\r\n
Action.c(314):     Content-Length: 831\r\n
Action.c(314):     Keep-Alive: timeout=5, max=95\r\n
Action.c(314):     Connection: Keep-Alive\r\n
Action.c(314):     Content-Type: image/gif\r\n
Action.c(314):     \r\n
Action.c(314): t=1386730ms: 831-byte response body for "http://localhost:1080/WebTours/images/cancelreservation.gif" (RelFrameId=, Internal ID=128)
Action.c(314): t=1386730ms: Request done "http://localhost:1080/WebTours/images/cancelreservation.gif"  	[MsgId: MMSG-26000]
Action.c(314): t=1386732ms: 297-byte response headers for "http://localhost:1080/WebTours/images/cancelallreservations.gif" (RelFrameId=, Internal ID=129)
Action.c(314):     HTTP/1.1 200 OK\r\n
Action.c(314):     Date: Fri, 09 Feb 2024 11:51:10 GMT\r\n
Action.c(314):     Server: Apache/2.2.21 (Win32)\r\n
Action.c(314):     Last-Modified: Thu, 12 Jan 2012 13:30:28 GMT\r\n
Action.c(314):     ETag: "2000000029557-2e6-4b654c0620500"\r\n
Action.c(314):     Accept-Ranges: bytes\r\n
Action.c(314):     Content-Length: 742\r\n
Action.c(314):     Keep-Alive: timeout=5, max=99\r\n
Action.c(314):     Connection: Keep-Alive\r\n
Action.c(314):     Content-Type: image/gif\r\n
Action.c(314):     \r\n
Action.c(314): t=1386732ms: 742-byte response body for "http://localhost:1080/WebTours/images/cancelallreservations.gif" (RelFrameId=, Internal ID=129)
Action.c(314): t=1386732ms: Request done "http://localhost:1080/WebTours/images/cancelallreservations.gif"  	[MsgId: MMSG-26000]
Action.c(314): Registered web_reg_find successful for "Text=User wants the intineraries" (count=1)  	[MsgId: MMSG-26364]
Action.c(314): web_url("Itinerary Button") was successful, 54334 body bytes, 1618 header bytes, 131 chunking overhead bytes  	[MsgId: MMSG-26385]
Action.c(324): Notify: Transaction "GoToTicket" ended with a "Pass" status (Duration: 0,1731 Wasted Time: 0,0002).	[MsgId: MMSG-16871]
Action.c(326): lr_think_time: 5,00 seconds.	[MsgId: MMSG-15948]
Action.c(328): Notify: Transaction "LogOut" started.	[MsgId: MMSG-16999]
Action.c(330): web_remove_auto_header("Sec-Fetch-User") started  	[MsgId: MMSG-26355]
Action.c(330): Warning -26590: web_remove/revert_auto_header for "Sec-Fetch-User" had no effect  	[MsgId: MWAR-26590]
Action.c(330): web_remove/revert_auto_header("Sec-Fetch-User") highest severity level was "warning"  	[MsgId: MMSG-26391]
Action.c(332): lr_think_time: 5,00 seconds.	[MsgId: MMSG-15948]
Action.c(328): Notify: Transaction "LogOut" started.	[MsgId: MMSG-16999]
Action.c(330): web_remove_auto_header("Sec-Fetch-User") started  	[MsgId: MMSG-26355]
Action.c(330): Warning -26590: web_remove/revert_auto_header for "Sec-Fetch-User" had no effect  	[MsgId: MWAR-26590]
Action.c(330): web_remove/revert_auto_header("Sec-Fetch-User") highest severity level was "warning"  	[MsgId: MMSG-26391]
Action.c(332): lr_think_time: 5,00 seconds.	[MsgId: MMSG-15948]
Action.c(334): web_reg_find started  	[MsgId: MMSG-26355]
Action.c(334): Registering web_reg_find was successful  	[MsgId: MMSG-26390]
Action.c(337): web_url("SignOff Button") started  	[MsgId: MMSG-26355]
Action.c(337): t=1390421ms: Closed connection [0] to localhost:1080 after completing 6 request(s)  	[MsgId: MMSG-26000]
Action.c(337): t=1390421ms: Connecting [0] to host 127.0.0.1:1080  	[MsgId: MMSG-26000]
Action.c(337): t=1390421ms: Connected socket [0] from 127.0.0.1:22030 to 127.0.0.1:1080 in 0 ms  	[MsgId: MMSG-26000]
Action.c(337): t=1390421ms: 625-byte request headers for "http://localhost:1080/cgi-bin/welcome.pl?signOff=1" (RelFrameId=1, Internal ID=526)
Action.c(337):     GET /cgi-bin/welcome.pl?signOff=1 HTTP/1.1\r\n
Action.c(337):     Referer: http://localhost:1080/cgi-bin/nav.pl?page=menu&in=itinerary\r\n
Action.c(337):     Sec-Fetch-Dest: frame\r\n
Action.c(337):     Sec-Fetch-Site: same-origin\r\n
Action.c(337):     Sec-Fetch-Mode: navigate\r\n
Action.c(337):     DNT: 1\r\n
Action.c(337):     Sec-GPC: 1\r\n
Action.c(337):     User-Agent: Mozilla/5.0 (Windows NT 10.0; Win64; x64; rv:122.0) Gecko/20100101 Firefox/122
Action.c(337):     .0\r\n
Action.c(337):     Accept-Encoding: gzip, deflate\r\n
Action.c(337):     Accept-Language: ru-RU,ru;q=0.8,en-US;q=0.5,en;q=0.3\r\n
Action.c(337):     Accept: */*\r\n
Action.c(337):     Connection: Keep-Alive\r\n
Action.c(337):     Host: localhost:1080\r\n
Action.c(337):     Cookie: MSO=SID&1707479405; MTUserInfo=firstName&Humpty&username&humptydumpty&address2&San
Action.c(337):     %20Ricardo%2F12345&hash&121&address1&789%20Beanstalk%20Avenue&lastName&Dumpty%0A\r\n
Action.c(337):     \r\n
Action.c(337): t=1390422ms: Inactive socket [1] was closed by localhost:1080, probably due to Keep-Alive timeout  	[MsgId: MMSG-26000]
Action.c(337): t=1390422ms: Closed connection [1] to localhost:1080 after completing 2 request(s)  	[MsgId: MMSG-26000]
Action.c(337): t=1390422ms: Inactive socket [2] was closed by localhost:1080, probably due to Keep-Alive timeout  	[MsgId: MMSG-26000]
Action.c(337): t=1390422ms: Closed connection [2] to localhost:1080 after completing 1 request(s)  	[MsgId: MMSG-26000]
Action.c(337): t=1390466ms: 328-byte response headers for "http://localhost:1080/cgi-bin/welcome.pl?signOff=1" (RelFrameId=1, Internal ID=526)
Action.c(337):     HTTP/1.1 200 OK\r\n
Action.c(337):     Date: Fri, 09 Feb 2024 11:51:13 GMT\r\n
Action.c(337):     Server: Apache/2.2.21 (Win32)\r\n
Action.c(337):     Set-Cookie: MSO=SID&1707479473; path=/\r\n
Action.c(337):     Set-Cookie: MTUserInfo=; path=/; expires=Thu, 08-Feb-2024 11:51:13 GMT\r\n
Action.c(337):     Keep-Alive: timeout=5, max=100\r\n
Action.c(337):     Connection: Keep-Alive\r\n
Action.c(337):     Transfer-Encoding: chunked\r\n
Action.c(337):     Content-Type: text/html; charset=ISO-8859-1\r\n
Action.c(337):     \r\n
Action.c(337): t=1390466ms: 5-byte chunked response overhead for "http://localhost:1080/cgi-bin/welcome.pl?signOff=1" (RelFrameId=1, Internal ID=526)
Action.c(337):     2ae\r\n
Action.c(337): t=1390466ms: 2-byte chunked response overhead for "http://localhost:1080/cgi-bin/welcome.pl?signOff=1" (RelFrameId=1, Internal ID=526)
Action.c(337):     \r\n
Action.c(337): t=1390466ms: 686-byte chunked response body for "http://localhost:1080/cgi-bin/welcome.pl?signOff=1" (RelFrameId=1, Internal ID=526)
Action.c(337):     <!-- \n
Action.c(337):      A Session ID has been created and loaded into a cookie called MSO.\n
Action.c(337):      Also, the server options have been loaded into the cookie called\n
Action.c(337):      MSO as well.  The server options can be set via the Admin page.\n
Action.c(337):      --->\n
Action.c(337):     \n
Action.c(337):     <html>\n
Action.c(337):     <title>Web Tours</title>\n
Action.c(337):        <!-- Frame Set -->\n
Action.c(337):        <frameset cols="160,*" border="1" frameborder="1">\n
Action.c(337):           <!-- Navigation Frame -->\n
Action.c(337):           <frame src="nav.pl?in=home" name="navbar" marginheight="2" marginwidth="2" \n
Action.c(337):                 noresize="noresize" scrolling="auto"/>\n
Action.c(337):           <!-- Home Frame -->\n
Action.c(337):           <frame src="/WebTours/home.html" name="info" marginheight="2" marginwidth="2" \n
Action.c(337):                 noresize="noresize" scrolling="auto"/>\n
Action.c(337):        </frameset>\n
Action.c(337):     </html>\n
Action.c(337):     \n
Action.c(337):     </body>\n
Action.c(337):     </html>
Action.c(337): Detected non-resource "http://localhost:1080/cgi-bin/nav.pl?in=home" in "http://localhost:1080/cgi-bin/welcome.pl?signOff=1"  	[MsgId: MMSG-26574]
Action.c(337): Detected non-resource "http://localhost:1080/WebTours/home.html" in "http://localhost:1080/cgi-bin/welcome.pl?signOff=1"  	[MsgId: MMSG-26574]
Action.c(337): Retrieving data from cache for "http://localhost:1080/WebTours/home.html"  	[MsgId: MMSG-26558]
Action.c(337): t=1390467ms: 1361-byte response body retrieved from cache for "http://localhost:1080/WebTours/home.html" (RelFrameId=1.2, Internal ID=528)
Action.c(337):     <HTML>\n
Action.c(337):     <HEAD>\n
Action.c(337):     \t<title>Web Tours</title>\n
Action.c(337):     </HEAD>\n
Action.c(337):     <style>\n
Action.c(337):     \tblockquote {font-family: tahoma; font-size : 10pt}\n
Action.c(337):     \tH1 {font-family: tahoma; font-size : 22pt; color: #003366}\n
Action.c(337):     \tsmall {font-family: tahoma; font-size : 8pt}\n
Action.c(337):     \tH3{font-family: tahoma; font-size : 10pt; color: black}\n
Action.c(337):     \tA {FONT-WEIGHT: bold; FONT-SIZE: 10pt; COLOR: black; FONT-FAMILY: Tahoma; TEXT-DECORATIO
Action.c(337):     N: none}\n
Action.c(337):     \tA:hover{ FONT-WEIGHT: bold; FONT-SIZE: 10pt; COLOR: #993333; FONT-FAMILY: Tahoma;TEXT-DE
Action.c(337):     CORATION: underline}\n
Action.c(337):     \tTD {font-family: tahoma; font-size : 10pt; color: black}\n
Action.c(337):     </style>\n
Action.c(337):     <body bgcolor="#e0e7f1">\n
Action.c(337):     <BR/>\n
Action.c(337):     <BR/>\n
Action.c(337):     <BR/>\n
Action.c(337):     <br/>\n
Action.c(337):     <table border="0">\n
Action.c(337):     <tr><td></td></tr>\n
Action.c(337):     <TR><TD></TD></TR>\n
Action.c(337):     <TR><TD>\n
Action.c(337):     <blockquote>\n
Action.c(337):     <H1><b>Web Tours</b></H1>\n
Action.c(337):     Welcome to the Web Tours site.\n
Action.c(337):     <br/>\n
Action.c(337):     To make reservations,please enter your account information to the left.\n
Action.c(337):     <br/>\n
Action.c(337):     If you haven't registered yet, <A href="/cgi-bin/login.pl?username=&amp;password=&amp;getI
Action.c(337):     nfo=true" ><B>sign up now</B></A> to get access to all our resources.\n
Action.c(337):     <br/>\n
Action.c(337):     To configure the server options, use <A href="/cgi-bin/admin.pl" target="body" ><b>adminis
Action.c(337):     tration</b></A> link.\n
Action.c(337):     <br/><br/><br/><br/><br/><br/>\n
Action.c(337):     <br/><small>\n
Action.c(337):     This product uses parts of the SMT Kernel, Copyright (c) 1991-99 <A href="http://www.imati
Action.c(337):     x.com" target="new"><B><small>iMatix Corporation</small></B></A> \n
Action.c(337):     </small>\n
Action.c(337):     </blockquote></TD>\n
Action.c(337):     <TD></TD></TR>\n
Action.c(337):     </table>\n
Action.c(337):     </body>\n
Action.c(337):     </HTML>\n
Action.c(337): t=1390468ms: Connecting [1] to host 127.0.0.1:1080  	[MsgId: MMSG-26000]
Action.c(337): t=1390468ms: Connected socket [1] from 127.0.0.1:22031 to 127.0.0.1:1080 in 0 ms  	[MsgId: MMSG-26000]
Action.c(337): t=1390468ms: 466-byte request headers for "http://localhost:1080/cgi-bin/nav.pl?in=home" (RelFrameId=1.1, Internal ID=527)
Action.c(337):     GET /cgi-bin/nav.pl?in=home HTTP/1.1\r\n
Action.c(337):     Referer: http://localhost:1080/cgi-bin/welcome.pl?signOff=1\r\n
Action.c(337):     Sec-Fetch-Dest: frame\r\n
Action.c(337):     Sec-Fetch-Site: same-origin\r\n
Action.c(337):     Sec-Fetch-Mode: navigate\r\n
Action.c(337):     DNT: 1\r\n
Action.c(337):     Sec-GPC: 1\r\n
Action.c(337):     User-Agent: Mozilla/5.0 (Windows NT 10.0; Win64; x64; rv:122.0) Gecko/20100101 Firefox/122
Action.c(337):     .0\r\n
Action.c(337):     Accept-Encoding: gzip, deflate\r\n
Action.c(337):     Accept-Language: ru-RU,ru;q=0.8,en-US;q=0.5,en;q=0.3\r\n
Action.c(337):     Accept: */*\r\n
Action.c(337):     Connection: Keep-Alive\r\n
Action.c(337):     Host: localhost:1080\r\n
Action.c(337):     Cookie: MSO=SID&1707479473\r\n
Action.c(337):     \r\n
Action.c(337): t=1390469ms: 5-byte chunked response overhead for "http://localhost:1080/cgi-bin/welcome.pl?signOff=1" (RelFrameId=1, Internal ID=526)
Action.c(337):     0\r\n
Action.c(337):     \r\n
Action.c(337): t=1390469ms: Request done "http://localhost:1080/cgi-bin/welcome.pl?signOff=1"  	[MsgId: MMSG-26000]
Action.c(337): t=1390513ms: 256-byte response headers for "http://localhost:1080/cgi-bin/nav.pl?in=home" (RelFrameId=1.1, Internal ID=527)
Action.c(337):     HTTP/1.1 200 OK\r\n
Action.c(337):     Date: Fri, 09 Feb 2024 11:51:13 GMT\r\n
Action.c(337):     Server: Apache/2.2.21 (Win32)\r\n
Action.c(337):     Expires: Thu, 08 Feb 2024 11:51:14 GMT\r\n
Action.c(337):     Keep-Alive: timeout=5, max=100\r\n
Action.c(337):     Connection: Keep-Alive\r\n
Action.c(337):     Transfer-Encoding: chunked\r\n
Action.c(337):     Content-Type: text/html; charset=ISO-8859-1\r\n
Action.c(337):     \r\n
Action.c(337): t=1390513ms: 5-byte chunked response overhead for "http://localhost:1080/cgi-bin/nav.pl?in=home" (RelFrameId=1.1, Internal ID=527)
Action.c(337):     5d1\r\n
Action.c(337): t=1390513ms: 2-byte chunked response overhead for "http://localhost:1080/cgi-bin/nav.pl?in=home" (RelFrameId=1.1, Internal ID=527)
Action.c(337):     \r\n
Action.c(337): t=1390513ms: 1489-byte chunked response body for "http://localhost:1080/cgi-bin/nav.pl?in=home" (RelFrameId=1.1, Internal ID=527)
Action.c(337):     <!DOCTYPE html\n
Action.c(337):     \tPUBLIC "-//W3C//DTD XHTML 1.0 Transitional//EN"\n
Action.c(337):     \t "http://www.w3.org/TR/xhtml1/DTD/xhtml1-transitional.dtd">\n
Action.c(337):     <html xmlns="http://www.w3.org/1999/xhtml" lang="en-US" xml:lang="en-US">\n
Action.c(337):     <head>\n
Action.c(337):     <title>Web Tours Navigation Bar</title>\n
Action.c(337):     <meta http-equiv="Content-Type" content="text/html; charset=iso-8859-1" />\n
Action.c(337):     </head>\n
Action.c(337):     <body bgcolor="#E0E7F1">\n
Action.c(337):     <style>\n
Action.c(337):     blockquote {font-family: tahoma; font-size : 10pt}\n
Action.c(337):     H1 {font-family: tahoma; font-size : 22pt; color: #993333}\n
Action.c(337):     H3 {font-family: tahoma; font-size : 10pt; color: black}\n
Action.c(337):     small {font-family: tahoma; font-size : 8pt}\n
Action.c(337):     </style>\n
Action.c(337):     <form method="post" action="/cgi-bin/login.pl" target="body">\n
Action.c(337):     <input type="hidden" name="userSession" value="138313.44455245HVVttQHpiAtVzzzHtczizpQizicf
Action.c(337):     "/>\n
Action.c(337):     <table border="0"><tr><td>&nbsp;</td>\n
Action.c(337):     <td>&nbsp;</td></tr>\n
Action.c(337):     <tr><td>&nbsp;</td>\n
Action.c(337):     <td>&nbsp;</td></tr>\n
Action.c(337):     <tr><td>&nbsp;</td>\n
Action.c(337):     <td><small>&nbsp;Username</small></td></tr>\n
Action.c(337):     <tr><td>&nbsp;</td>\n
Action.c(337):     <td><input type="text" name="username" value="" size="14" maxlength="14"/></td></tr>\n
Action.c(337):     <tr><td>&nbsp;</td>\n
Action.c(337):     <td><small>&nbsp;Password</small></td>\n
Action.c(337):     <tr><td>&nbsp;</td>\n
Action.c(337):     <td><input type="password" name="password" value="" size="14" maxlength="14"/></td></tr>\n
Action.c(337):     <tr><td>&nbsp;</td>\n
Action.c(337):     <td>&nbsp;</td></tr>\n
Action.c(337):     <tr><td>&nbsp;</td>\n
Action.c(337):     <td><input type="image" name="login" value="Login" alt="Login" border="1" \n
Action.c(337):     src="/WebTours/images/mer_login.gif"/></td></tr>\n
Action.c(337):     <tr><td>&nbsp;</td><td>&nbsp;</td></tr>\n
Action.c(337):     </table><input type="hidden" name="JSFormSubmit" value="off"/>\n
Action.c(337):     </form>\n
Action.c(337):     \n
Action.c(337):     </body>\n
Action.c(337):     </html>\n
Action.c(337): Resource "http://localhost:1080/WebTours/images/mer_login.gif" is in the cache already and will not be downloaded again  	[MsgId: MMSG-26655]
Action.c(337): t=1390515ms: 5-byte chunked response overhead for "http://localhost:1080/cgi-bin/nav.pl?in=home" (RelFrameId=1.1, Internal ID=527)
Action.c(337):     0\r\n
Action.c(337):     \r\n
Action.c(337): t=1390515ms: Request done "http://localhost:1080/cgi-bin/nav.pl?in=home"  	[MsgId: MMSG-26000]
Action.c(337): Registered web_reg_find successful for "Text=Welcome to the Web Tours site" (count=1)  	[MsgId: MMSG-26364]
Action.c(337): web_url("SignOff Button") was successful, 2175 body bytes, 584 header bytes, 24 chunking overhead bytes  	[MsgId: MMSG-26385]
Action.c(346): Notify: Transaction "LogOut" ended with a "Pass" status (Duration: 5,0969 Think Time: 5,0013 Wasted Time: 0,0000).	[MsgId: MMSG-16870]
Action.c(349): Notify: Transaction "UC1_Buy_Ticket" ended with a "Pass" status (Duration: 77,5415 Think Time: 40,0363 Wasted Time: 0,0032).	[MsgId: MMSG-16870]
Ending action Action.	[MsgId: MMSG-15918]
Action was aborted.	[MsgId: MMSG-10694]
Ending Vuser...	[MsgId: MMSG-15966]
Starting action vuser_end.	[MsgId: MMSG-15919]
Ending action vuser_end.	[MsgId: MMSG-15918]
Vuser Terminated.	[MsgId: MMSG-15963]
t=1390516ms: Closed connection [0] to localhost:1080 after completing 1 request(s)  	[MsgId: MMSG-26000]
t=1390516ms: Closed connection [1] to localhost:1080 after completing 1 request(s)  	[MsgId: MMSG-26000]
HTML-Mode memory management statistics: Reusable=10, NonReusable=0, CsMemBlockSize=4096, checks disabled  	[MsgId: MMSG-26000]
Vuser 5 (thread 2976), ended OK."	[MsgId: MMSG-10695]
Action.c(328): Notify: Transaction "LogOut" started.	[MsgId: MMSG-16999]
Action.c(330): web_remove_auto_header("Sec-Fetch-User") started  	[MsgId: MMSG-26355]
Action.c(330): Warning -26590: web_remove/revert_auto_header for "Sec-Fetch-User" had no effect  	[MsgId: MWAR-26590]
Action.c(330): web_remove/revert_auto_header("Sec-Fetch-User") highest severity level was "warning"  	[MsgId: MMSG-26391]
Action.c(332): lr_think_time: 5,00 seconds.	[MsgId: MMSG-15948]
Action.c(328): Notify: Transaction "LogOut" started.	[MsgId: MMSG-16999]
Action.c(330): web_remove_auto_header("Sec-Fetch-User") started  	[MsgId: MMSG-26355]
Action.c(330): Warning -26590: web_remove/revert_auto_header for "Sec-Fetch-User" had no effect  	[MsgId: MWAR-26590]
Action.c(330): web_remove/revert_auto_header("Sec-Fetch-User") highest severity level was "warning"  	[MsgId: MMSG-26391]
Action.c(332): lr_think_time: 5,00 seconds.	[MsgId: MMSG-15948]
Action.c(334): web_reg_find started  	[MsgId: MMSG-26355]
Action.c(334): Registering web_reg_find was successful  	[MsgId: MMSG-26390]
Action.c(337): web_url("SignOff Button") started  	[MsgId: MMSG-26355]
Action.c(337): t=1392532ms: Closed connection [0] to localhost:1080 after completing 6 request(s)  	[MsgId: MMSG-26000]
Action.c(337): t=1392533ms: Connecting [0] to host 127.0.0.1:1080  	[MsgId: MMSG-26000]
Action.c(337): t=1392533ms: Connected socket [0] from 127.0.0.1:22032 to 127.0.0.1:1080 in 0 ms  	[MsgId: MMSG-26000]
Action.c(337): t=1392533ms: 631-byte request headers for "http://localhost:1080/cgi-bin/welcome.pl?signOff=1" (RelFrameId=1, Internal ID=262)
Action.c(337):     GET /cgi-bin/welcome.pl?signOff=1 HTTP/1.1\r\n
Action.c(337):     Referer: http://localhost:1080/cgi-bin/nav.pl?page=menu&in=itinerary\r\n
Action.c(337):     Sec-Fetch-Dest: frame\r\n
Action.c(337):     Sec-Fetch-Site: same-origin\r\n
Action.c(337):     Sec-Fetch-Mode: navigate\r\n
Action.c(337):     DNT: 1\r\n
Action.c(337):     Sec-GPC: 1\r\n
Action.c(337):     User-Agent: Mozilla/5.0 (Windows NT 10.0; Win64; x64; rv:122.0) Gecko/20100101 Firefox/122
Action.c(337):     .0\r\n
Action.c(337):     Accept-Encoding: gzip, deflate\r\n
Action.c(337):     Accept-Language: ru-RU,ru;q=0.8,en-US;q=0.5,en;q=0.3\r\n
Action.c(337):     Accept: */*\r\n
Action.c(337):     Connection: Keep-Alive\r\n
Action.c(337):     Host: localhost:1080\r\n
Action.c(337):     Cookie: MSO=SID&1707479418; MTUserInfo=firstName&Kitty&username&kittysoftpaws&address2&San
Action.c(337):     %20Ricardo%2F12345&hash&19&address1&456%20Golden%20Goose%20Street&lastName&Softpaws%0A\r\n
Action.c(337):     \r\n
Action.c(337): t=1392533ms: Inactive socket [1] was closed by localhost:1080, probably due to Keep-Alive timeout  	[MsgId: MMSG-26000]
Action.c(337): t=1392533ms: Closed connection [1] to localhost:1080 after completing 2 request(s)  	[MsgId: MMSG-26000]
Action.c(337): t=1392533ms: Inactive socket [2] was closed by localhost:1080, probably due to Keep-Alive timeout  	[MsgId: MMSG-26000]
Action.c(337): t=1392534ms: Closed connection [2] to localhost:1080 after completing 1 request(s)  	[MsgId: MMSG-26000]
Action.c(337): t=1392577ms: 328-byte response headers for "http://localhost:1080/cgi-bin/welcome.pl?signOff=1" (RelFrameId=1, Internal ID=262)
Action.c(337):     HTTP/1.1 200 OK\r\n
Action.c(337):     Date: Fri, 09 Feb 2024 11:51:16 GMT\r\n
Action.c(337):     Server: Apache/2.2.21 (Win32)\r\n
Action.c(337):     Set-Cookie: MSO=SID&1707479476; path=/\r\n
Action.c(337):     Set-Cookie: MTUserInfo=; path=/; expires=Thu, 08-Feb-2024 11:51:16 GMT\r\n
Action.c(337):     Keep-Alive: timeout=5, max=100\r\n
Action.c(337):     Connection: Keep-Alive\r\n
Action.c(337):     Transfer-Encoding: chunked\r\n
Action.c(337):     Content-Type: text/html; charset=ISO-8859-1\r\n
Action.c(337):     \r\n
Action.c(337): t=1392578ms: 5-byte chunked response overhead for "http://localhost:1080/cgi-bin/welcome.pl?signOff=1" (RelFrameId=1, Internal ID=262)
Action.c(337):     2ae\r\n
Action.c(337): t=1392578ms: 2-byte chunked response overhead for "http://localhost:1080/cgi-bin/welcome.pl?signOff=1" (RelFrameId=1, Internal ID=262)
Action.c(337):     \r\n
Action.c(337): t=1392578ms: 686-byte chunked response body for "http://localhost:1080/cgi-bin/welcome.pl?signOff=1" (RelFrameId=1, Internal ID=262)
Action.c(337):     <!-- \n
Action.c(337):      A Session ID has been created and loaded into a cookie called MSO.\n
Action.c(337):      Also, the server options have been loaded into the cookie called\n
Action.c(337):      MSO as well.  The server options can be set via the Admin page.\n
Action.c(337):      --->\n
Action.c(337):     \n
Action.c(337):     <html>\n
Action.c(337):     <title>Web Tours</title>\n
Action.c(337):        <!-- Frame Set -->\n
Action.c(337):        <frameset cols="160,*" border="1" frameborder="1">\n
Action.c(337):           <!-- Navigation Frame -->\n
Action.c(337):           <frame src="nav.pl?in=home" name="navbar" marginheight="2" marginwidth="2" \n
Action.c(337):                 noresize="noresize" scrolling="auto"/>\n
Action.c(337):           <!-- Home Frame -->\n
Action.c(337):           <frame src="/WebTours/home.html" name="info" marginheight="2" marginwidth="2" \n
Action.c(337):                 noresize="noresize" scrolling="auto"/>\n
Action.c(337):        </frameset>\n
Action.c(337):     </html>\n
Action.c(337):     \n
Action.c(337):     </body>\n
Action.c(337):     </html>
Action.c(337): Detected non-resource "http://localhost:1080/cgi-bin/nav.pl?in=home" in "http://localhost:1080/cgi-bin/welcome.pl?signOff=1"  	[MsgId: MMSG-26574]
Action.c(337): Detected non-resource "http://localhost:1080/WebTours/home.html" in "http://localhost:1080/cgi-bin/welcome.pl?signOff=1"  	[MsgId: MMSG-26574]
Action.c(337): Retrieving data from cache for "http://localhost:1080/WebTours/home.html"  	[MsgId: MMSG-26558]
Action.c(337): t=1392579ms: 1361-byte response body retrieved from cache for "http://localhost:1080/WebTours/home.html" (RelFrameId=1.2, Internal ID=264)
Action.c(337):     <HTML>\n
Action.c(337):     <HEAD>\n
Action.c(337):     \t<title>Web Tours</title>\n
Action.c(337):     </HEAD>\n
Action.c(337):     <style>\n
Action.c(337):     \tblockquote {font-family: tahoma; font-size : 10pt}\n
Action.c(337):     \tH1 {font-family: tahoma; font-size : 22pt; color: #003366}\n
Action.c(337):     \tsmall {font-family: tahoma; font-size : 8pt}\n
Action.c(337):     \tH3{font-family: tahoma; font-size : 10pt; color: black}\n
Action.c(337):     \tA {FONT-WEIGHT: bold; FONT-SIZE: 10pt; COLOR: black; FONT-FAMILY: Tahoma; TEXT-DECORATIO
Action.c(337):     N: none}\n
Action.c(337):     \tA:hover{ FONT-WEIGHT: bold; FONT-SIZE: 10pt; COLOR: #993333; FONT-FAMILY: Tahoma;TEXT-DE
Action.c(337):     CORATION: underline}\n
Action.c(337):     \tTD {font-family: tahoma; font-size : 10pt; color: black}\n
Action.c(337):     </style>\n
Action.c(337):     <body bgcolor="#e0e7f1">\n
Action.c(337):     <BR/>\n
Action.c(337):     <BR/>\n
Action.c(337):     <BR/>\n
Action.c(337):     <br/>\n
Action.c(337):     <table border="0">\n
Action.c(337):     <tr><td></td></tr>\n
Action.c(337):     <TR><TD></TD></TR>\n
Action.c(337):     <TR><TD>\n
Action.c(337):     <blockquote>\n
Action.c(337):     <H1><b>Web Tours</b></H1>\n
Action.c(337):     Welcome to the Web Tours site.\n
Action.c(337):     <br/>\n
Action.c(337):     To make reservations,please enter your account information to the left.\n
Action.c(337):     <br/>\n
Action.c(337):     If you haven't registered yet, <A href="/cgi-bin/login.pl?username=&amp;password=&amp;getI
Action.c(337):     nfo=true" ><B>sign up now</B></A> to get access to all our resources.\n
Action.c(337):     <br/>\n
Action.c(337):     To configure the server options, use <A href="/cgi-bin/admin.pl" target="body" ><b>adminis
Action.c(337):     tration</b></A> link.\n
Action.c(337):     <br/><br/><br/><br/><br/><br/>\n
Action.c(337):     <br/><small>\n
Action.c(337):     This product uses parts of the SMT Kernel, Copyright (c) 1991-99 <A href="http://www.imati
Action.c(337):     x.com" target="new"><B><small>iMatix Corporation</small></B></A> \n
Action.c(337):     </small>\n
Action.c(337):     </blockquote></TD>\n
Action.c(337):     <TD></TD></TR>\n
Action.c(337):     </table>\n
Action.c(337):     </body>\n
Action.c(337):     </HTML>\n
Action.c(337): t=1392580ms: Connecting [1] to host 127.0.0.1:1080  	[MsgId: MMSG-26000]
Action.c(337): t=1392581ms: Connected socket [1] from 127.0.0.1:22033 to 127.0.0.1:1080 in 0 ms  	[MsgId: MMSG-26000]
Action.c(337): t=1392581ms: 466-byte request headers for "http://localhost:1080/cgi-bin/nav.pl?in=home" (RelFrameId=1.1, Internal ID=263)
Action.c(337):     GET /cgi-bin/nav.pl?in=home HTTP/1.1\r\n
Action.c(337):     Referer: http://localhost:1080/cgi-bin/welcome.pl?signOff=1\r\n
Action.c(337):     Sec-Fetch-Dest: frame\r\n
Action.c(337):     Sec-Fetch-Site: same-origin\r\n
Action.c(337):     Sec-Fetch-Mode: navigate\r\n
Action.c(337):     DNT: 1\r\n
Action.c(337):     Sec-GPC: 1\r\n
Action.c(337):     User-Agent: Mozilla/5.0 (Windows NT 10.0; Win64; x64; rv:122.0) Gecko/20100101 Firefox/122
Action.c(337):     .0\r\n
Action.c(337):     Accept-Encoding: gzip, deflate\r\n
Action.c(337):     Accept-Language: ru-RU,ru;q=0.8,en-US;q=0.5,en;q=0.3\r\n
Action.c(337):     Accept: */*\r\n
Action.c(337):     Connection: Keep-Alive\r\n
Action.c(337):     Host: localhost:1080\r\n
Action.c(337):     Cookie: MSO=SID&1707479476\r\n
Action.c(337):     \r\n
Action.c(337): t=1392581ms: 5-byte chunked response overhead for "http://localhost:1080/cgi-bin/welcome.pl?signOff=1" (RelFrameId=1, Internal ID=262)
Action.c(337):     0\r\n
Action.c(337):     \r\n
Action.c(337): t=1392581ms: Request done "http://localhost:1080/cgi-bin/welcome.pl?signOff=1"  	[MsgId: MMSG-26000]
Action.c(337): t=1392629ms: 256-byte response headers for "http://localhost:1080/cgi-bin/nav.pl?in=home" (RelFrameId=1.1, Internal ID=263)
Action.c(337):     HTTP/1.1 200 OK\r\n
Action.c(337):     Date: Fri, 09 Feb 2024 11:51:16 GMT\r\n
Action.c(337):     Server: Apache/2.2.21 (Win32)\r\n
Action.c(337):     Expires: Thu, 08 Feb 2024 11:51:16 GMT\r\n
Action.c(337):     Keep-Alive: timeout=5, max=100\r\n
Action.c(337):     Connection: Keep-Alive\r\n
Action.c(337):     Transfer-Encoding: chunked\r\n
Action.c(337):     Content-Type: text/html; charset=ISO-8859-1\r\n
Action.c(337):     \r\n
Action.c(337): t=1392629ms: 5-byte chunked response overhead for "http://localhost:1080/cgi-bin/nav.pl?in=home" (RelFrameId=1.1, Internal ID=263)
Action.c(337):     5d0\r\n
Action.c(337): t=1392629ms: 2-byte chunked response overhead for "http://localhost:1080/cgi-bin/nav.pl?in=home" (RelFrameId=1.1, Internal ID=263)
Action.c(337):     \r\n
Action.c(337): t=1392629ms: 1488-byte chunked response body for "http://localhost:1080/cgi-bin/nav.pl?in=home" (RelFrameId=1.1, Internal ID=263)
Action.c(337):     <!DOCTYPE html\n
Action.c(337):     \tPUBLIC "-//W3C//DTD XHTML 1.0 Transitional//EN"\n
Action.c(337):     \t "http://www.w3.org/TR/xhtml1/DTD/xhtml1-transitional.dtd">\n
Action.c(337):     <html xmlns="http://www.w3.org/1999/xhtml" lang="en-US" xml:lang="en-US">\n
Action.c(337):     <head>\n
Action.c(337):     <title>Web Tours Navigation Bar</title>\n
Action.c(337):     <meta http-equiv="Content-Type" content="text/html; charset=iso-8859-1" />\n
Action.c(337):     </head>\n
Action.c(337):     <body bgcolor="#E0E7F1">\n
Action.c(337):     <style>\n
Action.c(337):     blockquote {font-family: tahoma; font-size : 10pt}\n
Action.c(337):     H1 {font-family: tahoma; font-size : 22pt; color: #993333}\n
Action.c(337):     H3 {font-family: tahoma; font-size : 10pt; color: black}\n
Action.c(337):     small {font-family: tahoma; font-size : 8pt}\n
Action.c(337):     </style>\n
Action.c(337):     <form method="post" action="/cgi-bin/login.pl" target="body">\n
Action.c(337):     <input type="hidden" name="userSession" value="138313.444795464HVVttQHpiVzzzzzHtczizpQizQ"
Action.c(337):     />\n
Action.c(337):     <table border="0"><tr><td>&nbsp;</td>\n
Action.c(337):     <td>&nbsp;</td></tr>\n
Action.c(337):     <tr><td>&nbsp;</td>\n
Action.c(337):     <td>&nbsp;</td></tr>\n
Action.c(337):     <tr><td>&nbsp;</td>\n
Action.c(337):     <td><small>&nbsp;Username</small></td></tr>\n
Action.c(337):     <tr><td>&nbsp;</td>\n
Action.c(337):     <td><input type="text" name="username" value="" size="14" maxlength="14"/></td></tr>\n
Action.c(337):     <tr><td>&nbsp;</td>\n
Action.c(337):     <td><small>&nbsp;Password</small></td>\n
Action.c(337):     <tr><td>&nbsp;</td>\n
Action.c(337):     <td><input type="password" name="password" value="" size="14" maxlength="14"/></td></tr>\n
Action.c(337):     <tr><td>&nbsp;</td>\n
Action.c(337):     <td>&nbsp;</td></tr>\n
Action.c(337):     <tr><td>&nbsp;</td>\n
Action.c(337):     <td><input type="image" name="login" value="Login" alt="Login" border="1" \n
Action.c(337):     src="/WebTours/images/mer_login.gif"/></td></tr>\n
Action.c(337):     <tr><td>&nbsp;</td><td>&nbsp;</td></tr>\n
Action.c(337):     </table><input type="hidden" name="JSFormSubmit" value="off"/>\n
Action.c(337):     </form>\n
Action.c(337):     \n
Action.c(337):     </body>\n
Action.c(337):     </html>\n
Action.c(337): Resource "http://localhost:1080/WebTours/images/mer_login.gif" is in the cache already and will not be downloaded again  	[MsgId: MMSG-26655]
Action.c(337): t=1392632ms: 5-byte chunked response overhead for "http://localhost:1080/cgi-bin/nav.pl?in=home" (RelFrameId=1.1, Internal ID=263)
Action.c(337):     0\r\n
Action.c(337):     \r\n
Action.c(337): t=1392632ms: Request done "http://localhost:1080/cgi-bin/nav.pl?in=home"  	[MsgId: MMSG-26000]
Action.c(337): Registered web_reg_find successful for "Text=Welcome to the Web Tours site" (count=1)  	[MsgId: MMSG-26364]
Action.c(337): web_url("SignOff Button") was successful, 2174 body bytes, 584 header bytes, 24 chunking overhead bytes  	[MsgId: MMSG-26385]
Action.c(346): Notify: Transaction "LogOut" ended with a "Pass" status (Duration: 5,1042 Think Time: 5,0019 Wasted Time: 0,0000).	[MsgId: MMSG-16870]
Action.c(349): Notify: Transaction "UC1_Buy_Ticket" ended with a "Pass" status (Duration: 68,1964 Think Time: 40,0542 Wasted Time: 0,0043).	[MsgId: MMSG-16870]
Ending action Action.	[MsgId: MMSG-15918]
Action was aborted.	[MsgId: MMSG-10694]
Ending Vuser...	[MsgId: MMSG-15966]
Starting action vuser_end.	[MsgId: MMSG-15919]
Ending action vuser_end.	[MsgId: MMSG-15918]
Vuser Terminated.	[MsgId: MMSG-15963]
t=1392633ms: Closed connection [0] to localhost:1080 after completing 1 request(s)  	[MsgId: MMSG-26000]
t=1392633ms: Closed connection [1] to localhost:1080 after completing 1 request(s)  	[MsgId: MMSG-26000]
HTML-Mode memory management statistics: Reusable=9, NonReusable=0, CsMemBlockSize=4096, checks disabled  	[MsgId: MMSG-26000]
Vuser 9 (thread 9096), ended OK."	[MsgId: MMSG-10695]
Action.c(334): web_reg_find started  	[MsgId: MMSG-26355]
Action.c(334): Registering web_reg_find was successful  	[MsgId: MMSG-26390]
Action.c(337): web_url("SignOff Button") started  	[MsgId: MMSG-26355]
Action.c(337): t=1394306ms: Closed connection [0] to localhost:1080 after completing 6 request(s)  	[MsgId: MMSG-26000]
Action.c(337): t=1394307ms: Connecting [0] to host 127.0.0.1:1080  	[MsgId: MMSG-26000]
Action.c(337): t=1394307ms: Connected socket [0] from 127.0.0.1:22034 to 127.0.0.1:1080 in 0 ms  	[MsgId: MMSG-26000]
Action.c(337): t=1394307ms: 619-byte request headers for "http://localhost:1080/cgi-bin/welcome.pl?signOff=1" (RelFrameId=1, Internal ID=394)
Action.c(337):     GET /cgi-bin/welcome.pl?signOff=1 HTTP/1.1\r\n
Action.c(337):     Referer: http://localhost:1080/cgi-bin/nav.pl?page=menu&in=itinerary\r\n
Action.c(337):     Sec-Fetch-Dest: frame\r\n
Action.c(337):     Sec-Fetch-Site: same-origin\r\n
Action.c(337):     Sec-Fetch-Mode: navigate\r\n
Action.c(337):     DNT: 1\r\n
Action.c(337):     Sec-GPC: 1\r\n
Action.c(337):     User-Agent: Mozilla/5.0 (Windows NT 10.0; Win64; x64; rv:122.0) Gecko/20100101 Firefox/122
Action.c(337):     .0\r\n
Action.c(337):     Accept-Encoding: gzip, deflate\r\n
Action.c(337):     Accept-Language: ru-RU,ru;q=0.8,en-US;q=0.5,en;q=0.3\r\n
Action.c(337):     Accept: */*\r\n
Action.c(337):     Connection: Keep-Alive\r\n
Action.c(337):     Host: localhost:1080\r\n
Action.c(337):     Cookie: MSO=SID&1707479419; MTUserInfo=firstName&Baby&username&babybear&address2&San%20Ric
Action.c(337):     ardo%2F12345&hash&82&address1&789%20Three%20Bears%20Trail&lastName&Bear%0A\r\n
Action.c(337):     \r\n
Action.c(337): t=1394308ms: Inactive socket [1] was closed by localhost:1080, probably due to Keep-Alive timeout  	[MsgId: MMSG-26000]
Action.c(337): t=1394308ms: Closed connection [1] to localhost:1080 after completing 2 request(s)  	[MsgId: MMSG-26000]
Action.c(337): t=1394308ms: Inactive socket [2] was closed by localhost:1080, probably due to Keep-Alive timeout  	[MsgId: MMSG-26000]
Action.c(337): t=1394308ms: Closed connection [2] to localhost:1080 after completing 1 request(s)  	[MsgId: MMSG-26000]
Action.c(337): t=1394362ms: 328-byte response headers for "http://localhost:1080/cgi-bin/welcome.pl?signOff=1" (RelFrameId=1, Internal ID=394)
Action.c(337):     HTTP/1.1 200 OK\r\n
Action.c(337):     Date: Fri, 09 Feb 2024 11:51:17 GMT\r\n
Action.c(337):     Server: Apache/2.2.21 (Win32)\r\n
Action.c(337):     Set-Cookie: MSO=SID&1707479477; path=/\r\n
Action.c(337):     Set-Cookie: MTUserInfo=; path=/; expires=Thu, 08-Feb-2024 11:51:17 GMT\r\n
Action.c(337):     Keep-Alive: timeout=5, max=100\r\n
Action.c(337):     Connection: Keep-Alive\r\n
Action.c(337):     Transfer-Encoding: chunked\r\n
Action.c(337):     Content-Type: text/html; charset=ISO-8859-1\r\n
Action.c(337):     \r\n
Action.c(337): t=1394362ms: 5-byte chunked response overhead for "http://localhost:1080/cgi-bin/welcome.pl?signOff=1" (RelFrameId=1, Internal ID=394)
Action.c(337):     2ae\r\n
Action.c(337): t=1394362ms: 2-byte chunked response overhead for "http://localhost:1080/cgi-bin/welcome.pl?signOff=1" (RelFrameId=1, Internal ID=394)
Action.c(337):     \r\n
Action.c(337): t=1394362ms: 686-byte chunked response body for "http://localhost:1080/cgi-bin/welcome.pl?signOff=1" (RelFrameId=1, Internal ID=394)
Action.c(337):     <!-- \n
Action.c(337):      A Session ID has been created and loaded into a cookie called MSO.\n
Action.c(337):      Also, the server options have been loaded into the cookie called\n
Action.c(337):      MSO as well.  The server options can be set via the Admin page.\n
Action.c(337):      --->\n
Action.c(337):     \n
Action.c(337):     <html>\n
Action.c(337):     <title>Web Tours</title>\n
Action.c(337):        <!-- Frame Set -->\n
Action.c(337):        <frameset cols="160,*" border="1" frameborder="1">\n
Action.c(337):           <!-- Navigation Frame -->\n
Action.c(337):           <frame src="nav.pl?in=home" name="navbar" marginheight="2" marginwidth="2" \n
Action.c(337):                 noresize="noresize" scrolling="auto"/>\n
Action.c(337):           <!-- Home Frame -->\n
Action.c(337):           <frame src="/WebTours/home.html" name="info" marginheight="2" marginwidth="2" \n
Action.c(337):                 noresize="noresize" scrolling="auto"/>\n
Action.c(337):        </frameset>\n
Action.c(337):     </html>\n
Action.c(337):     \n
Action.c(337):     </body>\n
Action.c(337):     </html>
Action.c(337): Detected non-resource "http://localhost:1080/cgi-bin/nav.pl?in=home" in "http://localhost:1080/cgi-bin/welcome.pl?signOff=1"  	[MsgId: MMSG-26574]
Action.c(337): Detected non-resource "http://localhost:1080/WebTours/home.html" in "http://localhost:1080/cgi-bin/welcome.pl?signOff=1"  	[MsgId: MMSG-26574]
Action.c(337): Retrieving data from cache for "http://localhost:1080/WebTours/home.html"  	[MsgId: MMSG-26558]
Action.c(337): t=1394363ms: 1361-byte response body retrieved from cache for "http://localhost:1080/WebTours/home.html" (RelFrameId=1.2, Internal ID=396)
Action.c(337):     <HTML>\n
Action.c(337):     <HEAD>\n
Action.c(337):     \t<title>Web Tours</title>\n
Action.c(337):     </HEAD>\n
Action.c(337):     <style>\n
Action.c(337):     \tblockquote {font-family: tahoma; font-size : 10pt}\n
Action.c(337):     \tH1 {font-family: tahoma; font-size : 22pt; color: #003366}\n
Action.c(337):     \tsmall {font-family: tahoma; font-size : 8pt}\n
Action.c(337):     \tH3{font-family: tahoma; font-size : 10pt; color: black}\n
Action.c(337):     \tA {FONT-WEIGHT: bold; FONT-SIZE: 10pt; COLOR: black; FONT-FAMILY: Tahoma; TEXT-DECORATIO
Action.c(337):     N: none}\n
Action.c(337):     \tA:hover{ FONT-WEIGHT: bold; FONT-SIZE: 10pt; COLOR: #993333; FONT-FAMILY: Tahoma;TEXT-DE
Action.c(337):     CORATION: underline}\n
Action.c(337):     \tTD {font-family: tahoma; font-size : 10pt; color: black}\n
Action.c(337):     </style>\n
Action.c(337):     <body bgcolor="#e0e7f1">\n
Action.c(337):     <BR/>\n
Action.c(337):     <BR/>\n
Action.c(337):     <BR/>\n
Action.c(337):     <br/>\n
Action.c(337):     <table border="0">\n
Action.c(337):     <tr><td></td></tr>\n
Action.c(337):     <TR><TD></TD></TR>\n
Action.c(337):     <TR><TD>\n
Action.c(337):     <blockquote>\n
Action.c(337):     <H1><b>Web Tours</b></H1>\n
Action.c(337):     Welcome to the Web Tours site.\n
Action.c(337):     <br/>\n
Action.c(337):     To make reservations,please enter your account information to the left.\n
Action.c(337):     <br/>\n
Action.c(337):     If you haven't registered yet, <A href="/cgi-bin/login.pl?username=&amp;password=&amp;getI
Action.c(337):     nfo=true" ><B>sign up now</B></A> to get access to all our resources.\n
Action.c(337):     <br/>\n
Action.c(337):     To configure the server options, use <A href="/cgi-bin/admin.pl" target="body" ><b>adminis
Action.c(337):     tration</b></A> link.\n
Action.c(337):     <br/><br/><br/><br/><br/><br/>\n
Action.c(337):     <br/><small>\n
Action.c(337):     This product uses parts of the SMT Kernel, Copyright (c) 1991-99 <A href="http://www.imati
Action.c(337):     x.com" target="new"><B><small>iMatix Corporation</small></B></A> \n
Action.c(337):     </small>\n
Action.c(337):     </blockquote></TD>\n
Action.c(337):     <TD></TD></TR>\n
Action.c(337):     </table>\n
Action.c(337):     </body>\n
Action.c(337):     </HTML>\n
Action.c(337): t=1394364ms: Connecting [1] to host 127.0.0.1:1080  	[MsgId: MMSG-26000]
Action.c(337): t=1394364ms: 5-byte chunked response overhead for "http://localhost:1080/cgi-bin/welcome.pl?signOff=1" (RelFrameId=1, Internal ID=394)
Action.c(337):     0\r\n
Action.c(337):     \r\n
Action.c(337): t=1394365ms: Request done "http://localhost:1080/cgi-bin/welcome.pl?signOff=1"  	[MsgId: MMSG-26000]
Action.c(337): t=1394365ms: Connected socket [1] from 127.0.0.1:22035 to 127.0.0.1:1080 in 1 ms  	[MsgId: MMSG-26000]
Action.c(337): t=1394365ms: 466-byte request headers for "http://localhost:1080/cgi-bin/nav.pl?in=home" (RelFrameId=1.1, Internal ID=395)
Action.c(337):     GET /cgi-bin/nav.pl?in=home HTTP/1.1\r\n
Action.c(337):     Referer: http://localhost:1080/cgi-bin/welcome.pl?signOff=1\r\n
Action.c(337):     Sec-Fetch-Dest: frame\r\n
Action.c(337):     Sec-Fetch-Site: same-origin\r\n
Action.c(337):     Sec-Fetch-Mode: navigate\r\n
Action.c(337):     DNT: 1\r\n
Action.c(337):     Sec-GPC: 1\r\n
Action.c(337):     User-Agent: Mozilla/5.0 (Windows NT 10.0; Win64; x64; rv:122.0) Gecko/20100101 Firefox/122
Action.c(337):     .0\r\n
Action.c(337):     Accept-Encoding: gzip, deflate\r\n
Action.c(337):     Accept-Language: ru-RU,ru;q=0.8,en-US;q=0.5,en;q=0.3\r\n
Action.c(337):     Accept: */*\r\n
Action.c(337):     Connection: Keep-Alive\r\n
Action.c(337):     Host: localhost:1080\r\n
Action.c(337):     Cookie: MSO=SID&1707479477\r\n
Action.c(337):     \r\n
Action.c(337): t=1394419ms: 256-byte response headers for "http://localhost:1080/cgi-bin/nav.pl?in=home" (RelFrameId=1.1, Internal ID=395)
Action.c(337):     HTTP/1.1 200 OK\r\n
Action.c(337):     Date: Fri, 09 Feb 2024 11:51:17 GMT\r\n
Action.c(337):     Server: Apache/2.2.21 (Win32)\r\n
Action.c(337):     Expires: Thu, 08 Feb 2024 11:51:17 GMT\r\n
Action.c(337):     Keep-Alive: timeout=5, max=100\r\n
Action.c(337):     Connection: Keep-Alive\r\n
Action.c(337):     Transfer-Encoding: chunked\r\n
Action.c(337):     Content-Type: text/html; charset=ISO-8859-1\r\n
Action.c(337):     \r\n
Action.c(337): t=1394420ms: 5-byte chunked response overhead for "http://localhost:1080/cgi-bin/nav.pl?in=home" (RelFrameId=1.1, Internal ID=395)
Action.c(337):     5d2\r\n
Action.c(337): t=1394420ms: 2-byte chunked response overhead for "http://localhost:1080/cgi-bin/nav.pl?in=home" (RelFrameId=1.1, Internal ID=395)
Action.c(337):     \r\n
Action.c(337): t=1394420ms: 1490-byte chunked response body for "http://localhost:1080/cgi-bin/nav.pl?in=home" (RelFrameId=1.1, Internal ID=395)
Action.c(337):     <!DOCTYPE html\n
Action.c(337):     \tPUBLIC "-//W3C//DTD XHTML 1.0 Transitional//EN"\n
Action.c(337):     \t "http://www.w3.org/TR/xhtml1/DTD/xhtml1-transitional.dtd">\n
Action.c(337):     <html xmlns="http://www.w3.org/1999/xhtml" lang="en-US" xml:lang="en-US">\n
Action.c(337):     <head>\n
Action.c(337):     <title>Web Tours Navigation Bar</title>\n
Action.c(337):     <meta http-equiv="Content-Type" content="text/html; charset=iso-8859-1" />\n
Action.c(337):     </head>\n
Action.c(337):     <body bgcolor="#E0E7F1">\n
Action.c(337):     <style>\n
Action.c(337):     blockquote {font-family: tahoma; font-size : 10pt}\n
Action.c(337):     H1 {font-family: tahoma; font-size : 22pt; color: #993333}\n
Action.c(337):     H3 {font-family: tahoma; font-size : 10pt; color: black}\n
Action.c(337):     small {font-family: tahoma; font-size : 8pt}\n
Action.c(337):     </style>\n
Action.c(337):     <form method="post" action="/cgi-bin/login.pl" target="body">\n
Action.c(337):     <input type="hidden" name="userSession" value="138313.444876468HVVttQHpicAiDDDDtczizpQizQc
Action.c(337):     f"/>\n
Action.c(337):     <table border="0"><tr><td>&nbsp;</td>\n
Action.c(337):     <td>&nbsp;</td></tr>\n
Action.c(337):     <tr><td>&nbsp;</td>\n
Action.c(337):     <td>&nbsp;</td></tr>\n
Action.c(337):     <tr><td>&nbsp;</td>\n
Action.c(337):     <td><small>&nbsp;Username</small></td></tr>\n
Action.c(337):     <tr><td>&nbsp;</td>\n
Action.c(337):     <td><input type="text" name="username" value="" size="14" maxlength="14"/></td></tr>\n
Action.c(337):     <tr><td>&nbsp;</td>\n
Action.c(337):     <td><small>&nbsp;Password</small></td>\n
Action.c(337):     <tr><td>&nbsp;</td>\n
Action.c(337):     <td><input type="password" name="password" value="" size="14" maxlength="14"/></td></tr>\n
Action.c(337):     <tr><td>&nbsp;</td>\n
Action.c(337):     <td>&nbsp;</td></tr>\n
Action.c(337):     <tr><td>&nbsp;</td>\n
Action.c(337):     <td><input type="image" name="login" value="Login" alt="Login" border="1" \n
Action.c(337):     src="/WebTours/images/mer_login.gif"/></td></tr>\n
Action.c(337):     <tr><td>&nbsp;</td><td>&nbsp;</td></tr>\n
Action.c(337):     </table><input type="hidden" name="JSFormSubmit" value="off"/>\n
Action.c(337):     </form>\n
Action.c(337):     \n
Action.c(337):     </body>\n
Action.c(337):     </html>\n
Action.c(337): Resource "http://localhost:1080/WebTours/images/mer_login.gif" is in the cache already and will not be downloaded again  	[MsgId: MMSG-26655]
Action.c(337): t=1394423ms: 5-byte chunked response overhead for "http://localhost:1080/cgi-bin/nav.pl?in=home" (RelFrameId=1.1, Internal ID=395)
Action.c(337):     0\r\n
Action.c(337):     \r\n
Action.c(337): t=1394423ms: Request done "http://localhost:1080/cgi-bin/nav.pl?in=home"  	[MsgId: MMSG-26000]
Action.c(337): Registered web_reg_find successful for "Text=Welcome to the Web Tours site" (count=1)  	[MsgId: MMSG-26364]
Action.c(337): web_url("SignOff Button") was successful, 2176 body bytes, 584 header bytes, 24 chunking overhead bytes  	[MsgId: MMSG-26385]
Action.c(346): Notify: Transaction "LogOut" ended with a "Pass" status (Duration: 5,1275 Think Time: 5,0102 Wasted Time: 0,0000).	[MsgId: MMSG-16870]
Action.c(349): Notify: Transaction "UC1_Buy_Ticket" ended with a "Pass" status (Duration: 69,7422 Think Time: 40,0613 Wasted Time: 0,0029).	[MsgId: MMSG-16870]
Ending action Action.	[MsgId: MMSG-15918]
Action was aborted.	[MsgId: MMSG-10694]
Ending Vuser...	[MsgId: MMSG-15966]
Starting action vuser_end.	[MsgId: MMSG-15919]
Ending action vuser_end.	[MsgId: MMSG-15918]
Vuser Terminated.	[MsgId: MMSG-15963]
t=1394423ms: Closed connection [0] to localhost:1080 after completing 1 request(s)  	[MsgId: MMSG-26000]
t=1394423ms: Closed connection [1] to localhost:1080 after completing 1 request(s)  	[MsgId: MMSG-26000]
HTML-Mode memory management statistics: Reusable=10, NonReusable=0, CsMemBlockSize=4096, checks disabled  	[MsgId: MMSG-26000]
Vuser 8 (thread 4160), ended OK."	[MsgId: MMSG-10695]
Action.c(334): web_reg_find started  	[MsgId: MMSG-26355]
Action.c(334): Registering web_reg_find was successful  	[MsgId: MMSG-26390]
Action.c(337): web_url("SignOff Button") started  	[MsgId: MMSG-26355]
Action.c(337): t=1395556ms: Closed connection [0] to localhost:1080 after completing 6 request(s)  	[MsgId: MMSG-26000]
Action.c(337): t=1395557ms: Connecting [0] to host 127.0.0.1:1080  	[MsgId: MMSG-26000]
Action.c(337): t=1395557ms: Connected socket [0] from 127.0.0.1:22036 to 127.0.0.1:1080 in 0 ms  	[MsgId: MMSG-26000]
Action.c(337): t=1395557ms: 631-byte request headers for "http://localhost:1080/cgi-bin/welcome.pl?signOff=1" (RelFrameId=1, Internal ID=262)
Action.c(337):     GET /cgi-bin/welcome.pl?signOff=1 HTTP/1.1\r\n
Action.c(337):     Referer: http://localhost:1080/cgi-bin/nav.pl?page=menu&in=itinerary\r\n
Action.c(337):     Sec-Fetch-Dest: frame\r\n
Action.c(337):     Sec-Fetch-Site: same-origin\r\n
Action.c(337):     Sec-Fetch-Mode: navigate\r\n
Action.c(337):     DNT: 1\r\n
Action.c(337):     Sec-GPC: 1\r\n
Action.c(337):     User-Agent: Mozilla/5.0 (Windows NT 10.0; Win64; x64; rv:122.0) Gecko/20100101 Firefox/122
Action.c(337):     .0\r\n
Action.c(337):     Accept-Encoding: gzip, deflate\r\n
Action.c(337):     Accept-Language: ru-RU,ru;q=0.8,en-US;q=0.5,en;q=0.3\r\n
Action.c(337):     Accept: */*\r\n
Action.c(337):     Connection: Keep-Alive\r\n
Action.c(337):     Host: localhost:1080\r\n
Action.c(337):     Cookie: MSO=SID&1707479425; MTUserInfo=firstName&Kitty&username&kittysoftpaws&address2&San
Action.c(337):     %20Ricardo%2F12345&hash&19&address1&456%20Golden%20Goose%20Street&lastName&Softpaws%0A\r\n
Action.c(337):     \r\n
Action.c(337): t=1395558ms: Inactive socket [1] was closed by localhost:1080, probably due to Keep-Alive timeout  	[MsgId: MMSG-26000]
Action.c(337): t=1395558ms: Closed connection [1] to localhost:1080 after completing 2 request(s)  	[MsgId: MMSG-26000]
Action.c(337): t=1395558ms: Inactive socket [2] was closed by localhost:1080, probably due to Keep-Alive timeout  	[MsgId: MMSG-26000]
Action.c(337): t=1395558ms: Closed connection [2] to localhost:1080 after completing 1 request(s)  	[MsgId: MMSG-26000]
Action.c(337): t=1395602ms: 328-byte response headers for "http://localhost:1080/cgi-bin/welcome.pl?signOff=1" (RelFrameId=1, Internal ID=262)
Action.c(337):     HTTP/1.1 200 OK\r\n
Action.c(337):     Date: Fri, 09 Feb 2024 11:51:19 GMT\r\n
Action.c(337):     Server: Apache/2.2.21 (Win32)\r\n
Action.c(337):     Set-Cookie: MSO=SID&1707479479; path=/\r\n
Action.c(337):     Set-Cookie: MTUserInfo=; path=/; expires=Thu, 08-Feb-2024 11:51:19 GMT\r\n
Action.c(337):     Keep-Alive: timeout=5, max=100\r\n
Action.c(337):     Connection: Keep-Alive\r\n
Action.c(337):     Transfer-Encoding: chunked\r\n
Action.c(337):     Content-Type: text/html; charset=ISO-8859-1\r\n
Action.c(337):     \r\n
Action.c(337): t=1395602ms: 5-byte chunked response overhead for "http://localhost:1080/cgi-bin/welcome.pl?signOff=1" (RelFrameId=1, Internal ID=262)
Action.c(337):     2ae\r\n
Action.c(337): t=1395602ms: 2-byte chunked response overhead for "http://localhost:1080/cgi-bin/welcome.pl?signOff=1" (RelFrameId=1, Internal ID=262)
Action.c(337):     \r\n
Action.c(337): t=1395602ms: 686-byte chunked response body for "http://localhost:1080/cgi-bin/welcome.pl?signOff=1" (RelFrameId=1, Internal ID=262)
Action.c(337):     <!-- \n
Action.c(337):      A Session ID has been created and loaded into a cookie called MSO.\n
Action.c(337):      Also, the server options have been loaded into the cookie called\n
Action.c(337):      MSO as well.  The server options can be set via the Admin page.\n
Action.c(337):      --->\n
Action.c(337):     \n
Action.c(337):     <html>\n
Action.c(337):     <title>Web Tours</title>\n
Action.c(337):        <!-- Frame Set -->\n
Action.c(337):        <frameset cols="160,*" border="1" frameborder="1">\n
Action.c(337):           <!-- Navigation Frame -->\n
Action.c(337):           <frame src="nav.pl?in=home" name="navbar" marginheight="2" marginwidth="2" \n
Action.c(337):                 noresize="noresize" scrolling="auto"/>\n
Action.c(337):           <!-- Home Frame -->\n
Action.c(337):           <frame src="/WebTours/home.html" name="info" marginheight="2" marginwidth="2" \n
Action.c(337):                 noresize="noresize" scrolling="auto"/>\n
Action.c(337):        </frameset>\n
Action.c(337):     </html>\n
Action.c(337):     \n
Action.c(337):     </body>\n
Action.c(337):     </html>
Action.c(337): Detected non-resource "http://localhost:1080/cgi-bin/nav.pl?in=home" in "http://localhost:1080/cgi-bin/welcome.pl?signOff=1"  	[MsgId: MMSG-26574]
Action.c(337): Detected non-resource "http://localhost:1080/WebTours/home.html" in "http://localhost:1080/cgi-bin/welcome.pl?signOff=1"  	[MsgId: MMSG-26574]
Action.c(337): Retrieving data from cache for "http://localhost:1080/WebTours/home.html"  	[MsgId: MMSG-26558]
Action.c(337): t=1395603ms: 1361-byte response body retrieved from cache for "http://localhost:1080/WebTours/home.html" (RelFrameId=1.2, Internal ID=264)
Action.c(337):     <HTML>\n
Action.c(337):     <HEAD>\n
Action.c(337):     \t<title>Web Tours</title>\n
Action.c(337):     </HEAD>\n
Action.c(337):     <style>\n
Action.c(337):     \tblockquote {font-family: tahoma; font-size : 10pt}\n
Action.c(337):     \tH1 {font-family: tahoma; font-size : 22pt; color: #003366}\n
Action.c(337):     \tsmall {font-family: tahoma; font-size : 8pt}\n
Action.c(337):     \tH3{font-family: tahoma; font-size : 10pt; color: black}\n
Action.c(337):     \tA {FONT-WEIGHT: bold; FONT-SIZE: 10pt; COLOR: black; FONT-FAMILY: Tahoma; TEXT-DECORATIO
Action.c(337):     N: none}\n
Action.c(337):     \tA:hover{ FONT-WEIGHT: bold; FONT-SIZE: 10pt; COLOR: #993333; FONT-FAMILY: Tahoma;TEXT-DE
Action.c(337):     CORATION: underline}\n
Action.c(337):     \tTD {font-family: tahoma; font-size : 10pt; color: black}\n
Action.c(337):     </style>\n
Action.c(337):     <body bgcolor="#e0e7f1">\n
Action.c(337):     <BR/>\n
Action.c(337):     <BR/>\n
Action.c(337):     <BR/>\n
Action.c(337):     <br/>\n
Action.c(337):     <table border="0">\n
Action.c(337):     <tr><td></td></tr>\n
Action.c(337):     <TR><TD></TD></TR>\n
Action.c(337):     <TR><TD>\n
Action.c(337):     <blockquote>\n
Action.c(337):     <H1><b>Web Tours</b></H1>\n
Action.c(337):     Welcome to the Web Tours site.\n
Action.c(337):     <br/>\n
Action.c(337):     To make reservations,please enter your account information to the left.\n
Action.c(337):     <br/>\n
Action.c(337):     If you haven't registered yet, <A href="/cgi-bin/login.pl?username=&amp;password=&amp;getI
Action.c(337):     nfo=true" ><B>sign up now</B></A> to get access to all our resources.\n
Action.c(337):     <br/>\n
Action.c(337):     To configure the server options, use <A href="/cgi-bin/admin.pl" target="body" ><b>adminis
Action.c(337):     tration</b></A> link.\n
Action.c(337):     <br/><br/><br/><br/><br/><br/>\n
Action.c(337):     <br/><small>\n
Action.c(337):     This product uses parts of the SMT Kernel, Copyright (c) 1991-99 <A href="http://www.imati
Action.c(337):     x.com" target="new"><B><small>iMatix Corporation</small></B></A> \n
Action.c(337):     </small>\n
Action.c(337):     </blockquote></TD>\n
Action.c(337):     <TD></TD></TR>\n
Action.c(337):     </table>\n
Action.c(337):     </body>\n
Action.c(337):     </HTML>\n
Action.c(337): t=1395605ms: 5-byte chunked response overhead for "http://localhost:1080/cgi-bin/welcome.pl?signOff=1" (RelFrameId=1, Internal ID=262)
Action.c(337):     0\r\n
Action.c(337):     \r\n
Action.c(337): t=1395605ms: Request done "http://localhost:1080/cgi-bin/welcome.pl?signOff=1"  	[MsgId: MMSG-26000]
Action.c(337): t=1395605ms: Connecting [1] to host 127.0.0.1:1080  	[MsgId: MMSG-26000]
Action.c(337): t=1395605ms: Connected socket [1] from 127.0.0.1:22037 to 127.0.0.1:1080 in 0 ms  	[MsgId: MMSG-26000]
Action.c(337): t=1395605ms: 466-byte request headers for "http://localhost:1080/cgi-bin/nav.pl?in=home" (RelFrameId=1.1, Internal ID=263)
Action.c(337):     GET /cgi-bin/nav.pl?in=home HTTP/1.1\r\n
Action.c(337):     Referer: http://localhost:1080/cgi-bin/welcome.pl?signOff=1\r\n
Action.c(337):     Sec-Fetch-Dest: frame\r\n
Action.c(337):     Sec-Fetch-Site: same-origin\r\n
Action.c(337):     Sec-Fetch-Mode: navigate\r\n
Action.c(337):     DNT: 1\r\n
Action.c(337):     Sec-GPC: 1\r\n
Action.c(337):     User-Agent: Mozilla/5.0 (Windows NT 10.0; Win64; x64; rv:122.0) Gecko/20100101 Firefox/122
Action.c(337):     .0\r\n
Action.c(337):     Accept-Encoding: gzip, deflate\r\n
Action.c(337):     Accept-Language: ru-RU,ru;q=0.8,en-US;q=0.5,en;q=0.3\r\n
Action.c(337):     Accept: */*\r\n
Action.c(337):     Connection: Keep-Alive\r\n
Action.c(337):     Host: localhost:1080\r\n
Action.c(337):     Cookie: MSO=SID&1707479479\r\n
Action.c(337):     \r\n
Action.c(337): t=1395653ms: 256-byte response headers for "http://localhost:1080/cgi-bin/nav.pl?in=home" (RelFrameId=1.1, Internal ID=263)
Action.c(337):     HTTP/1.1 200 OK\r\n
Action.c(337):     Date: Fri, 09 Feb 2024 11:51:19 GMT\r\n
Action.c(337):     Server: Apache/2.2.21 (Win32)\r\n
Action.c(337):     Expires: Thu, 08 Feb 2024 11:51:19 GMT\r\n
Action.c(337):     Keep-Alive: timeout=5, max=100\r\n
Action.c(337):     Connection: Keep-Alive\r\n
Action.c(337):     Transfer-Encoding: chunked\r\n
Action.c(337):     Content-Type: text/html; charset=ISO-8859-1\r\n
Action.c(337):     \r\n
Action.c(337): t=1395654ms: 5-byte chunked response overhead for "http://localhost:1080/cgi-bin/nav.pl?in=home" (RelFrameId=1.1, Internal ID=263)
Action.c(337):     5d2\r\n
Action.c(337): t=1395654ms: 2-byte chunked response overhead for "http://localhost:1080/cgi-bin/nav.pl?in=home" (RelFrameId=1.1, Internal ID=263)
Action.c(337):     \r\n
Action.c(337): t=1395654ms: 1490-byte chunked response body for "http://localhost:1080/cgi-bin/nav.pl?in=home" (RelFrameId=1.1, Internal ID=263)
Action.c(337):     <!DOCTYPE html\n
Action.c(337):     \tPUBLIC "-//W3C//DTD XHTML 1.0 Transitional//EN"\n
Action.c(337):     \t "http://www.w3.org/TR/xhtml1/DTD/xhtml1-transitional.dtd">\n
Action.c(337):     <html xmlns="http://www.w3.org/1999/xhtml" lang="en-US" xml:lang="en-US">\n
Action.c(337):     <head>\n
Action.c(337):     <title>Web Tours Navigation Bar</title>\n
Action.c(337):     <meta http-equiv="Content-Type" content="text/html; charset=iso-8859-1" />\n
Action.c(337):     </head>\n
Action.c(337):     <body bgcolor="#E0E7F1">\n
Action.c(337):     <style>\n
Action.c(337):     blockquote {font-family: tahoma; font-size : 10pt}\n
Action.c(337):     H1 {font-family: tahoma; font-size : 22pt; color: #993333}\n
Action.c(337):     H3 {font-family: tahoma; font-size : 10pt; color: black}\n
Action.c(337):     small {font-family: tahoma; font-size : 8pt}\n
Action.c(337):     </style>\n
Action.c(337):     <form method="post" action="/cgi-bin/login.pl" target="body">\n
Action.c(337):     <input type="hidden" name="userSession" value="138313.445038477HVVttQHpicQVzzzHtczizpQizQH
Action.c(337):     f"/>\n
Action.c(337):     <table border="0"><tr><td>&nbsp;</td>\n
Action.c(337):     <td>&nbsp;</td></tr>\n
Action.c(337):     <tr><td>&nbsp;</td>\n
Action.c(337):     <td>&nbsp;</td></tr>\n
Action.c(337):     <tr><td>&nbsp;</td>\n
Action.c(337):     <td><small>&nbsp;Username</small></td></tr>\n
Action.c(337):     <tr><td>&nbsp;</td>\n
Action.c(337):     <td><input type="text" name="username" value="" size="14" maxlength="14"/></td></tr>\n
Action.c(337):     <tr><td>&nbsp;</td>\n
Action.c(337):     <td><small>&nbsp;Password</small></td>\n
Action.c(337):     <tr><td>&nbsp;</td>\n
Action.c(337):     <td><input type="password" name="password" value="" size="14" maxlength="14"/></td></tr>\n
Action.c(337):     <tr><td>&nbsp;</td>\n
Action.c(337):     <td>&nbsp;</td></tr>\n
Action.c(337):     <tr><td>&nbsp;</td>\n
Action.c(337):     <td><input type="image" name="login" value="Login" alt="Login" border="1" \n
Action.c(337):     src="/WebTours/images/mer_login.gif"/></td></tr>\n
Action.c(337):     <tr><td>&nbsp;</td><td>&nbsp;</td></tr>\n
Action.c(337):     </table><input type="hidden" name="JSFormSubmit" value="off"/>\n
Action.c(337):     </form>\n
Action.c(337):     \n
Action.c(337):     </body>\n
Action.c(337):     </html>\n
Action.c(337): Resource "http://localhost:1080/WebTours/images/mer_login.gif" is in the cache already and will not be downloaded again  	[MsgId: MMSG-26655]
Action.c(337): t=1395656ms: 5-byte chunked response overhead for "http://localhost:1080/cgi-bin/nav.pl?in=home" (RelFrameId=1.1, Internal ID=263)
Action.c(337):     0\r\n
Action.c(337):     \r\n
Action.c(337): t=1395657ms: Request done "http://localhost:1080/cgi-bin/nav.pl?in=home"  	[MsgId: MMSG-26000]
Action.c(337): Registered web_reg_find successful for "Text=Welcome to the Web Tours site" (count=1)  	[MsgId: MMSG-26364]
Action.c(337): web_url("SignOff Button") was successful, 2176 body bytes, 584 header bytes, 24 chunking overhead bytes  	[MsgId: MMSG-26385]
Action.c(346): Notify: Transaction "LogOut" ended with a "Pass" status (Duration: 5,1114 Think Time: 5,0105 Wasted Time: 0,0000).	[MsgId: MMSG-16870]
Action.c(349): Notify: Transaction "UC1_Buy_Ticket" ended with a "Pass" status (Duration: 64,1286 Think Time: 40,0531 Wasted Time: 0,0060).	[MsgId: MMSG-16870]
Ending action Action.	[MsgId: MMSG-15918]
Action was aborted.	[MsgId: MMSG-10694]
Ending Vuser...	[MsgId: MMSG-15966]
Starting action vuser_end.	[MsgId: MMSG-15919]
Ending action vuser_end.	[MsgId: MMSG-15918]
Vuser Terminated.	[MsgId: MMSG-15963]
t=1395657ms: Closed connection [0] to localhost:1080 after completing 1 request(s)  	[MsgId: MMSG-26000]
t=1395657ms: Closed connection [1] to localhost:1080 after completing 1 request(s)  	[MsgId: MMSG-26000]
HTML-Mode memory management statistics: Reusable=9, NonReusable=0, CsMemBlockSize=4096, checks disabled  	[MsgId: MMSG-26000]
Vuser 10 (thread 3868), ended OK."	[MsgId: MMSG-10695]
Action.c(334): web_reg_find started  	[MsgId: MMSG-26355]
Action.c(334): Registering web_reg_find was successful  	[MsgId: MMSG-26390]
Action.c(337): web_url("SignOff Button") started  	[MsgId: MMSG-26355]
Action.c(337): t=1396745ms: Closed connection [0] to localhost:1080 after completing 6 request(s)  	[MsgId: MMSG-26000]
Action.c(337): t=1396746ms: Connecting [0] to host 127.0.0.1:1080  	[MsgId: MMSG-26000]
Action.c(337): t=1396746ms: Connected socket [0] from 127.0.0.1:22038 to 127.0.0.1:1080 in 0 ms  	[MsgId: MMSG-26000]
Action.c(337): t=1396746ms: 626-byte request headers for "http://localhost:1080/cgi-bin/welcome.pl?signOff=1" (RelFrameId=1, Internal ID=130)
Action.c(337):     GET /cgi-bin/welcome.pl?signOff=1 HTTP/1.1\r\n
Action.c(337):     Referer: http://localhost:1080/cgi-bin/nav.pl?page=menu&in=itinerary\r\n
Action.c(337):     Sec-Fetch-Dest: frame\r\n
Action.c(337):     Sec-Fetch-Site: same-origin\r\n
Action.c(337):     Sec-Fetch-Mode: navigate\r\n
Action.c(337):     DNT: 1\r\n
Action.c(337):     Sec-GPC: 1\r\n
Action.c(337):     User-Agent: Mozilla/5.0 (Windows NT 10.0; Win64; x64; rv:122.0) Gecko/20100101 Firefox/122
Action.c(337):     .0\r\n
Action.c(337):     Accept-Encoding: gzip, deflate\r\n
Action.c(337):     Accept-Language: ru-RU,ru;q=0.8,en-US;q=0.5,en;q=0.3\r\n
Action.c(337):     Accept: */*\r\n
Action.c(337):     Connection: Keep-Alive\r\n
Action.c(337):     Host: localhost:1080\r\n
Action.c(337):     Cookie: MSO=SID&1707479429; MTUserInfo=firstName&Jack&username&jackandjill&address2&San%20
Action.c(337):     Ricardo%2F12345&hash&108&address1&101%20Nursery%20Rhyme%20Road&lastName&Horner%0A\r\n
Action.c(337):     \r\n
Action.c(337): t=1396747ms: Inactive socket [1] was closed by localhost:1080, probably due to Keep-Alive timeout  	[MsgId: MMSG-26000]
Action.c(337): t=1396747ms: Closed connection [1] to localhost:1080 after completing 2 request(s)  	[MsgId: MMSG-26000]
Action.c(337): t=1396747ms: Inactive socket [2] was closed by localhost:1080, probably due to Keep-Alive timeout  	[MsgId: MMSG-26000]
Action.c(337): t=1396747ms: Closed connection [2] to localhost:1080 after completing 1 request(s)  	[MsgId: MMSG-26000]
Action.c(337): t=1396790ms: 328-byte response headers for "http://localhost:1080/cgi-bin/welcome.pl?signOff=1" (RelFrameId=1, Internal ID=130)
Action.c(337):     HTTP/1.1 200 OK\r\n
Action.c(337):     Date: Fri, 09 Feb 2024 11:51:20 GMT\r\n
Action.c(337):     Server: Apache/2.2.21 (Win32)\r\n
Action.c(337):     Set-Cookie: MSO=SID&1707479480; path=/\r\n
Action.c(337):     Set-Cookie: MTUserInfo=; path=/; expires=Thu, 08-Feb-2024 11:51:20 GMT\r\n
Action.c(337):     Keep-Alive: timeout=5, max=100\r\n
Action.c(337):     Connection: Keep-Alive\r\n
Action.c(337):     Transfer-Encoding: chunked\r\n
Action.c(337):     Content-Type: text/html; charset=ISO-8859-1\r\n
Action.c(337):     \r\n
Action.c(337): t=1396791ms: 5-byte chunked response overhead for "http://localhost:1080/cgi-bin/welcome.pl?signOff=1" (RelFrameId=1, Internal ID=130)
Action.c(337):     2ae\r\n
Action.c(337): t=1396791ms: 2-byte chunked response overhead for "http://localhost:1080/cgi-bin/welcome.pl?signOff=1" (RelFrameId=1, Internal ID=130)
Action.c(337):     \r\n
Action.c(337): t=1396791ms: 686-byte chunked response body for "http://localhost:1080/cgi-bin/welcome.pl?signOff=1" (RelFrameId=1, Internal ID=130)
Action.c(337):     <!-- \n
Action.c(337):      A Session ID has been created and loaded into a cookie called MSO.\n
Action.c(337):      Also, the server options have been loaded into the cookie called\n
Action.c(337):      MSO as well.  The server options can be set via the Admin page.\n
Action.c(337):      --->\n
Action.c(337):     \n
Action.c(337):     <html>\n
Action.c(337):     <title>Web Tours</title>\n
Action.c(337):        <!-- Frame Set -->\n
Action.c(337):        <frameset cols="160,*" border="1" frameborder="1">\n
Action.c(337):           <!-- Navigation Frame -->\n
Action.c(337):           <frame src="nav.pl?in=home" name="navbar" marginheight="2" marginwidth="2" \n
Action.c(337):                 noresize="noresize" scrolling="auto"/>\n
Action.c(337):           <!-- Home Frame -->\n
Action.c(337):           <frame src="/WebTours/home.html" name="info" marginheight="2" marginwidth="2" \n
Action.c(337):                 noresize="noresize" scrolling="auto"/>\n
Action.c(337):        </frameset>\n
Action.c(337):     </html>\n
Action.c(337):     \n
Action.c(337):     </body>\n
Action.c(337):     </html>
Action.c(337): Detected non-resource "http://localhost:1080/cgi-bin/nav.pl?in=home" in "http://localhost:1080/cgi-bin/welcome.pl?signOff=1"  	[MsgId: MMSG-26574]
Action.c(337): Detected non-resource "http://localhost:1080/WebTours/home.html" in "http://localhost:1080/cgi-bin/welcome.pl?signOff=1"  	[MsgId: MMSG-26574]
Action.c(337): Retrieving data from cache for "http://localhost:1080/WebTours/home.html"  	[MsgId: MMSG-26558]
Action.c(337): t=1396792ms: 1361-byte response body retrieved from cache for "http://localhost:1080/WebTours/home.html" (RelFrameId=1.2, Internal ID=132)
Action.c(337):     <HTML>\n
Action.c(337):     <HEAD>\n
Action.c(337):     \t<title>Web Tours</title>\n
Action.c(337):     </HEAD>\n
Action.c(337):     <style>\n
Action.c(337):     \tblockquote {font-family: tahoma; font-size : 10pt}\n
Action.c(337):     \tH1 {font-family: tahoma; font-size : 22pt; color: #003366}\n
Action.c(337):     \tsmall {font-family: tahoma; font-size : 8pt}\n
Action.c(337):     \tH3{font-family: tahoma; font-size : 10pt; color: black}\n
Action.c(337):     \tA {FONT-WEIGHT: bold; FONT-SIZE: 10pt; COLOR: black; FONT-FAMILY: Tahoma; TEXT-DECORATIO
Action.c(337):     N: none}\n
Action.c(337):     \tA:hover{ FONT-WEIGHT: bold; FONT-SIZE: 10pt; COLOR: #993333; FONT-FAMILY: Tahoma;TEXT-DE
Action.c(337):     CORATION: underline}\n
Action.c(337):     \tTD {font-family: tahoma; font-size : 10pt; color: black}\n
Action.c(337):     </style>\n
Action.c(337):     <body bgcolor="#e0e7f1">\n
Action.c(337):     <BR/>\n
Action.c(337):     <BR/>\n
Action.c(337):     <BR/>\n
Action.c(337):     <br/>\n
Action.c(337):     <table border="0">\n
Action.c(337):     <tr><td></td></tr>\n
Action.c(337):     <TR><TD></TD></TR>\n
Action.c(337):     <TR><TD>\n
Action.c(337):     <blockquote>\n
Action.c(337):     <H1><b>Web Tours</b></H1>\n
Action.c(337):     Welcome to the Web Tours site.\n
Action.c(337):     <br/>\n
Action.c(337):     To make reservations,please enter your account information to the left.\n
Action.c(337):     <br/>\n
Action.c(337):     If you haven't registered yet, <A href="/cgi-bin/login.pl?username=&amp;password=&amp;getI
Action.c(337):     nfo=true" ><B>sign up now</B></A> to get access to all our resources.\n
Action.c(337):     <br/>\n
Action.c(337):     To configure the server options, use <A href="/cgi-bin/admin.pl" target="body" ><b>adminis
Action.c(337):     tration</b></A> link.\n
Action.c(337):     <br/><br/><br/><br/><br/><br/>\n
Action.c(337):     <br/><small>\n
Action.c(337):     This product uses parts of the SMT Kernel, Copyright (c) 1991-99 <A href="http://www.imati
Action.c(337):     x.com" target="new"><B><small>iMatix Corporation</small></B></A> \n
Action.c(337):     </small>\n
Action.c(337):     </blockquote></TD>\n
Action.c(337):     <TD></TD></TR>\n
Action.c(337):     </table>\n
Action.c(337):     </body>\n
Action.c(337):     </HTML>\n
Action.c(337): t=1396793ms: Connecting [1] to host 127.0.0.1:1080  	[MsgId: MMSG-26000]
Action.c(337): t=1396794ms: Connected socket [1] from 127.0.0.1:22039 to 127.0.0.1:1080 in 1 ms  	[MsgId: MMSG-26000]
Action.c(337): t=1396794ms: 466-byte request headers for "http://localhost:1080/cgi-bin/nav.pl?in=home" (RelFrameId=1.1, Internal ID=131)
Action.c(337):     GET /cgi-bin/nav.pl?in=home HTTP/1.1\r\n
Action.c(337):     Referer: http://localhost:1080/cgi-bin/welcome.pl?signOff=1\r\n
Action.c(337):     Sec-Fetch-Dest: frame\r\n
Action.c(337):     Sec-Fetch-Site: same-origin\r\n
Action.c(337):     Sec-Fetch-Mode: navigate\r\n
Action.c(337):     DNT: 1\r\n
Action.c(337):     Sec-GPC: 1\r\n
Action.c(337):     User-Agent: Mozilla/5.0 (Windows NT 10.0; Win64; x64; rv:122.0) Gecko/20100101 Firefox/122
Action.c(337):     .0\r\n
Action.c(337):     Accept-Encoding: gzip, deflate\r\n
Action.c(337):     Accept-Language: ru-RU,ru;q=0.8,en-US;q=0.5,en;q=0.3\r\n
Action.c(337):     Accept: */*\r\n
Action.c(337):     Connection: Keep-Alive\r\n
Action.c(337):     Host: localhost:1080\r\n
Action.c(337):     Cookie: MSO=SID&1707479480\r\n
Action.c(337):     \r\n
Action.c(337): t=1396794ms: 5-byte chunked response overhead for "http://localhost:1080/cgi-bin/welcome.pl?signOff=1" (RelFrameId=1, Internal ID=130)
Action.c(337):     0\r\n
Action.c(337):     \r\n
Action.c(337): t=1396794ms: Request done "http://localhost:1080/cgi-bin/welcome.pl?signOff=1"  	[MsgId: MMSG-26000]
Action.c(337): t=1396838ms: 256-byte response headers for "http://localhost:1080/cgi-bin/nav.pl?in=home" (RelFrameId=1.1, Internal ID=131)
Action.c(337):     HTTP/1.1 200 OK\r\n
Action.c(337):     Date: Fri, 09 Feb 2024 11:51:20 GMT\r\n
Action.c(337):     Server: Apache/2.2.21 (Win32)\r\n
Action.c(337):     Expires: Thu, 08 Feb 2024 11:51:20 GMT\r\n
Action.c(337):     Keep-Alive: timeout=5, max=100\r\n
Action.c(337):     Connection: Keep-Alive\r\n
Action.c(337):     Transfer-Encoding: chunked\r\n
Action.c(337):     Content-Type: text/html; charset=ISO-8859-1\r\n
Action.c(337):     \r\n
Action.c(337): t=1396839ms: 5-byte chunked response overhead for "http://localhost:1080/cgi-bin/nav.pl?in=home" (RelFrameId=1.1, Internal ID=131)
Action.c(337):     5cf\r\n
Action.c(337): t=1396839ms: 2-byte chunked response overhead for "http://localhost:1080/cgi-bin/nav.pl?in=home" (RelFrameId=1.1, Internal ID=131)
Action.c(337):     \r\n
Action.c(337): t=1396839ms: 1487-byte chunked response body for "http://localhost:1080/cgi-bin/nav.pl?in=home" (RelFrameId=1.1, Internal ID=131)
Action.c(337):     <!DOCTYPE html\n
Action.c(337):     \tPUBLIC "-//W3C//DTD XHTML 1.0 Transitional//EN"\n
Action.c(337):     \t "http://www.w3.org/TR/xhtml1/DTD/xhtml1-transitional.dtd">\n
Action.c(337):     <html xmlns="http://www.w3.org/1999/xhtml" lang="en-US" xml:lang="en-US">\n
Action.c(337):     <head>\n
Action.c(337):     <title>Web Tours Navigation Bar</title>\n
Action.c(337):     <meta http-equiv="Content-Type" content="text/html; charset=iso-8859-1" />\n
Action.c(337):     </head>\n
Action.c(337):     <body bgcolor="#E0E7F1">\n
Action.c(337):     <style>\n
Action.c(337):     blockquote {font-family: tahoma; font-size : 10pt}\n
Action.c(337):     H1 {font-family: tahoma; font-size : 22pt; color: #993333}\n
Action.c(337):     H3 {font-family: tahoma; font-size : 10pt; color: black}\n
Action.c(337):     small {font-family: tahoma; font-size : 8pt}\n
Action.c(337):     </style>\n
Action.c(337):     <form method="post" action="/cgi-bin/login.pl" target="body">\n
Action.c(337):     <input type="hidden" name="userSession" value="138313.445119482HVVttQHpiDDDDDDDtczizpQiH"/
Action.c(337):     >\n
Action.c(337):     <table border="0"><tr><td>&nbsp;</td>\n
Action.c(337):     <td>&nbsp;</td></tr>\n
Action.c(337):     <tr><td>&nbsp;</td>\n
Action.c(337):     <td>&nbsp;</td></tr>\n
Action.c(337):     <tr><td>&nbsp;</td>\n
Action.c(337):     <td><small>&nbsp;Username</small></td></tr>\n
Action.c(337):     <tr><td>&nbsp;</td>\n
Action.c(337):     <td><input type="text" name="username" value="" size="14" maxlength="14"/></td></tr>\n
Action.c(337):     <tr><td>&nbsp;</td>\n
Action.c(337):     <td><small>&nbsp;Password</small></td>\n
Action.c(337):     <tr><td>&nbsp;</td>\n
Action.c(337):     <td><input type="password" name="password" value="" size="14" maxlength="14"/></td></tr>\n
Action.c(337):     <tr><td>&nbsp;</td>\n
Action.c(337):     <td>&nbsp;</td></tr>\n
Action.c(337):     <tr><td>&nbsp;</td>\n
Action.c(337):     <td><input type="image" name="login" value="Login" alt="Login" border="1" \n
Action.c(337):     src="/WebTours/images/mer_login.gif"/></td></tr>\n
Action.c(337):     <tr><td>&nbsp;</td><td>&nbsp;</td></tr>\n
Action.c(337):     </table><input type="hidden" name="JSFormSubmit" value="off"/>\n
Action.c(337):     </form>\n
Action.c(337):     \n
Action.c(337):     </body>\n
Action.c(337):     </html>\n
Action.c(337): Resource "http://localhost:1080/WebTours/images/mer_login.gif" is in the cache already and will not be downloaded again  	[MsgId: MMSG-26655]
Action.c(337): t=1396841ms: 5-byte chunked response overhead for "http://localhost:1080/cgi-bin/nav.pl?in=home" (RelFrameId=1.1, Internal ID=131)
Action.c(337):     0\r\n
Action.c(337):     \r\n
Action.c(337): t=1396842ms: Request done "http://localhost:1080/cgi-bin/nav.pl?in=home"  	[MsgId: MMSG-26000]
Action.c(337): Registered web_reg_find successful for "Text=Welcome to the Web Tours site" (count=1)  	[MsgId: MMSG-26364]
Action.c(337): web_url("SignOff Button") was successful, 2173 body bytes, 584 header bytes, 24 chunking overhead bytes  	[MsgId: MMSG-26385]
Action.c(346): Notify: Transaction "LogOut" ended with a "Pass" status (Duration: 5,1063 Think Time: 5,0096 Wasted Time: 0,0000).	[MsgId: MMSG-16870]
Action.c(349): Notify: Transaction "UC1_Buy_Ticket" ended with a "Pass" status (Duration: 58,4670 Think Time: 40,0540 Wasted Time: 0,0039).	[MsgId: MMSG-16870]
Ending action Action.	[MsgId: MMSG-15918]
Action was aborted.	[MsgId: MMSG-10694]
Ending Vuser...	[MsgId: MMSG-15966]
Starting action vuser_end.	[MsgId: MMSG-15919]
Ending action vuser_end.	[MsgId: MMSG-15918]
Vuser Terminated.	[MsgId: MMSG-15963]
t=1396842ms: Closed connection [0] to localhost:1080 after completing 1 request(s)  	[MsgId: MMSG-26000]
t=1396842ms: Closed connection [1] to localhost:1080 after completing 1 request(s)  	[MsgId: MMSG-26000]
HTML-Mode memory management statistics: Reusable=10, NonReusable=0, CsMemBlockSize=4096, checks disabled  	[MsgId: MMSG-26000]
Vuser 12 (thread 5408), ended OK."	[MsgId: MMSG-10695]
